{"C:\\Users\\User\\OneDrive\\Desktop\\Jest\\procurement-back-host\\index.js": {"path":"C:\\Users\\User\\OneDrive\\Desktop\\Jest\\procurement-back-host\\index.js","statementMap":{"0":{"start":{"line":1,"column":16},"end":{"line":1,"column":34}},"1":{"start":{"line":2,"column":12},"end":{"line":2,"column":21}},"2":{"start":{"line":3,"column":13},"end":{"line":3,"column":28}},"3":{"start":{"line":4,"column":17},"end":{"line":4,"column":36}},"4":{"start":{"line":5,"column":15},"end":{"line":5,"column":32}},"5":{"start":{"line":6,"column":20},"end":{"line":6,"column":42}},"6":{"start":{"line":7,"column":0},"end":{"line":7,"column":27}},"7":{"start":{"line":9,"column":11},"end":{"line":9,"column":26}},"8":{"start":{"line":10,"column":0},"end":{"line":10,"column":41}},"9":{"start":{"line":12,"column":13},"end":{"line":12,"column":37}},"10":{"start":{"line":13,"column":14},"end":{"line":13,"column":39}},"11":{"start":{"line":14,"column":17},"end":{"line":14,"column":45}},"12":{"start":{"line":15,"column":14},"end":{"line":15,"column":39}},"13":{"start":{"line":16,"column":13},"end":{"line":16,"column":37}},"14":{"start":{"line":17,"column":12},"end":{"line":17,"column":35}},"15":{"start":{"line":18,"column":12},"end":{"line":18,"column":35}},"16":{"start":{"line":19,"column":13},"end":{"line":19,"column":37}},"17":{"start":{"line":20,"column":13},"end":{"line":20,"column":37}},"18":{"start":{"line":21,"column":18},"end":{"line":21,"column":47}},"19":{"start":{"line":22,"column":12},"end":{"line":22,"column":35}},"20":{"start":{"line":23,"column":12},"end":{"line":23,"column":35}},"21":{"start":{"line":26,"column":2},"end":{"line":28,"column":27}},"22":{"start":{"line":30,"column":0},"end":{"line":40,"column":5}},"23":{"start":{"line":36,"column":4},"end":{"line":36,"column":40}},"24":{"start":{"line":39,"column":4},"end":{"line":39,"column":53}},"25":{"start":{"line":42,"column":0},"end":{"line":42,"column":16}},"26":{"start":{"line":43,"column":0},"end":{"line":43,"column":24}},"27":{"start":{"line":44,"column":0},"end":{"line":44,"column":18}},"28":{"start":{"line":45,"column":0},"end":{"line":45,"column":23}},"29":{"start":{"line":47,"column":0},"end":{"line":47,"column":28}},"30":{"start":{"line":48,"column":0},"end":{"line":48,"column":32}},"31":{"start":{"line":49,"column":0},"end":{"line":49,"column":33}},"32":{"start":{"line":50,"column":0},"end":{"line":50,"column":33}},"33":{"start":{"line":51,"column":0},"end":{"line":51,"column":38}},"34":{"start":{"line":52,"column":0},"end":{"line":52,"column":39}},"35":{"start":{"line":53,"column":0},"end":{"line":53,"column":37}},"36":{"start":{"line":54,"column":0},"end":{"line":54,"column":33}},"37":{"start":{"line":55,"column":0},"end":{"line":55,"column":35}},"38":{"start":{"line":56,"column":0},"end":{"line":56,"column":33}},"39":{"start":{"line":57,"column":0},"end":{"line":57,"column":33}},"40":{"start":{"line":58,"column":0},"end":{"line":58,"column":31}},"41":{"start":{"line":59,"column":0},"end":{"line":59,"column":31}},"42":{"start":{"line":60,"column":0},"end":{"line":60,"column":29}},"43":{"start":{"line":61,"column":0},"end":{"line":61,"column":31}},"44":{"start":{"line":62,"column":0},"end":{"line":62,"column":29}},"45":{"start":{"line":63,"column":0},"end":{"line":63,"column":31}},"46":{"start":{"line":64,"column":0},"end":{"line":64,"column":33}},"47":{"start":{"line":65,"column":0},"end":{"line":65,"column":31}},"48":{"start":{"line":66,"column":0},"end":{"line":66,"column":35}},"49":{"start":{"line":67,"column":0},"end":{"line":67,"column":30}},"50":{"start":{"line":68,"column":0},"end":{"line":68,"column":37}},"51":{"start":{"line":69,"column":0},"end":{"line":69,"column":28}},"52":{"start":{"line":70,"column":0},"end":{"line":70,"column":36}},"53":{"start":{"line":72,"column":0},"end":{"line":74,"column":3}},"54":{"start":{"line":73,"column":2},"end":{"line":73,"column":44}},"55":{"start":{"line":76,"column":20},"end":{"line":76,"column":64}},"56":{"start":{"line":77,"column":13},"end":{"line":77,"column":44}},"57":{"start":{"line":79,"column":15},"end":{"line":81,"column":1}},"58":{"start":{"line":80,"column":2},"end":{"line":80,"column":46}},"59":{"start":{"line":83,"column":0},"end":{"line":83,"column":24}}},"fnMap":{"0":{"name":"(anonymous_0)","decl":{"start":{"line":35,"column":8},"end":{"line":35,"column":9}},"loc":{"start":{"line":35,"column":14},"end":{"line":37,"column":3}},"line":35},"1":{"name":"(anonymous_1)","decl":{"start":{"line":38,"column":9},"end":{"line":38,"column":10}},"loc":{"start":{"line":38,"column":18},"end":{"line":40,"column":3}},"line":38},"2":{"name":"(anonymous_2)","decl":{"start":{"line":72,"column":16},"end":{"line":72,"column":17}},"loc":{"start":{"line":72,"column":22},"end":{"line":74,"column":1}},"line":72},"3":{"name":"(anonymous_3)","decl":{"start":{"line":79,"column":32},"end":{"line":79,"column":33}},"loc":{"start":{"line":80,"column":2},"end":{"line":80,"column":46}},"line":80}},"branchMap":{"0":{"loc":{"start":{"line":26,"column":2},"end":{"line":28,"column":27}},"type":"cond-expr","locations":[{"start":{"line":27,"column":6},"end":{"line":27,"column":32}},{"start":{"line":28,"column":6},"end":{"line":28,"column":27}}],"line":26},"1":{"loc":{"start":{"line":76,"column":20},"end":{"line":76,"column":64}},"type":"cond-expr","locations":[{"start":{"line":76,"column":53},"end":{"line":76,"column":57}},{"start":{"line":76,"column":60},"end":{"line":76,"column":64}}],"line":76},"2":{"loc":{"start":{"line":77,"column":13},"end":{"line":77,"column":44}},"type":"binary-expr","locations":[{"start":{"line":77,"column":13},"end":{"line":77,"column":29}},{"start":{"line":77,"column":33},"end":{"line":77,"column":44}}],"line":77}},"s":{"0":4,"1":4,"2":4,"3":4,"4":4,"5":4,"6":4,"7":4,"8":4,"9":4,"10":4,"11":4,"12":4,"13":4,"14":4,"15":4,"16":4,"17":4,"18":4,"19":4,"20":4,"21":4,"22":4,"23":4,"24":0,"25":4,"26":4,"27":4,"28":4,"29":4,"30":4,"31":4,"32":4,"33":4,"34":4,"35":4,"36":4,"37":4,"38":4,"39":4,"40":4,"41":4,"42":4,"43":4,"44":4,"45":4,"46":4,"47":4,"48":4,"49":4,"50":4,"51":4,"52":4,"53":4,"54":0,"55":4,"56":4,"57":4,"58":4,"59":4},"f":{"0":4,"1":0,"2":0,"3":4},"b":{"0":[4,0],"1":[4,0],"2":[4,4]},"_coverageSchema":"1a1c01bbd47fc00a2c39e90264f33305004495a9","hash":"1e0f0c51a0dc7322c02e0763d3e836de270aa4e2"}
,"C:\\Users\\User\\OneDrive\\Desktop\\Jest\\procurement-back-host\\controllers\\auth.js": {"path":"C:\\Users\\User\\OneDrive\\Desktop\\Jest\\procurement-back-host\\controllers\\auth.js","statementMap":{"0":{"start":{"line":1,"column":15},"end":{"line":1,"column":32}},"1":{"start":{"line":2,"column":12},"end":{"line":2,"column":35}},"2":{"start":{"line":4,"column":17},"end":{"line":4,"column":49}},"3":{"start":{"line":6,"column":0},"end":{"line":38,"column":2}},"4":{"start":{"line":7,"column":2},"end":{"line":37,"column":3}},"5":{"start":{"line":10,"column":15},"end":{"line":10,"column":60}},"6":{"start":{"line":11,"column":4},"end":{"line":11,"column":61}},"7":{"start":{"line":11,"column":15},"end":{"line":11,"column":61}},"8":{"start":{"line":15,"column":26},"end":{"line":18,"column":5}},"9":{"start":{"line":19,"column":4},"end":{"line":19,"column":73}},"10":{"start":{"line":19,"column":24},"end":{"line":19,"column":73}},"11":{"start":{"line":23,"column":18},"end":{"line":26,"column":5}},"12":{"start":{"line":28,"column":4},"end":{"line":32,"column":7}},"13":{"start":{"line":33,"column":4},"end":{"line":33,"column":11}},"14":{"start":{"line":35,"column":4},"end":{"line":35,"column":45}},"15":{"start":{"line":36,"column":4},"end":{"line":36,"column":32}}},"fnMap":{"0":{"name":"(anonymous_0)","decl":{"start":{"line":6,"column":20},"end":{"line":6,"column":21}},"loc":{"start":{"line":6,"column":40},"end":{"line":38,"column":1}},"line":6}},"branchMap":{"0":{"loc":{"start":{"line":11,"column":4},"end":{"line":11,"column":61}},"type":"if","locations":[{"start":{"line":11,"column":4},"end":{"line":11,"column":61}},{"start":{"line":11,"column":4},"end":{"line":11,"column":61}}],"line":11},"1":{"loc":{"start":{"line":19,"column":4},"end":{"line":19,"column":73}},"type":"if","locations":[{"start":{"line":19,"column":4},"end":{"line":19,"column":73}},{"start":{"line":19,"column":4},"end":{"line":19,"column":73}}],"line":19}},"s":{"0":4,"1":4,"2":4,"3":4,"4":0,"5":0,"6":0,"7":0,"8":0,"9":0,"10":0,"11":0,"12":0,"13":0,"14":0,"15":0},"f":{"0":0},"b":{"0":[0,0],"1":[0,0]},"_coverageSchema":"1a1c01bbd47fc00a2c39e90264f33305004495a9","hash":"6dc8ddfdcb17dad08c3a310fd0cd1bc6fbedcc4b"}
,"C:\\Users\\User\\OneDrive\\Desktop\\Jest\\procurement-back-host\\controllers\\durs.js": {"path":"C:\\Users\\User\\OneDrive\\Desktop\\Jest\\procurement-back-host\\controllers\\durs.js","statementMap":{"0":{"start":{"line":1,"column":24},"end":{"line":1,"column":63}},"1":{"start":{"line":2,"column":17},"end":{"line":2,"column":49}},"2":{"start":{"line":3,"column":17},"end":{"line":3,"column":49}},"3":{"start":{"line":4,"column":17},"end":{"line":4,"column":51}},"4":{"start":{"line":6,"column":30},"end":{"line":6,"column":55}},"5":{"start":{"line":8,"column":0},"end":{"line":56,"column":2}},"6":{"start":{"line":9,"column":2},"end":{"line":55,"column":3}},"7":{"start":{"line":10,"column":14},"end":{"line":12,"column":6}},"8":{"start":{"line":13,"column":4},"end":{"line":16,"column":69}},"9":{"start":{"line":14,"column":6},"end":{"line":16,"column":69}},"10":{"start":{"line":18,"column":25},"end":{"line":25,"column":6}},"11":{"start":{"line":26,"column":4},"end":{"line":26,"column":32}},"12":{"start":{"line":29,"column":4},"end":{"line":48,"column":7}},"13":{"start":{"line":30,"column":6},"end":{"line":47,"column":11}},"14":{"start":{"line":32,"column":10},"end":{"line":32,"column":73}},"15":{"start":{"line":33,"column":10},"end":{"line":33,"column":22}},"16":{"start":{"line":35,"column":10},"end":{"line":35,"column":22}},"17":{"start":{"line":38,"column":10},"end":{"line":46,"column":11}},"18":{"start":{"line":39,"column":12},"end":{"line":45,"column":17}},"19":{"start":{"line":42,"column":29},"end":{"line":42,"column":31}},"20":{"start":{"line":43,"column":16},"end":{"line":43,"column":55}},"21":{"start":{"line":43,"column":33},"end":{"line":43,"column":53}},"22":{"start":{"line":44,"column":16},"end":{"line":44,"column":48}},"23":{"start":{"line":50,"column":4},"end":{"line":50,"column":62}},"24":{"start":{"line":51,"column":4},"end":{"line":51,"column":11}},"25":{"start":{"line":53,"column":4},"end":{"line":53,"column":50}},"26":{"start":{"line":54,"column":4},"end":{"line":54,"column":32}},"27":{"start":{"line":58,"column":0},"end":{"line":76,"column":2}},"28":{"start":{"line":59,"column":2},"end":{"line":75,"column":3}},"29":{"start":{"line":60,"column":16},"end":{"line":67,"column":8}},"30":{"start":{"line":69,"column":4},"end":{"line":69,"column":71}},"31":{"start":{"line":69,"column":26},"end":{"line":69,"column":71}},"32":{"start":{"line":71,"column":4},"end":{"line":71,"column":30}},"33":{"start":{"line":73,"column":4},"end":{"line":73,"column":52}},"34":{"start":{"line":74,"column":4},"end":{"line":74,"column":32}},"35":{"start":{"line":78,"column":0},"end":{"line":100,"column":2}},"36":{"start":{"line":79,"column":2},"end":{"line":99,"column":3}},"37":{"start":{"line":80,"column":15},"end":{"line":80,"column":28}},"38":{"start":{"line":82,"column":4},"end":{"line":82,"column":73}},"39":{"start":{"line":82,"column":31},"end":{"line":82,"column":73}},"40":{"start":{"line":84,"column":16},"end":{"line":91,"column":8}},"41":{"start":{"line":93,"column":4},"end":{"line":93,"column":59}},"42":{"start":{"line":93,"column":14},"end":{"line":93,"column":59}},"43":{"start":{"line":95,"column":4},"end":{"line":95,"column":30}},"44":{"start":{"line":97,"column":4},"end":{"line":97,"column":51}},"45":{"start":{"line":98,"column":4},"end":{"line":98,"column":32}}},"fnMap":{"0":{"name":"(anonymous_0)","decl":{"start":{"line":8,"column":20},"end":{"line":8,"column":21}},"loc":{"start":{"line":8,"column":40},"end":{"line":56,"column":1}},"line":8},"1":{"name":"(anonymous_1)","decl":{"start":{"line":29,"column":33},"end":{"line":29,"column":34}},"loc":{"start":{"line":29,"column":40},"end":{"line":48,"column":5}},"line":29},"2":{"name":"(anonymous_2)","decl":{"start":{"line":31,"column":14},"end":{"line":31,"column":15}},"loc":{"start":{"line":31,"column":24},"end":{"line":36,"column":9}},"line":31},"3":{"name":"(anonymous_3)","decl":{"start":{"line":37,"column":14},"end":{"line":37,"column":15}},"loc":{"start":{"line":37,"column":24},"end":{"line":47,"column":9}},"line":37},"4":{"name":"(anonymous_4)","decl":{"start":{"line":41,"column":20},"end":{"line":41,"column":21}},"loc":{"start":{"line":41,"column":27},"end":{"line":45,"column":15}},"line":41},"5":{"name":"(anonymous_5)","decl":{"start":{"line":43,"column":26},"end":{"line":43,"column":27}},"loc":{"start":{"line":43,"column":33},"end":{"line":43,"column":53}},"line":43},"6":{"name":"(anonymous_6)","decl":{"start":{"line":58,"column":21},"end":{"line":58,"column":22}},"loc":{"start":{"line":58,"column":47},"end":{"line":76,"column":1}},"line":58},"7":{"name":"(anonymous_7)","decl":{"start":{"line":78,"column":20},"end":{"line":78,"column":21}},"loc":{"start":{"line":78,"column":46},"end":{"line":100,"column":1}},"line":78}},"branchMap":{"0":{"loc":{"start":{"line":13,"column":4},"end":{"line":16,"column":69}},"type":"if","locations":[{"start":{"line":13,"column":4},"end":{"line":16,"column":69}},{"start":{"line":13,"column":4},"end":{"line":16,"column":69}}],"line":13},"1":{"loc":{"start":{"line":38,"column":10},"end":{"line":46,"column":11}},"type":"if","locations":[{"start":{"line":38,"column":10},"end":{"line":46,"column":11}},{"start":{"line":38,"column":10},"end":{"line":46,"column":11}}],"line":38},"2":{"loc":{"start":{"line":69,"column":4},"end":{"line":69,"column":71}},"type":"if","locations":[{"start":{"line":69,"column":4},"end":{"line":69,"column":71}},{"start":{"line":69,"column":4},"end":{"line":69,"column":71}}],"line":69},"3":{"loc":{"start":{"line":82,"column":4},"end":{"line":82,"column":73}},"type":"if","locations":[{"start":{"line":82,"column":4},"end":{"line":82,"column":73}},{"start":{"line":82,"column":4},"end":{"line":82,"column":73}}],"line":82},"4":{"loc":{"start":{"line":93,"column":4},"end":{"line":93,"column":59}},"type":"if","locations":[{"start":{"line":93,"column":4},"end":{"line":93,"column":59}},{"start":{"line":93,"column":4},"end":{"line":93,"column":59}}],"line":93}},"s":{"0":4,"1":4,"2":4,"3":4,"4":4,"5":4,"6":0,"7":0,"8":0,"9":0,"10":0,"11":0,"12":0,"13":0,"14":0,"15":0,"16":0,"17":0,"18":0,"19":0,"20":0,"21":0,"22":0,"23":0,"24":0,"25":0,"26":0,"27":4,"28":0,"29":0,"30":0,"31":0,"32":0,"33":0,"34":0,"35":4,"36":0,"37":0,"38":0,"39":0,"40":0,"41":0,"42":0,"43":0,"44":0,"45":0},"f":{"0":0,"1":0,"2":0,"3":0,"4":0,"5":0,"6":0,"7":0},"b":{"0":[0,0],"1":[0,0],"2":[0,0],"3":[0,0],"4":[0,0]},"_coverageSchema":"1a1c01bbd47fc00a2c39e90264f33305004495a9","hash":"7b45a01e7ab2874e3ffdbb007ec2324b4f49cbe7"}
,"C:\\Users\\User\\OneDrive\\Desktop\\Jest\\procurement-back-host\\controllers\\grns.js": {"path":"C:\\Users\\User\\OneDrive\\Desktop\\Jest\\procurement-back-host\\controllers\\grns.js","statementMap":{"0":{"start":{"line":1,"column":15},"end":{"line":1,"column":45}},"1":{"start":{"line":2,"column":16},"end":{"line":2,"column":47}},"2":{"start":{"line":3,"column":17},"end":{"line":3,"column":49}},"3":{"start":{"line":4,"column":17},"end":{"line":4,"column":49}},"4":{"start":{"line":5,"column":20},"end":{"line":5,"column":55}},"5":{"start":{"line":6,"column":17},"end":{"line":6,"column":51}},"6":{"start":{"line":8,"column":0},"end":{"line":100,"column":2}},"7":{"start":{"line":9,"column":2},"end":{"line":99,"column":3}},"8":{"start":{"line":10,"column":14},"end":{"line":12,"column":6}},"9":{"start":{"line":13,"column":4},"end":{"line":14,"column":75}},"10":{"start":{"line":14,"column":6},"end":{"line":14,"column":75}},"11":{"start":{"line":16,"column":17},"end":{"line":28,"column":6}},"12":{"start":{"line":29,"column":17},"end":{"line":29,"column":36}},"13":{"start":{"line":32,"column":15},"end":{"line":32,"column":45}},"14":{"start":{"line":33,"column":4},"end":{"line":33,"column":29}},"15":{"start":{"line":34,"column":4},"end":{"line":34,"column":20}},"16":{"start":{"line":37,"column":17},"end":{"line":37,"column":18}},"17":{"start":{"line":38,"column":4},"end":{"line":41,"column":7}},"18":{"start":{"line":39,"column":18},"end":{"line":39,"column":61}},"19":{"start":{"line":40,"column":6},"end":{"line":40,"column":30}},"20":{"start":{"line":44,"column":4},"end":{"line":61,"column":5}},"21":{"start":{"line":45,"column":23},"end":{"line":47,"column":7}},"22":{"start":{"line":48,"column":6},"end":{"line":52,"column":7}},"23":{"start":{"line":49,"column":8},"end":{"line":49,"column":71}},"24":{"start":{"line":51,"column":8},"end":{"line":51,"column":33}},"25":{"start":{"line":54,"column":6},"end":{"line":57,"column":7}},"26":{"start":{"line":55,"column":8},"end":{"line":56,"column":51}},"27":{"start":{"line":56,"column":10},"end":{"line":56,"column":51}},"28":{"start":{"line":58,"column":6},"end":{"line":58,"column":45}},"29":{"start":{"line":60,"column":6},"end":{"line":60,"column":22}},"30":{"start":{"line":64,"column":4},"end":{"line":82,"column":7}},"31":{"start":{"line":65,"column":6},"end":{"line":81,"column":9}},"32":{"start":{"line":66,"column":8},"end":{"line":66,"column":75}},"33":{"start":{"line":68,"column":8},"end":{"line":71,"column":9}},"34":{"start":{"line":69,"column":10},"end":{"line":70,"column":49}},"35":{"start":{"line":70,"column":12},"end":{"line":70,"column":49}},"36":{"start":{"line":72,"column":8},"end":{"line":72,"column":43}},"37":{"start":{"line":74,"column":8},"end":{"line":77,"column":9}},"38":{"start":{"line":75,"column":10},"end":{"line":76,"column":55}},"39":{"start":{"line":76,"column":12},"end":{"line":76,"column":55}},"40":{"start":{"line":78,"column":8},"end":{"line":78,"column":49}},"41":{"start":{"line":80,"column":8},"end":{"line":80,"column":20}},"42":{"start":{"line":85,"column":20},"end":{"line":85,"column":62}},"43":{"start":{"line":86,"column":4},"end":{"line":89,"column":5}},"44":{"start":{"line":87,"column":6},"end":{"line":88,"column":54}},"45":{"start":{"line":88,"column":8},"end":{"line":88,"column":54}},"46":{"start":{"line":90,"column":4},"end":{"line":90,"column":48}},"47":{"start":{"line":91,"column":4},"end":{"line":91,"column":25}},"48":{"start":{"line":93,"column":4},"end":{"line":93,"column":65}},"49":{"start":{"line":93,"column":16},"end":{"line":93,"column":65}},"50":{"start":{"line":95,"column":4},"end":{"line":95,"column":11}},"51":{"start":{"line":97,"column":4},"end":{"line":97,"column":50}},"52":{"start":{"line":98,"column":4},"end":{"line":98,"column":32}},"53":{"start":{"line":102,"column":0},"end":{"line":136,"column":2}},"54":{"start":{"line":103,"column":2},"end":{"line":135,"column":3}},"55":{"start":{"line":104,"column":17},"end":{"line":127,"column":8}},"56":{"start":{"line":129,"column":4},"end":{"line":129,"column":72}},"57":{"start":{"line":129,"column":27},"end":{"line":129,"column":72}},"58":{"start":{"line":131,"column":4},"end":{"line":131,"column":31}},"59":{"start":{"line":133,"column":4},"end":{"line":133,"column":52}},"60":{"start":{"line":134,"column":4},"end":{"line":134,"column":32}},"61":{"start":{"line":138,"column":0},"end":{"line":175,"column":2}},"62":{"start":{"line":139,"column":2},"end":{"line":174,"column":3}},"63":{"start":{"line":140,"column":15},"end":{"line":140,"column":28}},"64":{"start":{"line":141,"column":4},"end":{"line":141,"column":73}},"65":{"start":{"line":141,"column":31},"end":{"line":141,"column":73}},"66":{"start":{"line":143,"column":17},"end":{"line":166,"column":8}},"67":{"start":{"line":168,"column":4},"end":{"line":168,"column":60}},"68":{"start":{"line":168,"column":15},"end":{"line":168,"column":60}},"69":{"start":{"line":170,"column":4},"end":{"line":170,"column":31}},"70":{"start":{"line":172,"column":4},"end":{"line":172,"column":51}},"71":{"start":{"line":173,"column":4},"end":{"line":173,"column":32}}},"fnMap":{"0":{"name":"(anonymous_0)","decl":{"start":{"line":8,"column":20},"end":{"line":8,"column":21}},"loc":{"start":{"line":8,"column":40},"end":{"line":100,"column":1}},"line":8},"1":{"name":"(anonymous_1)","decl":{"start":{"line":38,"column":30},"end":{"line":38,"column":31}},"loc":{"start":{"line":38,"column":37},"end":{"line":41,"column":5}},"line":38},"2":{"name":"(anonymous_2)","decl":{"start":{"line":64,"column":30},"end":{"line":64,"column":31}},"loc":{"start":{"line":64,"column":37},"end":{"line":82,"column":5}},"line":64},"3":{"name":"(anonymous_3)","decl":{"start":{"line":65,"column":49},"end":{"line":65,"column":50}},"loc":{"start":{"line":65,"column":59},"end":{"line":81,"column":7}},"line":65},"4":{"name":"(anonymous_4)","decl":{"start":{"line":102,"column":21},"end":{"line":102,"column":22}},"loc":{"start":{"line":102,"column":47},"end":{"line":136,"column":1}},"line":102},"5":{"name":"(anonymous_5)","decl":{"start":{"line":138,"column":20},"end":{"line":138,"column":21}},"loc":{"start":{"line":138,"column":46},"end":{"line":175,"column":1}},"line":138}},"branchMap":{"0":{"loc":{"start":{"line":13,"column":4},"end":{"line":14,"column":75}},"type":"if","locations":[{"start":{"line":13,"column":4},"end":{"line":14,"column":75}},{"start":{"line":13,"column":4},"end":{"line":14,"column":75}}],"line":13},"1":{"loc":{"start":{"line":44,"column":4},"end":{"line":61,"column":5}},"type":"if","locations":[{"start":{"line":44,"column":4},"end":{"line":61,"column":5}},{"start":{"line":44,"column":4},"end":{"line":61,"column":5}}],"line":44},"2":{"loc":{"start":{"line":48,"column":6},"end":{"line":52,"column":7}},"type":"if","locations":[{"start":{"line":48,"column":6},"end":{"line":52,"column":7}},{"start":{"line":48,"column":6},"end":{"line":52,"column":7}}],"line":48},"3":{"loc":{"start":{"line":54,"column":6},"end":{"line":57,"column":7}},"type":"if","locations":[{"start":{"line":54,"column":6},"end":{"line":57,"column":7}},{"start":{"line":54,"column":6},"end":{"line":57,"column":7}}],"line":54},"4":{"loc":{"start":{"line":55,"column":8},"end":{"line":56,"column":51}},"type":"if","locations":[{"start":{"line":55,"column":8},"end":{"line":56,"column":51}},{"start":{"line":55,"column":8},"end":{"line":56,"column":51}}],"line":55},"5":{"loc":{"start":{"line":68,"column":8},"end":{"line":71,"column":9}},"type":"if","locations":[{"start":{"line":68,"column":8},"end":{"line":71,"column":9}},{"start":{"line":68,"column":8},"end":{"line":71,"column":9}}],"line":68},"6":{"loc":{"start":{"line":69,"column":10},"end":{"line":70,"column":49}},"type":"if","locations":[{"start":{"line":69,"column":10},"end":{"line":70,"column":49}},{"start":{"line":69,"column":10},"end":{"line":70,"column":49}}],"line":69},"7":{"loc":{"start":{"line":74,"column":8},"end":{"line":77,"column":9}},"type":"if","locations":[{"start":{"line":74,"column":8},"end":{"line":77,"column":9}},{"start":{"line":74,"column":8},"end":{"line":77,"column":9}}],"line":74},"8":{"loc":{"start":{"line":75,"column":10},"end":{"line":76,"column":55}},"type":"if","locations":[{"start":{"line":75,"column":10},"end":{"line":76,"column":55}},{"start":{"line":75,"column":10},"end":{"line":76,"column":55}}],"line":75},"9":{"loc":{"start":{"line":86,"column":4},"end":{"line":89,"column":5}},"type":"if","locations":[{"start":{"line":86,"column":4},"end":{"line":89,"column":5}},{"start":{"line":86,"column":4},"end":{"line":89,"column":5}}],"line":86},"10":{"loc":{"start":{"line":87,"column":6},"end":{"line":88,"column":54}},"type":"if","locations":[{"start":{"line":87,"column":6},"end":{"line":88,"column":54}},{"start":{"line":87,"column":6},"end":{"line":88,"column":54}}],"line":87},"11":{"loc":{"start":{"line":93,"column":4},"end":{"line":93,"column":65}},"type":"if","locations":[{"start":{"line":93,"column":4},"end":{"line":93,"column":65}},{"start":{"line":93,"column":4},"end":{"line":93,"column":65}}],"line":93},"12":{"loc":{"start":{"line":129,"column":4},"end":{"line":129,"column":72}},"type":"if","locations":[{"start":{"line":129,"column":4},"end":{"line":129,"column":72}},{"start":{"line":129,"column":4},"end":{"line":129,"column":72}}],"line":129},"13":{"loc":{"start":{"line":141,"column":4},"end":{"line":141,"column":73}},"type":"if","locations":[{"start":{"line":141,"column":4},"end":{"line":141,"column":73}},{"start":{"line":141,"column":4},"end":{"line":141,"column":73}}],"line":141},"14":{"loc":{"start":{"line":168,"column":4},"end":{"line":168,"column":60}},"type":"if","locations":[{"start":{"line":168,"column":4},"end":{"line":168,"column":60}},{"start":{"line":168,"column":4},"end":{"line":168,"column":60}}],"line":168}},"s":{"0":4,"1":4,"2":4,"3":4,"4":4,"5":4,"6":4,"7":0,"8":0,"9":0,"10":0,"11":0,"12":0,"13":0,"14":0,"15":0,"16":0,"17":0,"18":0,"19":0,"20":0,"21":0,"22":0,"23":0,"24":0,"25":0,"26":0,"27":0,"28":0,"29":0,"30":0,"31":0,"32":0,"33":0,"34":0,"35":0,"36":0,"37":0,"38":0,"39":0,"40":0,"41":0,"42":0,"43":0,"44":0,"45":0,"46":0,"47":0,"48":0,"49":0,"50":0,"51":0,"52":0,"53":4,"54":0,"55":0,"56":0,"57":0,"58":0,"59":0,"60":0,"61":4,"62":0,"63":0,"64":0,"65":0,"66":0,"67":0,"68":0,"69":0,"70":0,"71":0},"f":{"0":0,"1":0,"2":0,"3":0,"4":0,"5":0},"b":{"0":[0,0],"1":[0,0],"2":[0,0],"3":[0,0],"4":[0,0],"5":[0,0],"6":[0,0],"7":[0,0],"8":[0,0],"9":[0,0],"10":[0,0],"11":[0,0],"12":[0,0],"13":[0,0],"14":[0,0]},"_coverageSchema":"1a1c01bbd47fc00a2c39e90264f33305004495a9","hash":"5ed0cb4b59416cad6e38abe3c8411baf7796fdd6"}
,"C:\\Users\\User\\OneDrive\\Desktop\\Jest\\procurement-back-host\\controllers\\items.js": {"path":"C:\\Users\\User\\OneDrive\\Desktop\\Jest\\procurement-back-host\\controllers\\items.js","statementMap":{"0":{"start":{"line":1,"column":17},"end":{"line":1,"column":49}},"1":{"start":{"line":2,"column":17},"end":{"line":2,"column":51}},"2":{"start":{"line":4,"column":0},"end":{"line":27,"column":2}},"3":{"start":{"line":5,"column":2},"end":{"line":26,"column":3}},"4":{"start":{"line":6,"column":15},"end":{"line":8,"column":6}},"5":{"start":{"line":9,"column":4},"end":{"line":9,"column":78}},"6":{"start":{"line":9,"column":27},"end":{"line":9,"column":78}},"7":{"start":{"line":11,"column":18},"end":{"line":17,"column":6}},"8":{"start":{"line":19,"column":4},"end":{"line":19,"column":25}},"9":{"start":{"line":21,"column":4},"end":{"line":21,"column":52}},"10":{"start":{"line":22,"column":4},"end":{"line":22,"column":11}},"11":{"start":{"line":24,"column":4},"end":{"line":24,"column":51}},"12":{"start":{"line":25,"column":4},"end":{"line":25,"column":32}},"13":{"start":{"line":29,"column":0},"end":{"line":40,"column":2}},"14":{"start":{"line":30,"column":2},"end":{"line":39,"column":3}},"15":{"start":{"line":31,"column":18},"end":{"line":31,"column":64}},"16":{"start":{"line":33,"column":4},"end":{"line":33,"column":74}},"17":{"start":{"line":33,"column":28},"end":{"line":33,"column":74}},"18":{"start":{"line":35,"column":4},"end":{"line":35,"column":32}},"19":{"start":{"line":37,"column":4},"end":{"line":37,"column":53}},"20":{"start":{"line":38,"column":4},"end":{"line":38,"column":32}},"21":{"start":{"line":42,"column":0},"end":{"line":56,"column":2}},"22":{"start":{"line":43,"column":2},"end":{"line":55,"column":3}},"23":{"start":{"line":44,"column":15},"end":{"line":44,"column":28}},"24":{"start":{"line":45,"column":4},"end":{"line":45,"column":73}},"25":{"start":{"line":45,"column":31},"end":{"line":45,"column":73}},"26":{"start":{"line":47,"column":17},"end":{"line":47,"column":40}},"27":{"start":{"line":49,"column":4},"end":{"line":49,"column":61}},"28":{"start":{"line":49,"column":15},"end":{"line":49,"column":61}},"29":{"start":{"line":51,"column":4},"end":{"line":51,"column":31}},"30":{"start":{"line":53,"column":4},"end":{"line":53,"column":52}},"31":{"start":{"line":54,"column":4},"end":{"line":54,"column":32}},"32":{"start":{"line":58,"column":0},"end":{"line":78,"column":2}},"33":{"start":{"line":59,"column":2},"end":{"line":77,"column":3}},"34":{"start":{"line":60,"column":4},"end":{"line":61,"column":48}},"35":{"start":{"line":61,"column":6},"end":{"line":61,"column":48}},"36":{"start":{"line":63,"column":17},"end":{"line":63,"column":50}},"37":{"start":{"line":65,"column":4},"end":{"line":65,"column":61}},"38":{"start":{"line":65,"column":15},"end":{"line":65,"column":61}},"39":{"start":{"line":67,"column":4},"end":{"line":67,"column":30}},"40":{"start":{"line":68,"column":4},"end":{"line":68,"column":30}},"41":{"start":{"line":69,"column":4},"end":{"line":69,"column":30}},"42":{"start":{"line":70,"column":4},"end":{"line":70,"column":38}},"43":{"start":{"line":72,"column":4},"end":{"line":72,"column":22}},"44":{"start":{"line":73,"column":4},"end":{"line":73,"column":66}},"45":{"start":{"line":75,"column":4},"end":{"line":75,"column":51}},"46":{"start":{"line":76,"column":4},"end":{"line":76,"column":32}}},"fnMap":{"0":{"name":"(anonymous_0)","decl":{"start":{"line":4,"column":18},"end":{"line":4,"column":19}},"loc":{"start":{"line":4,"column":38},"end":{"line":27,"column":1}},"line":4},"1":{"name":"(anonymous_1)","decl":{"start":{"line":29,"column":22},"end":{"line":29,"column":23}},"loc":{"start":{"line":29,"column":48},"end":{"line":40,"column":1}},"line":29},"2":{"name":"(anonymous_2)","decl":{"start":{"line":42,"column":21},"end":{"line":42,"column":22}},"loc":{"start":{"line":42,"column":47},"end":{"line":56,"column":1}},"line":42},"3":{"name":"(anonymous_3)","decl":{"start":{"line":58,"column":21},"end":{"line":58,"column":22}},"loc":{"start":{"line":58,"column":47},"end":{"line":78,"column":1}},"line":58}},"branchMap":{"0":{"loc":{"start":{"line":9,"column":4},"end":{"line":9,"column":78}},"type":"if","locations":[{"start":{"line":9,"column":4},"end":{"line":9,"column":78}},{"start":{"line":9,"column":4},"end":{"line":9,"column":78}}],"line":9},"1":{"loc":{"start":{"line":33,"column":4},"end":{"line":33,"column":74}},"type":"if","locations":[{"start":{"line":33,"column":4},"end":{"line":33,"column":74}},{"start":{"line":33,"column":4},"end":{"line":33,"column":74}}],"line":33},"2":{"loc":{"start":{"line":45,"column":4},"end":{"line":45,"column":73}},"type":"if","locations":[{"start":{"line":45,"column":4},"end":{"line":45,"column":73}},{"start":{"line":45,"column":4},"end":{"line":45,"column":73}}],"line":45},"3":{"loc":{"start":{"line":49,"column":4},"end":{"line":49,"column":61}},"type":"if","locations":[{"start":{"line":49,"column":4},"end":{"line":49,"column":61}},{"start":{"line":49,"column":4},"end":{"line":49,"column":61}}],"line":49},"4":{"loc":{"start":{"line":60,"column":4},"end":{"line":61,"column":48}},"type":"if","locations":[{"start":{"line":60,"column":4},"end":{"line":61,"column":48}},{"start":{"line":60,"column":4},"end":{"line":61,"column":48}}],"line":60},"5":{"loc":{"start":{"line":65,"column":4},"end":{"line":65,"column":61}},"type":"if","locations":[{"start":{"line":65,"column":4},"end":{"line":65,"column":61}},{"start":{"line":65,"column":4},"end":{"line":65,"column":61}}],"line":65}},"s":{"0":4,"1":4,"2":4,"3":0,"4":0,"5":0,"6":0,"7":0,"8":0,"9":0,"10":0,"11":0,"12":0,"13":4,"14":0,"15":0,"16":0,"17":0,"18":0,"19":0,"20":0,"21":4,"22":0,"23":0,"24":0,"25":0,"26":0,"27":0,"28":0,"29":0,"30":0,"31":0,"32":4,"33":0,"34":0,"35":0,"36":0,"37":0,"38":0,"39":0,"40":0,"41":0,"42":0,"43":0,"44":0,"45":0,"46":0},"f":{"0":0,"1":0,"2":0,"3":0},"b":{"0":[0,0],"1":[0,0],"2":[0,0],"3":[0,0],"4":[0,0],"5":[0,0]},"_coverageSchema":"1a1c01bbd47fc00a2c39e90264f33305004495a9","hash":"82e87b43f77a55ee64469e9a1a66f68aa6be10e9"}
,"C:\\Users\\User\\OneDrive\\Desktop\\Jest\\procurement-back-host\\controllers\\msrs.js": {"path":"C:\\Users\\User\\OneDrive\\Desktop\\Jest\\procurement-back-host\\controllers\\msrs.js","statementMap":{"0":{"start":{"line":1,"column":16},"end":{"line":1,"column":47}},"1":{"start":{"line":2,"column":17},"end":{"line":2,"column":51}},"2":{"start":{"line":4,"column":0},"end":{"line":31,"column":2}},"3":{"start":{"line":5,"column":2},"end":{"line":30,"column":3}},"4":{"start":{"line":6,"column":14},"end":{"line":6,"column":66}},"5":{"start":{"line":7,"column":4},"end":{"line":10,"column":63}},"6":{"start":{"line":8,"column":6},"end":{"line":10,"column":63}},"7":{"start":{"line":12,"column":17},"end":{"line":20,"column":6}},"8":{"start":{"line":22,"column":4},"end":{"line":22,"column":24}},"9":{"start":{"line":24,"column":4},"end":{"line":24,"column":53}},"10":{"start":{"line":26,"column":4},"end":{"line":26,"column":11}},"11":{"start":{"line":28,"column":4},"end":{"line":28,"column":50}},"12":{"start":{"line":29,"column":4},"end":{"line":29,"column":32}},"13":{"start":{"line":33,"column":0},"end":{"line":48,"column":2}},"14":{"start":{"line":34,"column":2},"end":{"line":47,"column":3}},"15":{"start":{"line":35,"column":17},"end":{"line":39,"column":26}},"16":{"start":{"line":41,"column":4},"end":{"line":41,"column":72}},"17":{"start":{"line":41,"column":27},"end":{"line":41,"column":72}},"18":{"start":{"line":43,"column":4},"end":{"line":43,"column":31}},"19":{"start":{"line":45,"column":4},"end":{"line":45,"column":52}},"20":{"start":{"line":46,"column":4},"end":{"line":46,"column":32}},"21":{"start":{"line":50,"column":0},"end":{"line":68,"column":2}},"22":{"start":{"line":51,"column":2},"end":{"line":67,"column":3}},"23":{"start":{"line":52,"column":4},"end":{"line":53,"column":48}},"24":{"start":{"line":53,"column":6},"end":{"line":53,"column":48}},"25":{"start":{"line":55,"column":16},"end":{"line":59,"column":26}},"26":{"start":{"line":61,"column":4},"end":{"line":61,"column":59}},"27":{"start":{"line":61,"column":14},"end":{"line":61,"column":59}},"28":{"start":{"line":63,"column":4},"end":{"line":63,"column":30}},"29":{"start":{"line":65,"column":4},"end":{"line":65,"column":51}},"30":{"start":{"line":66,"column":4},"end":{"line":66,"column":32}},"31":{"start":{"line":70,"column":0},"end":{"line":94,"column":2}},"32":{"start":{"line":71,"column":2},"end":{"line":93,"column":3}},"33":{"start":{"line":72,"column":4},"end":{"line":73,"column":48}},"34":{"start":{"line":73,"column":6},"end":{"line":73,"column":48}},"35":{"start":{"line":75,"column":16},"end":{"line":77,"column":42}},"36":{"start":{"line":79,"column":4},"end":{"line":79,"column":59}},"37":{"start":{"line":79,"column":14},"end":{"line":79,"column":59}},"38":{"start":{"line":81,"column":4},"end":{"line":81,"column":35}},"39":{"start":{"line":82,"column":4},"end":{"line":82,"column":35}},"40":{"start":{"line":83,"column":4},"end":{"line":83,"column":35}},"41":{"start":{"line":84,"column":4},"end":{"line":86,"column":5}},"42":{"start":{"line":85,"column":6},"end":{"line":85,"column":31}},"43":{"start":{"line":87,"column":4},"end":{"line":87,"column":21}},"44":{"start":{"line":89,"column":4},"end":{"line":89,"column":66}},"45":{"start":{"line":91,"column":4},"end":{"line":91,"column":50}},"46":{"start":{"line":92,"column":4},"end":{"line":92,"column":32}},"47":{"start":{"line":96,"column":0},"end":{"line":113,"column":2}},"48":{"start":{"line":97,"column":2},"end":{"line":112,"column":3}},"49":{"start":{"line":98,"column":4},"end":{"line":99,"column":48}},"50":{"start":{"line":99,"column":6},"end":{"line":99,"column":48}},"51":{"start":{"line":101,"column":16},"end":{"line":101,"column":47}},"52":{"start":{"line":103,"column":4},"end":{"line":103,"column":59}},"53":{"start":{"line":103,"column":14},"end":{"line":103,"column":59}},"54":{"start":{"line":105,"column":4},"end":{"line":105,"column":35}},"55":{"start":{"line":106,"column":4},"end":{"line":106,"column":21}},"56":{"start":{"line":108,"column":4},"end":{"line":108,"column":60}},"57":{"start":{"line":110,"column":4},"end":{"line":110,"column":52}},"58":{"start":{"line":111,"column":4},"end":{"line":111,"column":32}},"59":{"start":{"line":115,"column":0},"end":{"line":126,"column":2}},"60":{"start":{"line":116,"column":2},"end":{"line":125,"column":3}},"61":{"start":{"line":117,"column":17},"end":{"line":117,"column":54}},"62":{"start":{"line":118,"column":16},"end":{"line":118,"column":17}},"63":{"start":{"line":119,"column":4},"end":{"line":119,"column":55}},"64":{"start":{"line":119,"column":35},"end":{"line":119,"column":55}},"65":{"start":{"line":121,"column":4},"end":{"line":121,"column":37}},"66":{"start":{"line":123,"column":4},"end":{"line":123,"column":57}},"67":{"start":{"line":124,"column":4},"end":{"line":124,"column":32}},"68":{"start":{"line":128,"column":0},"end":{"line":139,"column":2}},"69":{"start":{"line":129,"column":2},"end":{"line":138,"column":3}},"70":{"start":{"line":130,"column":17},"end":{"line":130,"column":55}},"71":{"start":{"line":131,"column":16},"end":{"line":131,"column":17}},"72":{"start":{"line":132,"column":4},"end":{"line":132,"column":55}},"73":{"start":{"line":132,"column":35},"end":{"line":132,"column":55}},"74":{"start":{"line":134,"column":4},"end":{"line":134,"column":37}},"75":{"start":{"line":136,"column":4},"end":{"line":136,"column":58}},"76":{"start":{"line":137,"column":4},"end":{"line":137,"column":32}},"77":{"start":{"line":141,"column":0},"end":{"line":152,"column":2}},"78":{"start":{"line":142,"column":2},"end":{"line":151,"column":3}},"79":{"start":{"line":143,"column":17},"end":{"line":143,"column":55}},"80":{"start":{"line":144,"column":16},"end":{"line":144,"column":17}},"81":{"start":{"line":145,"column":4},"end":{"line":145,"column":55}},"82":{"start":{"line":145,"column":35},"end":{"line":145,"column":55}},"83":{"start":{"line":147,"column":4},"end":{"line":147,"column":37}},"84":{"start":{"line":149,"column":4},"end":{"line":149,"column":58}},"85":{"start":{"line":150,"column":4},"end":{"line":150,"column":32}},"86":{"start":{"line":154,"column":0},"end":{"line":165,"column":2}},"87":{"start":{"line":155,"column":2},"end":{"line":164,"column":3}},"88":{"start":{"line":156,"column":17},"end":{"line":156,"column":56}},"89":{"start":{"line":157,"column":16},"end":{"line":157,"column":17}},"90":{"start":{"line":158,"column":4},"end":{"line":158,"column":55}},"91":{"start":{"line":158,"column":35},"end":{"line":158,"column":55}},"92":{"start":{"line":160,"column":4},"end":{"line":160,"column":37}},"93":{"start":{"line":162,"column":4},"end":{"line":162,"column":60}},"94":{"start":{"line":163,"column":4},"end":{"line":163,"column":32}}},"fnMap":{"0":{"name":"(anonymous_0)","decl":{"start":{"line":4,"column":20},"end":{"line":4,"column":21}},"loc":{"start":{"line":4,"column":40},"end":{"line":31,"column":1}},"line":4},"1":{"name":"(anonymous_1)","decl":{"start":{"line":33,"column":21},"end":{"line":33,"column":22}},"loc":{"start":{"line":33,"column":47},"end":{"line":48,"column":1}},"line":33},"2":{"name":"(anonymous_2)","decl":{"start":{"line":50,"column":20},"end":{"line":50,"column":21}},"loc":{"start":{"line":50,"column":46},"end":{"line":68,"column":1}},"line":50},"3":{"name":"(anonymous_3)","decl":{"start":{"line":70,"column":20},"end":{"line":70,"column":21}},"loc":{"start":{"line":70,"column":46},"end":{"line":94,"column":1}},"line":70},"4":{"name":"(anonymous_4)","decl":{"start":{"line":96,"column":22},"end":{"line":96,"column":23}},"loc":{"start":{"line":96,"column":48},"end":{"line":113,"column":1}},"line":96},"5":{"name":"(anonymous_5)","decl":{"start":{"line":115,"column":26},"end":{"line":115,"column":27}},"loc":{"start":{"line":115,"column":52},"end":{"line":126,"column":1}},"line":115},"6":{"name":"(anonymous_6)","decl":{"start":{"line":128,"column":27},"end":{"line":128,"column":28}},"loc":{"start":{"line":128,"column":53},"end":{"line":139,"column":1}},"line":128},"7":{"name":"(anonymous_7)","decl":{"start":{"line":141,"column":27},"end":{"line":141,"column":28}},"loc":{"start":{"line":141,"column":53},"end":{"line":152,"column":1}},"line":141},"8":{"name":"(anonymous_8)","decl":{"start":{"line":154,"column":28},"end":{"line":154,"column":29}},"loc":{"start":{"line":154,"column":54},"end":{"line":165,"column":1}},"line":154}},"branchMap":{"0":{"loc":{"start":{"line":7,"column":4},"end":{"line":10,"column":63}},"type":"if","locations":[{"start":{"line":7,"column":4},"end":{"line":10,"column":63}},{"start":{"line":7,"column":4},"end":{"line":10,"column":63}}],"line":7},"1":{"loc":{"start":{"line":41,"column":4},"end":{"line":41,"column":72}},"type":"if","locations":[{"start":{"line":41,"column":4},"end":{"line":41,"column":72}},{"start":{"line":41,"column":4},"end":{"line":41,"column":72}}],"line":41},"2":{"loc":{"start":{"line":52,"column":4},"end":{"line":53,"column":48}},"type":"if","locations":[{"start":{"line":52,"column":4},"end":{"line":53,"column":48}},{"start":{"line":52,"column":4},"end":{"line":53,"column":48}}],"line":52},"3":{"loc":{"start":{"line":61,"column":4},"end":{"line":61,"column":59}},"type":"if","locations":[{"start":{"line":61,"column":4},"end":{"line":61,"column":59}},{"start":{"line":61,"column":4},"end":{"line":61,"column":59}}],"line":61},"4":{"loc":{"start":{"line":72,"column":4},"end":{"line":73,"column":48}},"type":"if","locations":[{"start":{"line":72,"column":4},"end":{"line":73,"column":48}},{"start":{"line":72,"column":4},"end":{"line":73,"column":48}}],"line":72},"5":{"loc":{"start":{"line":79,"column":4},"end":{"line":79,"column":59}},"type":"if","locations":[{"start":{"line":79,"column":4},"end":{"line":79,"column":59}},{"start":{"line":79,"column":4},"end":{"line":79,"column":59}}],"line":79},"6":{"loc":{"start":{"line":84,"column":4},"end":{"line":86,"column":5}},"type":"if","locations":[{"start":{"line":84,"column":4},"end":{"line":86,"column":5}},{"start":{"line":84,"column":4},"end":{"line":86,"column":5}}],"line":84},"7":{"loc":{"start":{"line":98,"column":4},"end":{"line":99,"column":48}},"type":"if","locations":[{"start":{"line":98,"column":4},"end":{"line":99,"column":48}},{"start":{"line":98,"column":4},"end":{"line":99,"column":48}}],"line":98},"8":{"loc":{"start":{"line":103,"column":4},"end":{"line":103,"column":59}},"type":"if","locations":[{"start":{"line":103,"column":4},"end":{"line":103,"column":59}},{"start":{"line":103,"column":4},"end":{"line":103,"column":59}}],"line":103},"9":{"loc":{"start":{"line":119,"column":4},"end":{"line":119,"column":55}},"type":"if","locations":[{"start":{"line":119,"column":4},"end":{"line":119,"column":55}},{"start":{"line":119,"column":4},"end":{"line":119,"column":55}}],"line":119},"10":{"loc":{"start":{"line":119,"column":8},"end":{"line":119,"column":33}},"type":"binary-expr","locations":[{"start":{"line":119,"column":8},"end":{"line":119,"column":12}},{"start":{"line":119,"column":16},"end":{"line":119,"column":33}}],"line":119},"11":{"loc":{"start":{"line":132,"column":4},"end":{"line":132,"column":55}},"type":"if","locations":[{"start":{"line":132,"column":4},"end":{"line":132,"column":55}},{"start":{"line":132,"column":4},"end":{"line":132,"column":55}}],"line":132},"12":{"loc":{"start":{"line":132,"column":8},"end":{"line":132,"column":33}},"type":"binary-expr","locations":[{"start":{"line":132,"column":8},"end":{"line":132,"column":12}},{"start":{"line":132,"column":16},"end":{"line":132,"column":33}}],"line":132},"13":{"loc":{"start":{"line":145,"column":4},"end":{"line":145,"column":55}},"type":"if","locations":[{"start":{"line":145,"column":4},"end":{"line":145,"column":55}},{"start":{"line":145,"column":4},"end":{"line":145,"column":55}}],"line":145},"14":{"loc":{"start":{"line":145,"column":8},"end":{"line":145,"column":33}},"type":"binary-expr","locations":[{"start":{"line":145,"column":8},"end":{"line":145,"column":12}},{"start":{"line":145,"column":16},"end":{"line":145,"column":33}}],"line":145},"15":{"loc":{"start":{"line":158,"column":4},"end":{"line":158,"column":55}},"type":"if","locations":[{"start":{"line":158,"column":4},"end":{"line":158,"column":55}},{"start":{"line":158,"column":4},"end":{"line":158,"column":55}}],"line":158},"16":{"loc":{"start":{"line":158,"column":8},"end":{"line":158,"column":33}},"type":"binary-expr","locations":[{"start":{"line":158,"column":8},"end":{"line":158,"column":12}},{"start":{"line":158,"column":16},"end":{"line":158,"column":33}}],"line":158}},"s":{"0":4,"1":4,"2":4,"3":0,"4":0,"5":0,"6":0,"7":0,"8":0,"9":0,"10":0,"11":0,"12":0,"13":4,"14":1,"15":1,"16":1,"17":0,"18":1,"19":0,"20":0,"21":4,"22":3,"23":3,"24":1,"25":2,"26":2,"27":1,"28":1,"29":0,"30":0,"31":4,"32":0,"33":0,"34":0,"35":0,"36":0,"37":0,"38":0,"39":0,"40":0,"41":0,"42":0,"43":0,"44":0,"45":0,"46":0,"47":4,"48":0,"49":0,"50":0,"51":0,"52":0,"53":0,"54":0,"55":0,"56":0,"57":0,"58":0,"59":4,"60":0,"61":0,"62":0,"63":0,"64":0,"65":0,"66":0,"67":0,"68":4,"69":0,"70":0,"71":0,"72":0,"73":0,"74":0,"75":0,"76":0,"77":4,"78":0,"79":0,"80":0,"81":0,"82":0,"83":0,"84":0,"85":0,"86":4,"87":0,"88":0,"89":0,"90":0,"91":0,"92":0,"93":0,"94":0},"f":{"0":0,"1":1,"2":3,"3":0,"4":0,"5":0,"6":0,"7":0,"8":0},"b":{"0":[0,0],"1":[0,1],"2":[1,2],"3":[1,1],"4":[0,0],"5":[0,0],"6":[0,0],"7":[0,0],"8":[0,0],"9":[0,0],"10":[0,0],"11":[0,0],"12":[0,0],"13":[0,0],"14":[0,0],"15":[0,0],"16":[0,0]},"_coverageSchema":"1a1c01bbd47fc00a2c39e90264f33305004495a9","hash":"d5e3fcaf4e34acdc856c38969c2712e2ba2c6ca9"}
,"C:\\Users\\User\\OneDrive\\Desktop\\Jest\\procurement-back-host\\controllers\\nos.js": {"path":"C:\\Users\\User\\OneDrive\\Desktop\\Jest\\procurement-back-host\\controllers\\nos.js","statementMap":{"0":{"start":{"line":1,"column":16},"end":{"line":1,"column":47}},"1":{"start":{"line":2,"column":15},"end":{"line":2,"column":45}},"2":{"start":{"line":3,"column":15},"end":{"line":3,"column":45}},"3":{"start":{"line":4,"column":16},"end":{"line":4,"column":47}},"4":{"start":{"line":5,"column":24},"end":{"line":5,"column":63}},"5":{"start":{"line":7,"column":0},"end":{"line":22,"column":2}},"6":{"start":{"line":8,"column":2},"end":{"line":21,"column":3}},"7":{"start":{"line":9,"column":16},"end":{"line":9,"column":71}},"8":{"start":{"line":11,"column":16},"end":{"line":11,"column":17}},"9":{"start":{"line":12,"column":4},"end":{"line":17,"column":5}},"10":{"start":{"line":13,"column":6},"end":{"line":13,"column":41}},"11":{"start":{"line":14,"column":6},"end":{"line":14,"column":45}},"12":{"start":{"line":16,"column":6},"end":{"line":16,"column":45}},"13":{"start":{"line":19,"column":4},"end":{"line":19,"column":50}},"14":{"start":{"line":20,"column":4},"end":{"line":20,"column":32}},"15":{"start":{"line":24,"column":0},"end":{"line":39,"column":2}},"16":{"start":{"line":25,"column":2},"end":{"line":38,"column":3}},"17":{"start":{"line":26,"column":15},"end":{"line":26,"column":69}},"18":{"start":{"line":28,"column":16},"end":{"line":28,"column":17}},"19":{"start":{"line":29,"column":4},"end":{"line":34,"column":5}},"20":{"start":{"line":30,"column":6},"end":{"line":30,"column":39}},"21":{"start":{"line":31,"column":6},"end":{"line":31,"column":45}},"22":{"start":{"line":33,"column":6},"end":{"line":33,"column":45}},"23":{"start":{"line":36,"column":4},"end":{"line":36,"column":49}},"24":{"start":{"line":37,"column":4},"end":{"line":37,"column":32}},"25":{"start":{"line":41,"column":0},"end":{"line":56,"column":2}},"26":{"start":{"line":42,"column":2},"end":{"line":55,"column":3}},"27":{"start":{"line":43,"column":15},"end":{"line":43,"column":69}},"28":{"start":{"line":45,"column":16},"end":{"line":45,"column":17}},"29":{"start":{"line":46,"column":4},"end":{"line":51,"column":5}},"30":{"start":{"line":47,"column":6},"end":{"line":47,"column":39}},"31":{"start":{"line":48,"column":6},"end":{"line":48,"column":45}},"32":{"start":{"line":50,"column":6},"end":{"line":50,"column":45}},"33":{"start":{"line":53,"column":4},"end":{"line":53,"column":49}},"34":{"start":{"line":54,"column":4},"end":{"line":54,"column":32}},"35":{"start":{"line":58,"column":0},"end":{"line":73,"column":2}},"36":{"start":{"line":59,"column":2},"end":{"line":72,"column":3}},"37":{"start":{"line":60,"column":16},"end":{"line":60,"column":71}},"38":{"start":{"line":62,"column":16},"end":{"line":62,"column":17}},"39":{"start":{"line":63,"column":4},"end":{"line":68,"column":5}},"40":{"start":{"line":64,"column":6},"end":{"line":64,"column":41}},"41":{"start":{"line":65,"column":6},"end":{"line":65,"column":45}},"42":{"start":{"line":67,"column":6},"end":{"line":67,"column":45}},"43":{"start":{"line":70,"column":4},"end":{"line":70,"column":50}},"44":{"start":{"line":71,"column":4},"end":{"line":71,"column":32}},"45":{"start":{"line":75,"column":0},"end":{"line":92,"column":2}},"46":{"start":{"line":76,"column":2},"end":{"line":91,"column":3}},"47":{"start":{"line":77,"column":19},"end":{"line":79,"column":15}},"48":{"start":{"line":81,"column":16},"end":{"line":81,"column":17}},"49":{"start":{"line":82,"column":4},"end":{"line":87,"column":5}},"50":{"start":{"line":83,"column":6},"end":{"line":83,"column":47}},"51":{"start":{"line":84,"column":6},"end":{"line":84,"column":45}},"52":{"start":{"line":86,"column":6},"end":{"line":86,"column":45}},"53":{"start":{"line":89,"column":4},"end":{"line":89,"column":50}},"54":{"start":{"line":90,"column":4},"end":{"line":90,"column":32}}},"fnMap":{"0":{"name":"(anonymous_0)","decl":{"start":{"line":7,"column":24},"end":{"line":7,"column":25}},"loc":{"start":{"line":7,"column":50},"end":{"line":22,"column":1}},"line":7},"1":{"name":"(anonymous_1)","decl":{"start":{"line":24,"column":23},"end":{"line":24,"column":24}},"loc":{"start":{"line":24,"column":49},"end":{"line":39,"column":1}},"line":24},"2":{"name":"(anonymous_2)","decl":{"start":{"line":41,"column":23},"end":{"line":41,"column":24}},"loc":{"start":{"line":41,"column":49},"end":{"line":56,"column":1}},"line":41},"3":{"name":"(anonymous_3)","decl":{"start":{"line":58,"column":24},"end":{"line":58,"column":25}},"loc":{"start":{"line":58,"column":50},"end":{"line":73,"column":1}},"line":58},"4":{"name":"(anonymous_4)","decl":{"start":{"line":75,"column":24},"end":{"line":75,"column":25}},"loc":{"start":{"line":75,"column":50},"end":{"line":92,"column":1}},"line":75}},"branchMap":{"0":{"loc":{"start":{"line":12,"column":4},"end":{"line":17,"column":5}},"type":"if","locations":[{"start":{"line":12,"column":4},"end":{"line":17,"column":5}},{"start":{"line":12,"column":4},"end":{"line":17,"column":5}}],"line":12},"1":{"loc":{"start":{"line":29,"column":4},"end":{"line":34,"column":5}},"type":"if","locations":[{"start":{"line":29,"column":4},"end":{"line":34,"column":5}},{"start":{"line":29,"column":4},"end":{"line":34,"column":5}}],"line":29},"2":{"loc":{"start":{"line":46,"column":4},"end":{"line":51,"column":5}},"type":"if","locations":[{"start":{"line":46,"column":4},"end":{"line":51,"column":5}},{"start":{"line":46,"column":4},"end":{"line":51,"column":5}}],"line":46},"3":{"loc":{"start":{"line":63,"column":4},"end":{"line":68,"column":5}},"type":"if","locations":[{"start":{"line":63,"column":4},"end":{"line":68,"column":5}},{"start":{"line":63,"column":4},"end":{"line":68,"column":5}}],"line":63},"4":{"loc":{"start":{"line":82,"column":4},"end":{"line":87,"column":5}},"type":"if","locations":[{"start":{"line":82,"column":4},"end":{"line":87,"column":5}},{"start":{"line":82,"column":4},"end":{"line":87,"column":5}}],"line":82}},"s":{"0":4,"1":4,"2":4,"3":4,"4":4,"5":4,"6":0,"7":0,"8":0,"9":0,"10":0,"11":0,"12":0,"13":0,"14":0,"15":4,"16":0,"17":0,"18":0,"19":0,"20":0,"21":0,"22":0,"23":0,"24":0,"25":4,"26":0,"27":0,"28":0,"29":0,"30":0,"31":0,"32":0,"33":0,"34":0,"35":4,"36":0,"37":0,"38":0,"39":0,"40":0,"41":0,"42":0,"43":0,"44":0,"45":4,"46":0,"47":0,"48":0,"49":0,"50":0,"51":0,"52":0,"53":0,"54":0},"f":{"0":0,"1":0,"2":0,"3":0,"4":0},"b":{"0":[0,0],"1":[0,0],"2":[0,0],"3":[0,0],"4":[0,0]},"_coverageSchema":"1a1c01bbd47fc00a2c39e90264f33305004495a9","hash":"0bbbb7428e97e546e086e4fa7f2e98620077646e"}
,"C:\\Users\\User\\OneDrive\\Desktop\\Jest\\procurement-back-host\\controllers\\pos.js": {"path":"C:\\Users\\User\\OneDrive\\Desktop\\Jest\\procurement-back-host\\controllers\\pos.js","statementMap":{"0":{"start":{"line":1,"column":15},"end":{"line":1,"column":45}},"1":{"start":{"line":2,"column":15},"end":{"line":2,"column":45}},"2":{"start":{"line":3,"column":17},"end":{"line":3,"column":51}},"3":{"start":{"line":5,"column":0},"end":{"line":40,"column":2}},"4":{"start":{"line":6,"column":2},"end":{"line":39,"column":3}},"5":{"start":{"line":7,"column":13},"end":{"line":7,"column":54}},"6":{"start":{"line":8,"column":4},"end":{"line":8,"column":79}},"7":{"start":{"line":8,"column":12},"end":{"line":8,"column":79}},"8":{"start":{"line":10,"column":16},"end":{"line":22,"column":6}},"9":{"start":{"line":23,"column":17},"end":{"line":23,"column":35}},"10":{"start":{"line":25,"column":15},"end":{"line":28,"column":5}},"11":{"start":{"line":30,"column":4},"end":{"line":30,"column":28}},"12":{"start":{"line":31,"column":4},"end":{"line":31,"column":20}},"13":{"start":{"line":33,"column":4},"end":{"line":33,"column":64}},"14":{"start":{"line":33,"column":16},"end":{"line":33,"column":64}},"15":{"start":{"line":35,"column":4},"end":{"line":35,"column":11}},"16":{"start":{"line":37,"column":4},"end":{"line":37,"column":49}},"17":{"start":{"line":38,"column":4},"end":{"line":38,"column":32}},"18":{"start":{"line":42,"column":0},"end":{"line":66,"column":2}},"19":{"start":{"line":43,"column":2},"end":{"line":65,"column":3}},"20":{"start":{"line":44,"column":16},"end":{"line":57,"column":42}},"21":{"start":{"line":59,"column":4},"end":{"line":59,"column":70}},"22":{"start":{"line":59,"column":26},"end":{"line":59,"column":70}},"23":{"start":{"line":61,"column":4},"end":{"line":61,"column":30}},"24":{"start":{"line":63,"column":4},"end":{"line":63,"column":51}},"25":{"start":{"line":64,"column":4},"end":{"line":64,"column":32}},"26":{"start":{"line":68,"column":0},"end":{"line":95,"column":2}},"27":{"start":{"line":69,"column":2},"end":{"line":94,"column":3}},"28":{"start":{"line":70,"column":15},"end":{"line":70,"column":28}},"29":{"start":{"line":71,"column":4},"end":{"line":71,"column":73}},"30":{"start":{"line":71,"column":31},"end":{"line":71,"column":73}},"31":{"start":{"line":73,"column":16},"end":{"line":86,"column":42}},"32":{"start":{"line":88,"column":4},"end":{"line":88,"column":58}},"33":{"start":{"line":88,"column":14},"end":{"line":88,"column":58}},"34":{"start":{"line":90,"column":4},"end":{"line":90,"column":30}},"35":{"start":{"line":92,"column":4},"end":{"line":92,"column":50}},"36":{"start":{"line":93,"column":4},"end":{"line":93,"column":32}},"37":{"start":{"line":97,"column":0},"end":{"line":108,"column":2}},"38":{"start":{"line":98,"column":2},"end":{"line":107,"column":3}},"39":{"start":{"line":99,"column":16},"end":{"line":99,"column":52}},"40":{"start":{"line":100,"column":16},"end":{"line":100,"column":17}},"41":{"start":{"line":101,"column":4},"end":{"line":101,"column":52}},"42":{"start":{"line":101,"column":33},"end":{"line":101,"column":52}},"43":{"start":{"line":103,"column":4},"end":{"line":103,"column":37}},"44":{"start":{"line":105,"column":4},"end":{"line":105,"column":56}},"45":{"start":{"line":106,"column":4},"end":{"line":106,"column":32}},"46":{"start":{"line":110,"column":0},"end":{"line":121,"column":2}},"47":{"start":{"line":111,"column":2},"end":{"line":120,"column":3}},"48":{"start":{"line":112,"column":16},"end":{"line":112,"column":76}},"49":{"start":{"line":113,"column":16},"end":{"line":113,"column":17}},"50":{"start":{"line":114,"column":4},"end":{"line":114,"column":52}},"51":{"start":{"line":114,"column":33},"end":{"line":114,"column":52}},"52":{"start":{"line":116,"column":4},"end":{"line":116,"column":37}},"53":{"start":{"line":118,"column":4},"end":{"line":118,"column":60}},"54":{"start":{"line":119,"column":4},"end":{"line":119,"column":32}},"55":{"start":{"line":123,"column":0},"end":{"line":134,"column":2}},"56":{"start":{"line":124,"column":2},"end":{"line":133,"column":3}},"57":{"start":{"line":125,"column":16},"end":{"line":125,"column":53}},"58":{"start":{"line":126,"column":16},"end":{"line":126,"column":17}},"59":{"start":{"line":127,"column":4},"end":{"line":127,"column":52}},"60":{"start":{"line":127,"column":33},"end":{"line":127,"column":52}},"61":{"start":{"line":129,"column":4},"end":{"line":129,"column":37}},"62":{"start":{"line":131,"column":4},"end":{"line":131,"column":57}},"63":{"start":{"line":132,"column":4},"end":{"line":132,"column":32}},"64":{"start":{"line":136,"column":0},"end":{"line":162,"column":2}},"65":{"start":{"line":137,"column":2},"end":{"line":161,"column":3}},"66":{"start":{"line":138,"column":4},"end":{"line":139,"column":48}},"67":{"start":{"line":139,"column":6},"end":{"line":139,"column":48}},"68":{"start":{"line":141,"column":15},"end":{"line":143,"column":42}},"69":{"start":{"line":145,"column":4},"end":{"line":145,"column":57}},"70":{"start":{"line":145,"column":13},"end":{"line":145,"column":57}},"71":{"start":{"line":147,"column":4},"end":{"line":147,"column":34}},"72":{"start":{"line":148,"column":4},"end":{"line":148,"column":34}},"73":{"start":{"line":149,"column":4},"end":{"line":149,"column":34}},"74":{"start":{"line":150,"column":4},"end":{"line":150,"column":47}},"75":{"start":{"line":152,"column":4},"end":{"line":154,"column":5}},"76":{"start":{"line":153,"column":6},"end":{"line":153,"column":31}},"77":{"start":{"line":155,"column":4},"end":{"line":155,"column":20}},"78":{"start":{"line":157,"column":4},"end":{"line":157,"column":52}},"79":{"start":{"line":159,"column":4},"end":{"line":159,"column":49}},"80":{"start":{"line":160,"column":4},"end":{"line":160,"column":32}}},"fnMap":{"0":{"name":"(anonymous_0)","decl":{"start":{"line":5,"column":19},"end":{"line":5,"column":20}},"loc":{"start":{"line":5,"column":39},"end":{"line":40,"column":1}},"line":5},"1":{"name":"(anonymous_1)","decl":{"start":{"line":42,"column":20},"end":{"line":42,"column":21}},"loc":{"start":{"line":42,"column":46},"end":{"line":66,"column":1}},"line":42},"2":{"name":"(anonymous_2)","decl":{"start":{"line":68,"column":19},"end":{"line":68,"column":20}},"loc":{"start":{"line":68,"column":45},"end":{"line":95,"column":1}},"line":68},"3":{"name":"(anonymous_3)","decl":{"start":{"line":97,"column":26},"end":{"line":97,"column":27}},"loc":{"start":{"line":97,"column":52},"end":{"line":108,"column":1}},"line":97},"4":{"name":"(anonymous_4)","decl":{"start":{"line":110,"column":29},"end":{"line":110,"column":30}},"loc":{"start":{"line":110,"column":55},"end":{"line":121,"column":1}},"line":110},"5":{"name":"(anonymous_5)","decl":{"start":{"line":123,"column":27},"end":{"line":123,"column":28}},"loc":{"start":{"line":123,"column":53},"end":{"line":134,"column":1}},"line":123},"6":{"name":"(anonymous_6)","decl":{"start":{"line":136,"column":19},"end":{"line":136,"column":20}},"loc":{"start":{"line":136,"column":45},"end":{"line":162,"column":1}},"line":136}},"branchMap":{"0":{"loc":{"start":{"line":8,"column":4},"end":{"line":8,"column":79}},"type":"if","locations":[{"start":{"line":8,"column":4},"end":{"line":8,"column":79}},{"start":{"line":8,"column":4},"end":{"line":8,"column":79}}],"line":8},"1":{"loc":{"start":{"line":33,"column":4},"end":{"line":33,"column":64}},"type":"if","locations":[{"start":{"line":33,"column":4},"end":{"line":33,"column":64}},{"start":{"line":33,"column":4},"end":{"line":33,"column":64}}],"line":33},"2":{"loc":{"start":{"line":59,"column":4},"end":{"line":59,"column":70}},"type":"if","locations":[{"start":{"line":59,"column":4},"end":{"line":59,"column":70}},{"start":{"line":59,"column":4},"end":{"line":59,"column":70}}],"line":59},"3":{"loc":{"start":{"line":71,"column":4},"end":{"line":71,"column":73}},"type":"if","locations":[{"start":{"line":71,"column":4},"end":{"line":71,"column":73}},{"start":{"line":71,"column":4},"end":{"line":71,"column":73}}],"line":71},"4":{"loc":{"start":{"line":88,"column":4},"end":{"line":88,"column":58}},"type":"if","locations":[{"start":{"line":88,"column":4},"end":{"line":88,"column":58}},{"start":{"line":88,"column":4},"end":{"line":88,"column":58}}],"line":88},"5":{"loc":{"start":{"line":101,"column":4},"end":{"line":101,"column":52}},"type":"if","locations":[{"start":{"line":101,"column":4},"end":{"line":101,"column":52}},{"start":{"line":101,"column":4},"end":{"line":101,"column":52}}],"line":101},"6":{"loc":{"start":{"line":101,"column":8},"end":{"line":101,"column":31}},"type":"binary-expr","locations":[{"start":{"line":101,"column":8},"end":{"line":101,"column":11}},{"start":{"line":101,"column":15},"end":{"line":101,"column":31}}],"line":101},"7":{"loc":{"start":{"line":114,"column":4},"end":{"line":114,"column":52}},"type":"if","locations":[{"start":{"line":114,"column":4},"end":{"line":114,"column":52}},{"start":{"line":114,"column":4},"end":{"line":114,"column":52}}],"line":114},"8":{"loc":{"start":{"line":114,"column":8},"end":{"line":114,"column":31}},"type":"binary-expr","locations":[{"start":{"line":114,"column":8},"end":{"line":114,"column":11}},{"start":{"line":114,"column":15},"end":{"line":114,"column":31}}],"line":114},"9":{"loc":{"start":{"line":127,"column":4},"end":{"line":127,"column":52}},"type":"if","locations":[{"start":{"line":127,"column":4},"end":{"line":127,"column":52}},{"start":{"line":127,"column":4},"end":{"line":127,"column":52}}],"line":127},"10":{"loc":{"start":{"line":127,"column":8},"end":{"line":127,"column":31}},"type":"binary-expr","locations":[{"start":{"line":127,"column":8},"end":{"line":127,"column":11}},{"start":{"line":127,"column":15},"end":{"line":127,"column":31}}],"line":127},"11":{"loc":{"start":{"line":138,"column":4},"end":{"line":139,"column":48}},"type":"if","locations":[{"start":{"line":138,"column":4},"end":{"line":139,"column":48}},{"start":{"line":138,"column":4},"end":{"line":139,"column":48}}],"line":138},"12":{"loc":{"start":{"line":145,"column":4},"end":{"line":145,"column":57}},"type":"if","locations":[{"start":{"line":145,"column":4},"end":{"line":145,"column":57}},{"start":{"line":145,"column":4},"end":{"line":145,"column":57}}],"line":145},"13":{"loc":{"start":{"line":152,"column":4},"end":{"line":154,"column":5}},"type":"if","locations":[{"start":{"line":152,"column":4},"end":{"line":154,"column":5}},{"start":{"line":152,"column":4},"end":{"line":154,"column":5}}],"line":152}},"s":{"0":4,"1":4,"2":4,"3":4,"4":0,"5":0,"6":0,"7":0,"8":0,"9":0,"10":0,"11":0,"12":0,"13":0,"14":0,"15":0,"16":0,"17":0,"18":4,"19":0,"20":0,"21":0,"22":0,"23":0,"24":0,"25":0,"26":4,"27":0,"28":0,"29":0,"30":0,"31":0,"32":0,"33":0,"34":0,"35":0,"36":0,"37":4,"38":0,"39":0,"40":0,"41":0,"42":0,"43":0,"44":0,"45":0,"46":4,"47":0,"48":0,"49":0,"50":0,"51":0,"52":0,"53":0,"54":0,"55":4,"56":0,"57":0,"58":0,"59":0,"60":0,"61":0,"62":0,"63":0,"64":4,"65":0,"66":0,"67":0,"68":0,"69":0,"70":0,"71":0,"72":0,"73":0,"74":0,"75":0,"76":0,"77":0,"78":0,"79":0,"80":0},"f":{"0":0,"1":0,"2":0,"3":0,"4":0,"5":0,"6":0},"b":{"0":[0,0],"1":[0,0],"2":[0,0],"3":[0,0],"4":[0,0],"5":[0,0],"6":[0,0],"7":[0,0],"8":[0,0],"9":[0,0],"10":[0,0],"11":[0,0],"12":[0,0],"13":[0,0]},"_coverageSchema":"1a1c01bbd47fc00a2c39e90264f33305004495a9","hash":"fe6275f43eee571fdf92cfc994e78ea5aadc3226"}
,"C:\\Users\\User\\OneDrive\\Desktop\\Jest\\procurement-back-host\\controllers\\projects.js": {"path":"C:\\Users\\User\\OneDrive\\Desktop\\Jest\\procurement-back-host\\controllers\\projects.js","statementMap":{"0":{"start":{"line":1,"column":20},"end":{"line":1,"column":55}},"1":{"start":{"line":3,"column":0},"end":{"line":29,"column":2}},"2":{"start":{"line":4,"column":2},"end":{"line":28,"column":3}},"3":{"start":{"line":5,"column":18},"end":{"line":7,"column":6}},"4":{"start":{"line":9,"column":4},"end":{"line":10,"column":60}},"5":{"start":{"line":10,"column":6},"end":{"line":10,"column":60}},"6":{"start":{"line":12,"column":21},"end":{"line":19,"column":6}},"7":{"start":{"line":21,"column":4},"end":{"line":21,"column":28}},"8":{"start":{"line":23,"column":4},"end":{"line":23,"column":55}},"9":{"start":{"line":24,"column":4},"end":{"line":24,"column":11}},"10":{"start":{"line":26,"column":4},"end":{"line":26,"column":54}},"11":{"start":{"line":27,"column":4},"end":{"line":27,"column":32}},"12":{"start":{"line":31,"column":0},"end":{"line":42,"column":2}},"13":{"start":{"line":32,"column":2},"end":{"line":41,"column":3}},"14":{"start":{"line":33,"column":21},"end":{"line":33,"column":65}},"15":{"start":{"line":35,"column":4},"end":{"line":35,"column":80}},"16":{"start":{"line":35,"column":31},"end":{"line":35,"column":80}},"17":{"start":{"line":37,"column":4},"end":{"line":37,"column":35}},"18":{"start":{"line":39,"column":4},"end":{"line":39,"column":56}},"19":{"start":{"line":40,"column":4},"end":{"line":40,"column":32}}},"fnMap":{"0":{"name":"(anonymous_0)","decl":{"start":{"line":3,"column":21},"end":{"line":3,"column":22}},"loc":{"start":{"line":3,"column":41},"end":{"line":29,"column":1}},"line":3},"1":{"name":"(anonymous_1)","decl":{"start":{"line":31,"column":22},"end":{"line":31,"column":23}},"loc":{"start":{"line":31,"column":48},"end":{"line":42,"column":1}},"line":31}},"branchMap":{"0":{"loc":{"start":{"line":9,"column":4},"end":{"line":10,"column":60}},"type":"if","locations":[{"start":{"line":9,"column":4},"end":{"line":10,"column":60}},{"start":{"line":9,"column":4},"end":{"line":10,"column":60}}],"line":9},"1":{"loc":{"start":{"line":35,"column":4},"end":{"line":35,"column":80}},"type":"if","locations":[{"start":{"line":35,"column":4},"end":{"line":35,"column":80}},{"start":{"line":35,"column":4},"end":{"line":35,"column":80}}],"line":35}},"s":{"0":4,"1":4,"2":0,"3":0,"4":0,"5":0,"6":0,"7":0,"8":0,"9":0,"10":0,"11":0,"12":4,"13":0,"14":0,"15":0,"16":0,"17":0,"18":0,"19":0},"f":{"0":0,"1":0},"b":{"0":[0,0],"1":[0,0]},"_coverageSchema":"1a1c01bbd47fc00a2c39e90264f33305004495a9","hash":"379d39ba8cbd4cf222425d56037dfd2e7d488bd9"}
,"C:\\Users\\User\\OneDrive\\Desktop\\Jest\\procurement-back-host\\controllers\\prs.js": {"path":"C:\\Users\\User\\OneDrive\\Desktop\\Jest\\procurement-back-host\\controllers\\prs.js","statementMap":{"0":{"start":{"line":1,"column":15},"end":{"line":1,"column":45}},"1":{"start":{"line":2,"column":16},"end":{"line":2,"column":47}},"2":{"start":{"line":3,"column":17},"end":{"line":3,"column":51}},"3":{"start":{"line":5,"column":0},"end":{"line":36,"column":2}},"4":{"start":{"line":6,"column":2},"end":{"line":35,"column":3}},"5":{"start":{"line":7,"column":13},"end":{"line":7,"column":54}},"6":{"start":{"line":8,"column":4},"end":{"line":8,"column":79}},"7":{"start":{"line":8,"column":12},"end":{"line":8,"column":79}},"8":{"start":{"line":10,"column":16},"end":{"line":18,"column":6}},"9":{"start":{"line":19,"column":17},"end":{"line":19,"column":35}},"10":{"start":{"line":21,"column":16},"end":{"line":24,"column":5}},"11":{"start":{"line":26,"column":4},"end":{"line":26,"column":29}},"12":{"start":{"line":27,"column":4},"end":{"line":27,"column":21}},"13":{"start":{"line":29,"column":4},"end":{"line":29,"column":64}},"14":{"start":{"line":29,"column":16},"end":{"line":29,"column":64}},"15":{"start":{"line":31,"column":4},"end":{"line":31,"column":11}},"16":{"start":{"line":33,"column":4},"end":{"line":33,"column":49}},"17":{"start":{"line":34,"column":4},"end":{"line":34,"column":32}},"18":{"start":{"line":38,"column":0},"end":{"line":58,"column":2}},"19":{"start":{"line":39,"column":2},"end":{"line":57,"column":3}},"20":{"start":{"line":40,"column":16},"end":{"line":49,"column":8}},"21":{"start":{"line":51,"column":4},"end":{"line":51,"column":70}},"22":{"start":{"line":51,"column":26},"end":{"line":51,"column":70}},"23":{"start":{"line":53,"column":4},"end":{"line":53,"column":30}},"24":{"start":{"line":55,"column":4},"end":{"line":55,"column":51}},"25":{"start":{"line":56,"column":4},"end":{"line":56,"column":32}},"26":{"start":{"line":60,"column":0},"end":{"line":83,"column":2}},"27":{"start":{"line":61,"column":2},"end":{"line":82,"column":3}},"28":{"start":{"line":62,"column":4},"end":{"line":63,"column":55}},"29":{"start":{"line":63,"column":6},"end":{"line":63,"column":55}},"30":{"start":{"line":65,"column":15},"end":{"line":74,"column":8}},"31":{"start":{"line":76,"column":4},"end":{"line":76,"column":57}},"32":{"start":{"line":76,"column":13},"end":{"line":76,"column":57}},"33":{"start":{"line":78,"column":4},"end":{"line":78,"column":29}},"34":{"start":{"line":80,"column":4},"end":{"line":80,"column":50}},"35":{"start":{"line":81,"column":4},"end":{"line":81,"column":32}},"36":{"start":{"line":85,"column":0},"end":{"line":96,"column":2}},"37":{"start":{"line":86,"column":2},"end":{"line":95,"column":3}},"38":{"start":{"line":87,"column":16},"end":{"line":87,"column":52}},"39":{"start":{"line":88,"column":16},"end":{"line":88,"column":17}},"40":{"start":{"line":89,"column":4},"end":{"line":89,"column":52}},"41":{"start":{"line":89,"column":33},"end":{"line":89,"column":52}},"42":{"start":{"line":91,"column":4},"end":{"line":91,"column":37}},"43":{"start":{"line":93,"column":4},"end":{"line":93,"column":56}},"44":{"start":{"line":94,"column":4},"end":{"line":94,"column":32}},"45":{"start":{"line":98,"column":0},"end":{"line":109,"column":2}},"46":{"start":{"line":99,"column":2},"end":{"line":108,"column":3}},"47":{"start":{"line":100,"column":16},"end":{"line":100,"column":54}},"48":{"start":{"line":101,"column":16},"end":{"line":101,"column":17}},"49":{"start":{"line":102,"column":4},"end":{"line":102,"column":52}},"50":{"start":{"line":102,"column":33},"end":{"line":102,"column":52}},"51":{"start":{"line":104,"column":4},"end":{"line":104,"column":37}},"52":{"start":{"line":106,"column":4},"end":{"line":106,"column":59}},"53":{"start":{"line":107,"column":4},"end":{"line":107,"column":32}}},"fnMap":{"0":{"name":"(anonymous_0)","decl":{"start":{"line":5,"column":19},"end":{"line":5,"column":20}},"loc":{"start":{"line":5,"column":39},"end":{"line":36,"column":1}},"line":5},"1":{"name":"(anonymous_1)","decl":{"start":{"line":38,"column":20},"end":{"line":38,"column":21}},"loc":{"start":{"line":38,"column":46},"end":{"line":58,"column":1}},"line":38},"2":{"name":"(anonymous_2)","decl":{"start":{"line":60,"column":19},"end":{"line":60,"column":20}},"loc":{"start":{"line":60,"column":45},"end":{"line":83,"column":1}},"line":60},"3":{"name":"(anonymous_3)","decl":{"start":{"line":85,"column":26},"end":{"line":85,"column":27}},"loc":{"start":{"line":85,"column":52},"end":{"line":96,"column":1}},"line":85},"4":{"name":"(anonymous_4)","decl":{"start":{"line":98,"column":28},"end":{"line":98,"column":29}},"loc":{"start":{"line":98,"column":54},"end":{"line":109,"column":1}},"line":98}},"branchMap":{"0":{"loc":{"start":{"line":8,"column":4},"end":{"line":8,"column":79}},"type":"if","locations":[{"start":{"line":8,"column":4},"end":{"line":8,"column":79}},{"start":{"line":8,"column":4},"end":{"line":8,"column":79}}],"line":8},"1":{"loc":{"start":{"line":29,"column":4},"end":{"line":29,"column":64}},"type":"if","locations":[{"start":{"line":29,"column":4},"end":{"line":29,"column":64}},{"start":{"line":29,"column":4},"end":{"line":29,"column":64}}],"line":29},"2":{"loc":{"start":{"line":51,"column":4},"end":{"line":51,"column":70}},"type":"if","locations":[{"start":{"line":51,"column":4},"end":{"line":51,"column":70}},{"start":{"line":51,"column":4},"end":{"line":51,"column":70}}],"line":51},"3":{"loc":{"start":{"line":62,"column":4},"end":{"line":63,"column":55}},"type":"if","locations":[{"start":{"line":62,"column":4},"end":{"line":63,"column":55}},{"start":{"line":62,"column":4},"end":{"line":63,"column":55}}],"line":62},"4":{"loc":{"start":{"line":76,"column":4},"end":{"line":76,"column":57}},"type":"if","locations":[{"start":{"line":76,"column":4},"end":{"line":76,"column":57}},{"start":{"line":76,"column":4},"end":{"line":76,"column":57}}],"line":76},"5":{"loc":{"start":{"line":89,"column":4},"end":{"line":89,"column":52}},"type":"if","locations":[{"start":{"line":89,"column":4},"end":{"line":89,"column":52}},{"start":{"line":89,"column":4},"end":{"line":89,"column":52}}],"line":89},"6":{"loc":{"start":{"line":89,"column":8},"end":{"line":89,"column":31}},"type":"binary-expr","locations":[{"start":{"line":89,"column":8},"end":{"line":89,"column":11}},{"start":{"line":89,"column":15},"end":{"line":89,"column":31}}],"line":89},"7":{"loc":{"start":{"line":102,"column":4},"end":{"line":102,"column":52}},"type":"if","locations":[{"start":{"line":102,"column":4},"end":{"line":102,"column":52}},{"start":{"line":102,"column":4},"end":{"line":102,"column":52}}],"line":102},"8":{"loc":{"start":{"line":102,"column":8},"end":{"line":102,"column":31}},"type":"binary-expr","locations":[{"start":{"line":102,"column":8},"end":{"line":102,"column":11}},{"start":{"line":102,"column":15},"end":{"line":102,"column":31}}],"line":102}},"s":{"0":4,"1":4,"2":4,"3":4,"4":0,"5":0,"6":0,"7":0,"8":0,"9":0,"10":0,"11":0,"12":0,"13":0,"14":0,"15":0,"16":0,"17":0,"18":4,"19":2,"20":2,"21":2,"22":0,"23":2,"24":0,"25":0,"26":4,"27":3,"28":3,"29":1,"30":2,"31":2,"32":1,"33":1,"34":0,"35":0,"36":4,"37":0,"38":0,"39":0,"40":0,"41":0,"42":0,"43":0,"44":0,"45":4,"46":0,"47":0,"48":0,"49":0,"50":0,"51":0,"52":0,"53":0},"f":{"0":0,"1":2,"2":3,"3":0,"4":0},"b":{"0":[0,0],"1":[0,0],"2":[0,2],"3":[1,2],"4":[1,1],"5":[0,0],"6":[0,0],"7":[0,0],"8":[0,0]},"_coverageSchema":"1a1c01bbd47fc00a2c39e90264f33305004495a9","hash":"ca1b7ff592ffab377d41be8e8c7cd7ecd16b81b4"}
,"C:\\Users\\User\\OneDrive\\Desktop\\Jest\\procurement-back-host\\controllers\\ses.js": {"path":"C:\\Users\\User\\OneDrive\\Desktop\\Jest\\procurement-back-host\\controllers\\ses.js","statementMap":{"0":{"start":{"line":1,"column":17},"end":{"line":1,"column":49}},"1":{"start":{"line":3,"column":0},"end":{"line":15,"column":2}},"2":{"start":{"line":4,"column":2},"end":{"line":14,"column":3}},"3":{"start":{"line":5,"column":16},"end":{"line":5,"column":78}},"4":{"start":{"line":7,"column":4},"end":{"line":8,"column":61}},"5":{"start":{"line":8,"column":6},"end":{"line":8,"column":61}},"6":{"start":{"line":10,"column":4},"end":{"line":10,"column":30}},"7":{"start":{"line":12,"column":4},"end":{"line":12,"column":58}},"8":{"start":{"line":13,"column":4},"end":{"line":13,"column":32}}},"fnMap":{"0":{"name":"(anonymous_0)","decl":{"start":{"line":3,"column":27},"end":{"line":3,"column":28}},"loc":{"start":{"line":3,"column":53},"end":{"line":15,"column":1}},"line":3}},"branchMap":{"0":{"loc":{"start":{"line":7,"column":4},"end":{"line":8,"column":61}},"type":"if","locations":[{"start":{"line":7,"column":4},"end":{"line":8,"column":61}},{"start":{"line":7,"column":4},"end":{"line":8,"column":61}}],"line":7}},"s":{"0":4,"1":4,"2":0,"3":0,"4":0,"5":0,"6":0,"7":0,"8":0},"f":{"0":0},"b":{"0":[0,0]},"_coverageSchema":"1a1c01bbd47fc00a2c39e90264f33305004495a9","hash":"279c9456c1f6ba9ec3a3fad878c5d86b34265e86"}
,"C:\\Users\\User\\OneDrive\\Desktop\\Jest\\procurement-back-host\\controllers\\suppliers.js": {"path":"C:\\Users\\User\\OneDrive\\Desktop\\Jest\\procurement-back-host\\controllers\\suppliers.js","statementMap":{"0":{"start":{"line":1,"column":17},"end":{"line":1,"column":49}},"1":{"start":{"line":3,"column":0},"end":{"line":15,"column":2}},"2":{"start":{"line":4,"column":2},"end":{"line":14,"column":3}},"3":{"start":{"line":5,"column":22},"end":{"line":5,"column":79}},"4":{"start":{"line":7,"column":4},"end":{"line":8,"column":56}},"5":{"start":{"line":8,"column":6},"end":{"line":8,"column":56}},"6":{"start":{"line":10,"column":4},"end":{"line":10,"column":36}},"7":{"start":{"line":12,"column":4},"end":{"line":12,"column":53}},"8":{"start":{"line":13,"column":4},"end":{"line":13,"column":32}}},"fnMap":{"0":{"name":"(anonymous_0)","decl":{"start":{"line":3,"column":23},"end":{"line":3,"column":24}},"loc":{"start":{"line":3,"column":49},"end":{"line":15,"column":1}},"line":3}},"branchMap":{"0":{"loc":{"start":{"line":7,"column":4},"end":{"line":8,"column":56}},"type":"if","locations":[{"start":{"line":7,"column":4},"end":{"line":8,"column":56}},{"start":{"line":7,"column":4},"end":{"line":8,"column":56}}],"line":7}},"s":{"0":4,"1":4,"2":0,"3":0,"4":0,"5":0,"6":0,"7":0,"8":0},"f":{"0":0},"b":{"0":[0,0]},"_coverageSchema":"1a1c01bbd47fc00a2c39e90264f33305004495a9","hash":"3196ff3e5162aee91a9894c69d74c50becdac609"}
,"C:\\Users\\User\\OneDrive\\Desktop\\Jest\\procurement-back-host\\controllers\\users.js": {"path":"C:\\Users\\User\\OneDrive\\Desktop\\Jest\\procurement-back-host\\controllers\\users.js","statementMap":{"0":{"start":{"line":1,"column":15},"end":{"line":1,"column":32}},"1":{"start":{"line":2,"column":17},"end":{"line":2,"column":51}},"2":{"start":{"line":4,"column":17},"end":{"line":4,"column":49}},"3":{"start":{"line":6,"column":0},"end":{"line":34,"column":2}},"4":{"start":{"line":7,"column":2},"end":{"line":33,"column":3}},"5":{"start":{"line":8,"column":15},"end":{"line":8,"column":60}},"6":{"start":{"line":9,"column":4},"end":{"line":9,"column":70}},"7":{"start":{"line":9,"column":14},"end":{"line":9,"column":70}},"8":{"start":{"line":11,"column":18},"end":{"line":21,"column":6}},"9":{"start":{"line":23,"column":17},"end":{"line":23,"column":41}},"10":{"start":{"line":24,"column":4},"end":{"line":24,"column":65}},"11":{"start":{"line":26,"column":4},"end":{"line":26,"column":25}},"12":{"start":{"line":27,"column":4},"end":{"line":27,"column":61}},"13":{"start":{"line":29,"column":4},"end":{"line":29,"column":11}},"14":{"start":{"line":31,"column":4},"end":{"line":31,"column":48}},"15":{"start":{"line":32,"column":4},"end":{"line":32,"column":32}},"16":{"start":{"line":36,"column":0},"end":{"line":47,"column":2}},"17":{"start":{"line":37,"column":2},"end":{"line":46,"column":3}},"18":{"start":{"line":38,"column":18},"end":{"line":38,"column":57}},"19":{"start":{"line":40,"column":4},"end":{"line":40,"column":74}},"20":{"start":{"line":40,"column":28},"end":{"line":40,"column":74}},"21":{"start":{"line":42,"column":4},"end":{"line":42,"column":32}},"22":{"start":{"line":44,"column":4},"end":{"line":44,"column":53}},"23":{"start":{"line":45,"column":4},"end":{"line":45,"column":32}},"24":{"start":{"line":49,"column":0},"end":{"line":64,"column":2}},"25":{"start":{"line":50,"column":2},"end":{"line":63,"column":3}},"26":{"start":{"line":51,"column":15},"end":{"line":51,"column":28}},"27":{"start":{"line":53,"column":4},"end":{"line":53,"column":73}},"28":{"start":{"line":53,"column":31},"end":{"line":53,"column":73}},"29":{"start":{"line":55,"column":18},"end":{"line":55,"column":61}},"30":{"start":{"line":57,"column":4},"end":{"line":57,"column":62}},"31":{"start":{"line":57,"column":16},"end":{"line":57,"column":62}},"32":{"start":{"line":59,"column":4},"end":{"line":59,"column":32}},"33":{"start":{"line":61,"column":4},"end":{"line":61,"column":52}},"34":{"start":{"line":62,"column":4},"end":{"line":62,"column":32}},"35":{"start":{"line":66,"column":0},"end":{"line":90,"column":2}},"36":{"start":{"line":67,"column":2},"end":{"line":89,"column":3}},"37":{"start":{"line":68,"column":4},"end":{"line":69,"column":48}},"38":{"start":{"line":69,"column":6},"end":{"line":69,"column":48}},"39":{"start":{"line":71,"column":17},"end":{"line":71,"column":55}},"40":{"start":{"line":73,"column":4},"end":{"line":73,"column":61}},"41":{"start":{"line":73,"column":15},"end":{"line":73,"column":61}},"42":{"start":{"line":75,"column":4},"end":{"line":75,"column":43}},"43":{"start":{"line":76,"column":4},"end":{"line":76,"column":37}},"44":{"start":{"line":77,"column":4},"end":{"line":77,"column":45}},"45":{"start":{"line":78,"column":4},"end":{"line":78,"column":41}},"46":{"start":{"line":80,"column":17},"end":{"line":80,"column":41}},"47":{"start":{"line":81,"column":4},"end":{"line":81,"column":59}},"48":{"start":{"line":83,"column":4},"end":{"line":83,"column":22}},"49":{"start":{"line":85,"column":4},"end":{"line":85,"column":75}},"50":{"start":{"line":87,"column":4},"end":{"line":87,"column":51}},"51":{"start":{"line":88,"column":4},"end":{"line":8
[...]
,"C:\\Users\\User\\OneDrive\\Desktop\\Jest\\procurement-back-host\\routes\\items.js": {"path":"C:\\Users\\User\\OneDrive\\Desktop\\Jest\\procurement-back-host\\routes\\items.js","statementMap":{"0":{"start":{"line":1,"column":16},"end":{"line":1,"column":34}},"1":{"start":{"line":2,"column":15},"end":{"line":2,"column":31}},"2":{"start":{"line":8,"column":4},"end":{"line":8,"column":35}},"3":{"start":{"line":9,"column":13},"end":{"line":9,"column":42}},"4":{"start":{"line":11,"column":0},"end":{"line":11,"column":77}},"5":{"start":{"line":11,"column":37},"end":{"line":11,"column":66}},"6":{"start":{"line":13,"column":0},"end":{"line":13,"column":73}},"7":{"start":{"line":13,"column":39},"end":{"line":13,"column":59}},"8":{"start":{"line":15,"column":0},"end":{"line":15,"column":35}},"9":{"start":{"line":17,"column":0},"end":{"line":17,"column":79}},"10":{"start":{"line":17,"column":36},"end":{"line":17,"column":65}},"11":{"start":{"line":19,"column":0},"end":{"line":19,"column":24}}},"fnMap":{"0":{"name":"(anonymous_0)","decl":{"start":{"line":11,"column":17},"end":{"line":11,"column":18}},"loc":{"start":{"line":11,"column":37},"end":{"line":11,"column":66}},"line":11},"1":{"name":"(anonymous_1)","decl":{"start":{"line":13,"column":19},"end":{"line":13,"column":20}},"loc":{"start":{"line":13,"column":39},"end":{"line":13,"column":59}},"line":13},"2":{"name":"(anonymous_2)","decl":{"start":{"line":17,"column":16},"end":{"line":17,"column":17}},"loc":{"start":{"line":17,"column":36},"end":{"line":17,"column":65}},"line":17}},"branchMap":{},"s":{"0":4,"1":4,"2":4,"3":4,"4":4,"5":0,"6":4,"7":0,"8":4,"9":4,"10":0,"11":4},"f":{"0":0,"1":0,"2":0},"b":{},"_coverageSchema":"1a1c01bbd47fc00a2c39e90264f33305004495a9","hash":"2d49946daa1de189e6e5cbd77a3d3630627abf60"}
,"C:\\Users\\User\\OneDrive\\Desktop\\Jest\\procurement-back-host\\routes\\msrs.js": {"path":"C:\\Users\\User\\OneDrive\\Desktop\\Jest\\procurement-back-host\\routes\\msrs.js","statementMap":{"0":{"start":{"line":1,"column":16},"end":{"line":1,"column":34}},"1":{"start":{"line":2,"column":15},"end":{"line":2,"column":31}},"2":{"start":{"line":13,"column":4},"end":{"line":13,"column":34}},"3":{"start":{"line":14,"column":13},"end":{"line":14,"column":42}},"4":{"start":{"line":16,"column":0},"end":{"line":16,"column":70}},"5":{"start":{"line":16,"column":37},"end":{"line":16,"column":57}},"6":{"start":{"line":18,"column":0},"end":{"line":18,"column":80}},"7":{"start":{"line":18,"column":41},"end":{"line":18,"column":61}},"8":{"start":{"line":20,"column":0},"end":{"line":20,"column":72}},"9":{"start":{"line":20,"column":39},"end":{"line":20,"column":59}},"10":{"start":{"line":22,"column":0},"end":{"line":22,"column":70}},"11":{"start":{"line":22,"column":36},"end":{"line":22,"column":56}},"12":{"start":{"line":24,"column":0},"end":{"line":28,"column":2}},"13":{"start":{"line":26,"column":22},"end":{"line":26,"column":42}},"14":{"start":{"line":30,"column":0},"end":{"line":34,"column":2}},"15":{"start":{"line":32,"column":22},"end":{"line":32,"column":42}},"16":{"start":{"line":36,"column":0},"end":{"line":40,"column":2}},"17":{"start":{"line":38,"column":22},"end":{"line":38,"column":42}},"18":{"start":{"line":42,"column":0},"end":{"line":42,"column":69}},"19":{"start":{"line":42,"column":36},"end":{"line":42,"column":56}},"20":{"start":{"line":44,"column":0},"end":{"line":44,"column":80}},"21":{"start":{"line":44,"column":45},"end":{"line":44,"column":65}},"22":{"start":{"line":46,"column":0},"end":{"line":46,"column":24}}},"fnMap":{"0":{"name":"(anonymous_0)","decl":{"start":{"line":16,"column":17},"end":{"line":16,"column":18}},"loc":{"start":{"line":16,"column":37},"end":{"line":16,"column":57}},"line":16},"1":{"name":"(anonymous_1)","decl":{"start":{"line":18,"column":21},"end":{"line":18,"column":22}},"loc":{"start":{"line":18,"column":41},"end":{"line":18,"column":61}},"line":18},"2":{"name":"(anonymous_2)","decl":{"start":{"line":20,"column":19},"end":{"line":20,"column":20}},"loc":{"start":{"line":20,"column":39},"end":{"line":20,"column":59}},"line":20},"3":{"name":"(anonymous_3)","decl":{"start":{"line":22,"column":16},"end":{"line":22,"column":17}},"loc":{"start":{"line":22,"column":36},"end":{"line":22,"column":56}},"line":22},"4":{"name":"(anonymous_4)","decl":{"start":{"line":26,"column":2},"end":{"line":26,"column":3}},"loc":{"start":{"line":26,"column":22},"end":{"line":26,"column":42}},"line":26},"5":{"name":"(anonymous_5)","decl":{"start":{"line":32,"column":2},"end":{"line":32,"column":3}},"loc":{"start":{"line":32,"column":22},"end":{"line":32,"column":42}},"line":32},"6":{"name":"(anonymous_6)","decl":{"start":{"line":38,"column":2},"end":{"line":38,"column":3}},"loc":{"start":{"line":38,"column":22},"end":{"line":38,"column":42}},"line":38},"7":{"name":"(anonymous_7)","decl":{"start":{"line":42,"column":16},"end":{"line":42,"column":17}},"loc":{"start":{"line":42,"column":36},"end":{"line":42,"column":56}},"line":42},"8":{"name":"(anonymous_8)","decl":{"start":{"line":44,"column":25},"end":{"line":44,"column":26}},"loc":{"start":{"line":44,"column":45},"end":{"line":44,"column":65}},"line":44}},"branchMap":{},"s":{"0":4,"1":4,"2":4,"3":4,"4":4,"5":0,"6":4,"7":0,"8":4,"9":4,"10":4,"11":4,"12":4,"13":0,"14":4,"15":0,"16":4,"17":0,"18":4,"19":0,"20":4,"21":0,"22":4},"f":{"0":0,"1":0,"2":4,"3":4,"4":0,"5":0,"6":0,"7":0,"8":0},"b":{},"_coverageSchema":"1a1c01bbd47fc00a2c39e90264f33305004495a9","hash":"f7fe176599a9c6962e3259d0bdf1be4817f2d8d0"}
,"C:\\Users\\User\\OneDrive\\Desktop\\Jest\\procurement-back-host\\routes\\nos.js": {"path":"C:\\Users\\User\\OneDrive\\Desktop\\Jest\\procurement-back-host\\routes\\nos.js","statementMap":{"0":{"start":{"line":1,"column":16},"end":{"line":1,"column":34}},"1":{"start":{"line":2,"column":15},"end":{"line":2,"column":31}},"2":{"start":{"line":9,"column":4},"end":{"line":9,"column":33}},"3":{"start":{"line":10,"column":13},"end":{"line":10,"column":42}},"4":{"start":{"line":12,"column":0},"end":{"line":12,"column":76}},"5":{"start":{"line":12,"column":39},"end":{"line":12,"column":59}},"6":{"start":{"line":14,"column":0},"end":{"line":14,"column":74}},"7":{"start":{"line":14,"column":38},"end":{"line":14,"column":58}},"8":{"start":{"line":16,"column":0},"end":{"line":16,"column":74}},"9":{"start":{"line":16,"column":38},"end":{"line":16,"column":58}},"10":{"start":{"line":18,"column":0},"end":{"line":18,"column":76}},"11":{"start":{"line":18,"column":39},"end":{"line":18,"column":59}},"12":{"start":{"line":20,"column":0},"end":{"line":20,"column":78}},"13":{"start":{"line":20,"column":41},"end":{"line":20,"column":61}},"14":{"start":{"line":22,"column":0},"end":{"line":22,"column":24}}},"fnMap":{"0":{"name":"(anonymous_0)","decl":{"start":{"line":12,"column":19},"end":{"line":12,"column":20}},"loc":{"start":{"line":12,"column":39},"end":{"line":12,"column":59}},"line":12},"1":{"name":"(anonymous_1)","decl":{"start":{"line":14,"column":18},"end":{"line":14,"column":19}},"loc":{"start":{"line":14,"column":38},"end":{"line":14,"column":58}},"line":14},"2":{"name":"(anonymous_2)","decl":{"start":{"line":16,"column":18},"end":{"line":16,"column":19}},"loc":{"start":{"line":16,"column":38},"end":{"line":16,"column":58}},"line":16},"3":{"name":"(anonymous_3)","decl":{"start":{"line":18,"column":19},"end":{"line":18,"column":20}},"loc":{"start":{"line":18,"column":39},"end":{"line":18,"column":59}},"line":18},"4":{"name":"(anonymous_4)","decl":{"start":{"line":20,"column":21},"end":{"line":20,"column":22}},"loc":{"start":{"line":20,"column":41},"end":{"line":20,"column":61}},"line":20}},"branchMap":{},"s":{"0":4,"1":4,"2":4,"3":4,"4":4,"5":0,"6":4,"7":0,"8":4,"9":0,"10":4,"11":0,"12":4,"13":0,"14":4},"f":{"0":0,"1":0,"2":0,"3":0,"4":0},"b":{},"_coverageSchema":"1a1c01bbd47fc00a2c39e90264f33305004495a9","hash":"a89464f83cc0c19afba2d6b2b06e02223607a313"}
,"C:\\Users\\User\\OneDrive\\Desktop\\Jest\\procurement-back-host\\routes\\pos.js": {"path":"C:\\Users\\User\\OneDrive\\Desktop\\Jest\\procurement-back-host\\routes\\pos.js","statementMap":{"0":{"start":{"line":1,"column":16},"end":{"line":1,"column":34}},"1":{"start":{"line":2,"column":15},"end":{"line":2,"column":31}},"2":{"start":{"line":11,"column":4},"end":{"line":11,"column":33}},"3":{"start":{"line":12,"column":13},"end":{"line":12,"column":42}},"4":{"start":{"line":14,"column":0},"end":{"line":14,"column":69}},"5":{"start":{"line":14,"column":37},"end":{"line":14,"column":57}},"6":{"start":{"line":16,"column":0},"end":{"line":16,"column":71}},"7":{"start":{"line":16,"column":39},"end":{"line":16,"column":59}},"8":{"start":{"line":18,"column":0},"end":{"line":18,"column":69}},"9":{"start":{"line":18,"column":36},"end":{"line":18,"column":56}},"10":{"start":{"line":20,"column":0},"end":{"line":24,"column":2}},"11":{"start":{"line":22,"column":22},"end":{"line":22,"column":42}},"12":{"start":{"line":26,"column":0},"end":{"line":30,"column":2}},"13":{"start":{"line":28,"column":22},"end":{"line":28,"column":42}},"14":{"start":{"line":32,"column":0},"end":{"line":36,"column":2}},"15":{"start":{"line":34,"column":22},"end":{"line":34,"column":42}},"16":{"start":{"line":38,"column":0},"end":{"line":38,"column":68}},"17":{"start":{"line":38,"column":36},"end":{"line":38,"column":56}},"18":{"start":{"line":40,"column":0},"end":{"line":40,"column":24}}},"fnMap":{"0":{"name":"(anonymous_0)","decl":{"start":{"line":14,"column":17},"end":{"line":14,"column":18}},"loc":{"start":{"line":14,"column":37},"end":{"line":14,"column":57}},"line":14},"1":{"name":"(anonymous_1)","decl":{"start":{"line":16,"column":19},"end":{"line":16,"column":20}},"loc":{"start":{"line":16,"column":39},"end":{"line":16,"column":59}},"line":16},"2":{"name":"(anonymous_2)","decl":{"start":{"line":18,"column":16},"end":{"line":18,"column":17}},"loc":{"start":{"line":18,"column":36},"end":{"line":18,"column":56}},"line":18},"3":{"name":"(anonymous_3)","decl":{"start":{"line":22,"column":2},"end":{"line":22,"column":3}},"loc":{"start":{"line":22,"column":22},"end":{"line":22,"column":42}},"line":22},"4":{"name":"(anonymous_4)","decl":{"start":{"line":28,"column":2},"end":{"line":28,"column":3}},"loc":{"start":{"line":28,"column":22},"end":{"line":28,"column":42}},"line":28},"5":{"name":"(anonymous_5)","decl":{"start":{"line":34,"column":2},"end":{"line":34,"column":3}},"loc":{"start":{"line":34,"column":22},"end":{"line":34,"column":42}},"line":34},"6":{"name":"(anonymous_6)","decl":{"start":{"line":38,"column":16},"end":{"line":38,"column":17}},"loc":{"start":{"line":38,"column":36},"end":{"line":38,"column":56}},"line":38}},"branchMap":{},"s":{"0":4,"1":4,"2":4,"3":4,"4":4,"5":0,"6":4,"7":0,"8":4,"9":0,"10":4,"11":0,"12":4,"13":0,"14":4,"15":0,"16":4,"17":0,"18":4},"f":{"0":0,"1":0,"2":0,"3":0,"4":0,"5":0,"6":0},"b":{},"_coverageSchema":"1a1c01bbd47fc00a2c39e90264f33305004495a9","hash":"ec314eed5adcfc28dc34e23093af8cebfba41aef"}
,"C:\\Users\\User\\OneDrive\\Desktop\\Jest\\procurement-back-host\\routes\\projects.js": {"path":"C:\\Users\\User\\OneDrive\\Desktop\\Jest\\procurement-back-host\\routes\\projects.js","statementMap":{"0":{"start":{"line":1,"column":16},"end":{"line":1,"column":34}},"1":{"start":{"line":2,"column":15},"end":{"line":2,"column":31}},"2":{"start":{"line":3,"column":36},"end":{"line":3,"column":70}},"3":{"start":{"line":4,"column":13},"end":{"line":4,"column":42}},"4":{"start":{"line":6,"column":0},"end":{"line":6,"column":80}},"5":{"start":{"line":6,"column":37},"end":{"line":6,"column":66}},"6":{"start":{"line":8,"column":0},"end":{"line":8,"column":71}},"7":{"start":{"line":8,"column":36},"end":{"line":8,"column":56}},"8":{"start":{"line":10,"column":0},"end":{"line":10,"column":24}}},"fnMap":{"0":{"name":"(anonymous_0)","decl":{"start":{"line":6,"column":17},"end":{"line":6,"column":18}},"loc":{"start":{"line":6,"column":37},"end":{"line":6,"column":66}},"line":6},"1":{"name":"(anonymous_1)","decl":{"start":{"line":8,"column":16},"end":{"line":8,"column":17}},"loc":{"start":{"line":8,"column":36},"end":{"line":8,"column":56}},"line":8}},"branchMap":{},"s":{"0":4,"1":4,"2":4,"3":4,"4":4,"5":0,"6":4,"7":0,"8":4},"f":{"0":0,"1":0},"b":{},"_coverageSchema":"1a1c01bbd47fc00a2c39e90264f33305004495a9","hash":"1fc0911b7fabf79ef3291f804b9aa8631fb8a800"}
,"C:\\Users\\User\\OneDrive\\Desktop\\Jest\\procurement-back-host\\routes\\prs.js": {"path":"C:\\Users\\User\\OneDrive\\Desktop\\Jest\\procurement-back-host\\routes\\prs.js","statementMap":{"0":{"start":{"line":1,"column":16},"end":{"line":1,"column":34}},"1":{"start":{"line":2,"column":15},"end":{"line":2,"column":31}},"2":{"start":{"line":9,"column":4},"end":{"line":9,"column":33}},"3":{"start":{"line":10,"column":13},"end":{"line":10,"column":42}},"4":{"start":{"line":12,"column":0},"end":{"line":12,"column":69}},"5":{"start":{"line":12,"column":37},"end":{"line":12,"column":57}},"6":{"start":{"line":14,"column":0},"end":{"line":14,"column":71}},"7":{"start":{"line":14,"column":39},"end":{"line":14,"column":59}},"8":{"start":{"line":16,"column":0},"end":{"line":16,"column":69}},"9":{"start":{"line":16,"column":36},"end":{"line":16,"column":56}},"10":{"start":{"line":18,"column":0},"end":{"line":18,"column":80}},"11":{"start":{"line":18,"column":41},"end":{"line":18,"column":61}},"12":{"start":{"line":20,"column":0},"end":{"line":24,"column":2}},"13":{"start":{"line":22,"column":22},"end":{"line":22,"column":42}},"14":{"start":{"line":26,"column":0},"end":{"line":30,"column":2}},"15":{"start":{"line":28,"column":22},"end":{"line":28,"column":42}},"16":{"start":{"line":32,"column":0},"end":{"line":32,"column":24}}},"fnMap":{"0":{"name":"(anonymous_0)","decl":{"start":{"line":12,"column":17},"end":{"line":12,"column":18}},"loc":{"start":{"line":12,"column":37},"end":{"line":12,"column":57}},"line":12},"1":{"name":"(anonymous_1)","decl":{"start":{"line":14,"column":19},"end":{"line":14,"column":20}},"loc":{"start":{"line":14,"column":39},"end":{"line":14,"column":59}},"line":14},"2":{"name":"(anonymous_2)","decl":{"start":{"line":16,"column":16},"end":{"line":16,"column":17}},"loc":{"start":{"line":16,"column":36},"end":{"line":16,"column":56}},"line":16},"3":{"name":"(anonymous_3)","decl":{"start":{"line":18,"column":21},"end":{"line":18,"column":22}},"loc":{"start":{"line":18,"column":41},"end":{"line":18,"column":61}},"line":18},"4":{"name":"(anonymous_4)","decl":{"start":{"line":22,"column":2},"end":{"line":22,"column":3}},"loc":{"start":{"line":22,"column":22},"end":{"line":22,"column":42}},"line":22},"5":{"name":"(anonymous_5)","decl":{"start":{"line":28,"column":2},"end":{"line":28,"column":3}},"loc":{"start":{"line":28,"column":22},"end":{"line":28,"column":42}},"line":28}},"branchMap":{},"s":{"0":4,"1":4,"2":4,"3":4,"4":4,"5":0,"6":4,"7":4,"8":4,"9":3,"10":4,"11":0,"12":4,"13":0,"14":4,"15":0,"16":4},"f":{"0":0,"1":4,"2":3,"3":0,"4":0,"5":0},"b":{},"_coverageSchema":"1a1c01bbd47fc00a2c39e90264f33305004495a9","hash":"02ed4d810d0ecb1e954357e868c1541af582b522"}
,"C:\\Users\\User\\OneDrive\\Desktop\\Jest\\procurement-back-host\\routes\\ses.js": {"path":"C:\\Users\\User\\OneDrive\\Desktop\\Jest\\procurement-back-host\\routes\\ses.js","statementMap":{"0":{"start":{"line":1,"column":16},"end":{"line":1,"column":34}},"1":{"start":{"line":2,"column":15},"end":{"line":2,"column":31}},"2":{"start":{"line":3,"column":29},"end":{"line":3,"column":58}},"3":{"start":{"line":4,"column":13},"end":{"line":4,"column":42}},"4":{"start":{"line":6,"column":0},"end":{"line":6,"column":76}},"5":{"start":{"line":6,"column":36},"end":{"line":6,"column":56}},"6":{"start":{"line":8,"column":0},"end":{"line":8,"column":24}}},"fnMap":{"0":{"name":"(anonymous_0)","decl":{"start":{"line":6,"column":16},"end":{"line":6,"column":17}},"loc":{"start":{"line":6,"column":36},"end":{"line":6,"column":56}},"line":6}},"branchMap":{},"s":{"0":4,"1":4,"2":4,"3":4,"4":4,"5":0,"6":4},"f":{"0":0},"b":{},"_coverageSchema":"1a1c01bbd47fc00a2c39e90264f33305004495a9","hash":"186cd6e83b19481d42ac69304917403a6e612dd3"}
,"C:\\Users\\User\\OneDrive\\Desktop\\Jest\\procurement-back-host\\routes\\suppliers.js": {"path":"C:\\Users\\User\\OneDrive\\Desktop\\Jest\\procurement-back-host\\routes\\suppliers.js","statementMap":{"0":{"start":{"line":1,"column":16},"end":{"line":1,"column":34}},"1":{"start":{"line":2,"column":15},"end":{"line":2,"column":31}},"2":{"start":{"line":3,"column":25},"end":{"line":3,"column":60}},"3":{"start":{"line":4,"column":13},"end":{"line":4,"column":42}},"4":{"start":{"line":6,"column":0},"end":{"line":6,"column":77}},"5":{"start":{"line":6,"column":41},"end":{"line":6,"column":61}},"6":{"start":{"line":8,"column":0},"end":{"line":8,"column":24}}},"fnMap":{"0":{"name":"(anonymous_0)","decl":{"start":{"line":6,"column":21},"end":{"line":6,"column":22}},"loc":{"start":{"line":6,"column":41},"end":{"line":6,"column":61}},"line":6}},"branchMap":{},"s":{"0":4,"1":4,"2":4,"3":4,"4":4,"5":0,"6":4},"f":{"0":0},"b":{},"_coverageSchema":"1a1c01bbd47fc00a2c39e90264f33305004495a9","hash":"f306bbd37c385ce974a5db7d18f8e38f0539a4eb"}
,"C:\\Users\\User\\OneDrive\\Desktop\\Jest\\procurement-back-host\\routes\\users.js": {"path":"C:\\Users\\User\\OneDrive\\Desktop\\Jest\\procurement-back-host\\routes\\users.js","statementMap":{"0":{"start":{"line":1,"column":16},"end":{"line":1,"column":34}},"1":{"start":{"line":2,"column":15},"end":{"line":2,"column":31}},"2":{"start":{"line":9,"column":4},"end":{"line":9,"column":35}},"3":{"start":{"line":10,"column":13},"end":{"line":10,"column":42}},"4":{"start":{"line":12,"column":0},"end":{"line":12,"column":77}},"5":{"start":{"line":12,"column":37},"end":{"line":12,"column":66}},"6":{"start":{"line":14,"column":0},"end":{"line":14,"column":73}},"7":{"start":{"line":14,"column":39},"end":{"line":14,"column":59}},"8":{"start":{"line":16,"column":0},"end":{"line":16,"column":71}},"9":{"start":{"line":16,"column":36},"end":{"line":16,"column":56}},"10":{"start":{"line":18,"column":0},"end":{"line":18,"column":79}},"11":{"start":{"line":18,"column":36},"end":{"line":18,"column":65}},"12":{"start":{"line":20,"column":0},"end":{"line":24,"column":2}},"13":{"start":{"line":22,"column":22},"end":{"line":22,"column":51}},"14":{"start":{"line":26,"column":0},"end":{"line":26,"column":24}}},"fnMap":{"0":{"name":"(anonymous_0)","decl":{"start":{"line":12,"column":17},"end":{"line":12,"column":18}},"loc":{"start":{"line":12,"column":37},"end":{"line":12,"column":66}},"line":12},"1":{"name":"(anonymous_1)","decl":{"start":{"line":14,"column":19},"end":{"line":14,"column":20}},"loc":{"start":{"line":14,"column":39},"end":{"line":14,"column":59}},"line":14},"2":{"name":"(anonymous_2)","decl":{"start":{"line":16,"column":16},"end":{"line":16,"column":17}},"loc":{"start":{"line":16,"column":36},"end":{"line":16,"column":56}},"line":16},"3":{"name":"(anonymous_3)","decl":{"start":{"line":18,"column":16},"end":{"line":18,"column":17}},"loc":{"start":{"line":18,"column":36},"end":{"line":18,"column":65}},"line":18},"4":{"name":"(anonymous_4)","decl":{"start":{"line":22,"column":2},"end":{"line":22,"column":3}},"loc":{"start":{"line":22,"column":22},"end":{"line":22,"column":51}},"line":22}},"branchMap":{},"s":{"0":4,"1":4,"2":4,"3":4,"4":4,"5":0,"6":4,"7":0,"8":4,"9":1,"10":4,"11":0,"12":4,"13":0,"14":4},"f":{"0":0,"1":0,"2":1,"3":0,"4":0},"b":{},"_coverageSchema":"1a1c01bbd47fc00a2c39e90264f33305004495a9","hash":"efa7be511bb74a32978e15e012b08db548435f26"}
}
