{"C:\\Users\\pamud\\Desktop\\PMS\\Project\\procurement-backend\\envVariables.js": {"path":"C:\\Users\\pamud\\Desktop\\PMS\\Project\\procurement-backend\\envVariables.js","statementMap":{"0":{"start":{"line":1,"column":0},"end":{"line":12,"column":2}}},"fnMap":{},"branchMap":{},"s":{"0":3},"f":{},"b":{},"_coverageSchema":"1a1c01bbd47fc00a2c39e90264f33305004495a9","hash":"eee121604e6529b3b822c7a2980ffeafcb7fb371"}
,"C:\\Users\\pamud\\Desktop\\PMS\\Project\\procurement-backend\\index.js": {"path":"C:\\Users\\pamud\\Desktop\\PMS\\Project\\procurement-backend\\index.js","statementMap":{"0":{"start":{"line":1,"column":16},"end":{"line":1,"column":34}},"1":{"start":{"line":2,"column":12},"end":{"line":2,"column":21}},"2":{"start":{"line":3,"column":13},"end":{"line":3,"column":28}},"3":{"start":{"line":4,"column":17},"end":{"line":4,"column":36}},"4":{"start":{"line":6,"column":11},"end":{"line":6,"column":26}},"5":{"start":{"line":7,"column":0},"end":{"line":7,"column":41}},"6":{"start":{"line":9,"column":16},"end":{"line":9,"column":43}},"7":{"start":{"line":10,"column":17},"end":{"line":10,"column":45}},"8":{"start":{"line":11,"column":18},"end":{"line":11,"column":47}},"9":{"start":{"line":12,"column":16},"end":{"line":12,"column":43}},"10":{"start":{"line":13,"column":18},"end":{"line":13,"column":47}},"11":{"start":{"line":14,"column":17},"end":{"line":14,"column":45}},"12":{"start":{"line":15,"column":15},"end":{"line":15,"column":41}},"13":{"start":{"line":16,"column":25},"end":{"line":16,"column":57}},"14":{"start":{"line":17,"column":16},"end":{"line":17,"column":43}},"15":{"start":{"line":18,"column":17},"end":{"line":18,"column":45}},"16":{"start":{"line":19,"column":19},"end":{"line":19,"column":49}},"17":{"start":{"line":20,"column":17},"end":{"line":20,"column":45}},"18":{"start":{"line":21,"column":15},"end":{"line":21,"column":41}},"19":{"start":{"line":22,"column":17},"end":{"line":22,"column":45}},"20":{"start":{"line":23,"column":17},"end":{"line":23,"column":45}},"21":{"start":{"line":24,"column":19},"end":{"line":24,"column":49}},"22":{"start":{"line":25,"column":14},"end":{"line":25,"column":39}},"23":{"start":{"line":26,"column":15},"end":{"line":26,"column":51}},"24":{"start":{"line":27,"column":18},"end":{"line":27,"column":47}},"25":{"start":{"line":28,"column":19},"end":{"line":28,"column":49}},"26":{"start":{"line":29,"column":20},"end":{"line":29,"column":51}},"27":{"start":{"line":30,"column":25},"end":{"line":30,"column":62}},"28":{"start":{"line":31,"column":17},"end":{"line":31,"column":44}},"29":{"start":{"line":32,"column":16},"end":{"line":32,"column":42}},"30":{"start":{"line":34,"column":12},"end":{"line":34,"column":37}},"31":{"start":{"line":35,"column":0},"end":{"line":38,"column":2}},"32":{"start":{"line":46,"column":0},"end":{"line":46,"column":16}},"33":{"start":{"line":47,"column":0},"end":{"line":47,"column":24}},"34":{"start":{"line":48,"column":0},"end":{"line":48,"column":39}},"35":{"start":{"line":49,"column":0},"end":{"line":49,"column":32}},"36":{"start":{"line":50,"column":0},"end":{"line":50,"column":38}},"37":{"start":{"line":51,"column":0},"end":{"line":51,"column":34}},"38":{"start":{"line":52,"column":0},"end":{"line":52,"column":38}},"39":{"start":{"line":53,"column":0},"end":{"line":53,"column":36}},"40":{"start":{"line":54,"column":0},"end":{"line":54,"column":32}},"41":{"start":{"line":55,"column":0},"end":{"line":55,"column":44}},"42":{"start":{"line":56,"column":0},"end":{"line":56,"column":34}},"43":{"start":{"line":57,"column":0},"end":{"line":57,"column":36}},"44":{"start":{"line":58,"column":0},"end":{"line":58,"column":38}},"45":{"start":{"line":59,"column":0},"end":{"line":59,"column":36}},"46":{"start":{"line":60,"column":0},"end":{"line":60,"column":32}},"47":{"start":{"line":61,"column":0},"end":{"line":61,"column":36}},"48":{"start":{"line":62,"column":0},"end":{"line":62,"column":36}},"49":{"start":{"line":63,"column":0},"end":{"line":63,"column":40}},"50":{"start":{"line":64,"column":0},"end":{"line":64,"column":30}},"51":{"start":{"line":65,"column":0},"end":{"line":65,"column":39}},"52":{"start":{"line":66,"column":0},"end":{"line":66,"column":38}},"53":{"start":{"line":67,"column":0},"end":{"line":67,"column":40}},"54":{"start":{"line":68,"column":0},"end":{"line":68,"column":42}},"55":{"start":{"line":69,"column":0},"end":{"line":69,"column":47}},"56":{"start":{"line":70,"column":0},"end":{"line":70,"column":35}},"57":{"start":{"line":71,"column":0},"end":{"line":71,"column":33}},"58":{"start":{"line":73,"column":20},"end":{"line":73,"column":64}},"59":{"start":{"line":74,"column":13},"end":{"line":74,"column":44}},"60":{"start":{"line":76,"column":15},"end":{"line":78,"column":1}},"61":{"start":{"line":77,"column":2},"end":{"line":77,"column":46}},"62":{"start":{"line":80,"column":0},"end":{"line":80,"column":24}}},"fnMap":{"0":{"name":"(anonymous_0)","decl":{"start":{"line":76,"column":32},"end":{"line":76,"column":33}},"loc":{"start":{"line":77,"column":2},"end":{"line":77,"column":46}},"line":77}},"branchMap":{"0":{"loc":{"start":{"line":36,"column":2},"end":{"line":36,"column":64}},"type":"cond-expr","locations":[{"start":{"line":36,"column":35},"end":{"line":36,"column":50}},{"start":{"line":36,"column":53},"end":{"line":36,"column":64}}],"line":36},"1":{"loc":{"start":{"line":73,"column":20},"end":{"line":73,"column":64}},"type":"cond-expr","locations":[{"start":{"line":73,"column":53},"end":{"line":73,"column":57}},{"start":{"line":73,"column":60},"end":{"line":73,"column":64}}],"line":73},"2":{"loc":{"start":{"line":74,"column":13},"end":{"line":74,"column":44}},"type":"binary-expr","locations":[{"start":{"line":74,"column":13},"end":{"line":74,"column":29}},{"start":{"line":74,"column":33},"end":{"line":74,"column":44}}],"line":74}},"s":{"0":3,"1":3,"2":3,"3":3,"4":3,"5":3,"6":3,"7":3,"8":3,"9":3,"10":3,"11":3,"12":3,"13":3,"14":3,"15":3,"16":3,"17":3,"18":3,"19":3,"20":3,"21":3,"22":3,"23":3,"24":3,"25":3,"26":3,"27":3,"28":3,"29":3,"30":3,"31":3,"32":3,"33":3,"34":3,"35":3,"36":3,"37":3,"38":3,"39":3,"40":3,"41":3,"42":3,"43":3,"44":3,"45":3,"46":3,"47":3,"48":3,"49":3,"50":3,"51":3,"52":3,"53":3,"54":3,"55":3,"56":3,"57":3,"58":3,"59":3,"60":3,"61":3,"62":3},"f":{"0":3},"b":{"0":[3,0],"1":[3,0],"2":[3,3]},"_coverageSchema":"1a1c01bbd47fc00a2c39e90264f33305004495a9","hash":"f411a51a6495757e0dffcf958025009f2f37c066"}
,"C:\\Users\\pamud\\Desktop\\PMS\\Project\\procurement-backend\\funForTest\\db.js": {"path":"C:\\Users\\pamud\\Desktop\\PMS\\Project\\procurement-backend\\funForTest\\db.js","statementMap":{"0":{"start":{"line":1,"column":0},"end":{"line":5,"column":2}},"1":{"start":{"line":2,"column":2},"end":{"line":2,"column":30}},"2":{"start":{"line":4,"column":2},"end":{"line":4,"column":32}}},"fnMap":{"0":{"name":"(anonymous_0)","decl":{"start":{"line":1,"column":29},"end":{"line":1,"column":30}},"loc":{"start":{"line":1,"column":43},"end":{"line":5,"column":1}},"line":1}},"branchMap":{},"s":{"0":1,"1":0,"2":0},"f":{"0":0},"b":{},"_coverageSchema":"1a1c01bbd47fc00a2c39e90264f33305004495a9","hash":"8e61c1012cf65be68c6c4e13135c2ebc2da131ee"}
,"C:\\Users\\pamud\\Desktop\\PMS\\Project\\procurement-backend\\funForTest\\exercise1.js": {"path":"C:\\Users\\pamud\\Desktop\\PMS\\Project\\procurement-backend\\funForTest\\exercise1.js","statementMap":{"0":{"start":{"line":1,"column":0},"end":{"line":11,"column":2}},"1":{"start":{"line":2,"column":2},"end":{"line":2,"column":77}},"2":{"start":{"line":2,"column":33},"end":{"line":2,"column":77}},"3":{"start":{"line":4,"column":2},"end":{"line":4,"column":60}},"4":{"start":{"line":4,"column":42},"end":{"line":4,"column":60}},"5":{"start":{"line":6,"column":2},"end":{"line":6,"column":37}},"6":{"start":{"line":6,"column":23},"end":{"line":6,"column":37}},"7":{"start":{"line":8,"column":2},"end":{"line":8,"column":37}},"8":{"start":{"line":8,"column":23},"end":{"line":8,"column":37}},"9":{"start":{"line":10,"column":2},"end":{"line":10,"column":15}}},"fnMap":{"0":{"name":"fizzBuzz","decl":{"start":{"line":1,"column":26},"end":{"line":1,"column":34}},"loc":{"start":{"line":1,"column":42},"end":{"line":11,"column":1}},"line":1}},"branchMap":{"0":{"loc":{"start":{"line":2,"column":2},"end":{"line":2,"column":77}},"type":"if","locations":[{"start":{"line":2,"column":2},"end":{"line":2,"column":77}},{"start":{"line":2,"column":2},"end":{"line":2,"column":77}}],"line":2},"1":{"loc":{"start":{"line":4,"column":2},"end":{"line":4,"column":60}},"type":"if","locations":[{"start":{"line":4,"column":2},"end":{"line":4,"column":60}},{"start":{"line":4,"column":2},"end":{"line":4,"column":60}}],"line":4},"2":{"loc":{"start":{"line":4,"column":6},"end":{"line":4,"column":40}},"type":"binary-expr","locations":[{"start":{"line":4,"column":6},"end":{"line":4,"column":21}},{"start":{"line":4,"column":25},"end":{"line":4,"column":40}}],"line":4},"3":{"loc":{"start":{"line":6,"column":2},"end":{"line":6,"column":37}},"type":"if","locations":[{"start":{"line":6,"column":2},"end":{"line":6,"column":37}},{"start":{"line":6,"column":2},"end":{"line":6,"column":37}}],"line":6},"4":{"loc":{"start":{"line":8,"column":2},"end":{"line":8,"column":37}},"type":"if","locations":[{"start":{"line":8,"column":2},"end":{"line":8,"column":37}},{"start":{"line":8,"column":2},"end":{"line":8,"column":37}}],"line":8}},"s":{"0":1,"1":9,"2":5,"3":4,"4":1,"5":3,"6":1,"7":2,"8":1,"9":1},"f":{"0":9},"b":{"0":[5,4],"1":[1,3],"2":[4,2],"3":[1,2],"4":[1,1]},"_coverageSchema":"1a1c01bbd47fc00a2c39e90264f33305004495a9","hash":"e4de9d852616c490aa930c5860c06159709dc78d"}
,"C:\\Users\\pamud\\Desktop\\PMS\\Project\\procurement-backend\\funForTest\\first.js": {"path":"C:\\Users\\pamud\\Desktop\\PMS\\Project\\procurement-backend\\funForTest\\first.js","statementMap":{"0":{"start":{"line":1,"column":0},"end":{"line":5,"column":2}},"1":{"start":{"line":2,"column":2},"end":{"line":2,"column":26}},"2":{"start":{"line":2,"column":15},"end":{"line":2,"column":26}},"3":{"start":{"line":3,"column":2},"end":{"line":3,"column":27}},"4":{"start":{"line":3,"column":15},"end":{"line":3,"column":27}},"5":{"start":{"line":4,"column":2},"end":{"line":4,"column":11}},"6":{"start":{"line":7,"column":0},"end":{"line":9,"column":2}},"7":{"start":{"line":8,"column":2},"end":{"line":8,"column":26}},"8":{"start":{"line":11,"column":0},"end":{"line":13,"column":2}},"9":{"start":{"line":12,"column":2},"end":{"line":12,"column":33}},"10":{"start":{"line":15,"column":0},"end":{"line":18,"column":2}},"11":{"start":{"line":16,"column":16},"end":{"line":16,"column":23}},"12":{"start":{"line":17,"column":2},"end":{"line":17,"column":23}},"13":{"start":{"line":20,"column":0},"end":{"line":24,"column":2}},"14":{"start":{"line":21,"column":2},"end":{"line":21,"column":49}},"15":{"start":{"line":21,"column":13},"end":{"line":21,"column":49}},"16":{"start":{"line":23,"column":2},"end":{"line":23,"column":44}}},"fnMap":{"0":{"name":"(anonymous_0)","decl":{"start":{"line":1,"column":26},"end":{"line":1,"column":27}},"loc":{"start":{"line":1,"column":41},"end":{"line":5,"column":1}},"line":1},"1":{"name":"(anonymous_1)","decl":{"start":{"line":7,"column":27},"end":{"line":7,"column":28}},"loc":{"start":{"line":7,"column":42},"end":{"line":9,"column":1}},"line":7},"2":{"name":"(anonymous_2)","decl":{"start":{"line":11,"column":26},"end":{"line":11,"column":27}},"loc":{"start":{"line":11,"column":38},"end":{"line":13,"column":1}},"line":11},"3":{"name":"(anonymous_3)","decl":{"start":{"line":15,"column":24},"end":{"line":15,"column":25}},"loc":{"start":{"line":15,"column":38},"end":{"line":18,"column":1}},"line":15},"4":{"name":"(anonymous_4)","decl":{"start":{"line":20,"column":27},"end":{"line":20,"column":28}},"loc":{"start":{"line":20,"column":43},"end":{"line":24,"column":1}},"line":20}},"branchMap":{"0":{"loc":{"start":{"line":2,"column":2},"end":{"line":2,"column":26}},"type":"if","locations":[{"start":{"line":2,"column":2},"end":{"line":2,"column":26}},{"start":{"line":2,"column":2},"end":{"line":2,"column":26}}],"line":2},"1":{"loc":{"start":{"line":3,"column":2},"end":{"line":3,"column":27}},"type":"if","locations":[{"start":{"line":3,"column":2},"end":{"line":3,"column":27}},{"start":{"line":3,"column":2},"end":{"line":3,"column":27}}],"line":3},"2":{"loc":{"start":{"line":21,"column":2},"end":{"line":21,"column":49}},"type":"if","locations":[{"start":{"line":21,"column":2},"end":{"line":21,"column":49}},{"start":{"line":21,"column":2},"end":{"line":21,"column":49}}],"line":21}},"s":{"0":1,"1":3,"2":1,"3":2,"4":1,"5":1,"6":1,"7":1,"8":1,"9":1,"10":1,"11":1,"12":1,"13":1,"14":7,"15":6,"16":1},"f":{"0":3,"1":1,"2":1,"3":1,"4":7},"b":{"0":[1,2],"1":[1,1],"2":[6,1]},"_coverageSchema":"1a1c01bbd47fc00a2c39e90264f33305004495a9","hash":"eea6c2f480e00851fa23fb8e690b19c148cf1d11"}
,"C:\\Users\\pamud\\Desktop\\PMS\\Project\\procurement-backend\\funForTest\\mockFun.js": {"path":"C:\\Users\\pamud\\Desktop\\PMS\\Project\\procurement-backend\\funForTest\\mockFun.js","statementMap":{"0":{"start":{"line":1,"column":11},"end":{"line":1,"column":26}},"1":{"start":{"line":3,"column":0},"end":{"line":7,"column":2}},"2":{"start":{"line":4,"column":19},"end":{"line":4,"column":46}},"3":{"start":{"line":6,"column":2},"end":{"line":6,"column":47}},"4":{"start":{"line":6,"column":28},"end":{"line":6,"column":47}}},"fnMap":{"0":{"name":"(anonymous_0)","decl":{"start":{"line":3,"column":31},"end":{"line":3,"column":32}},"loc":{"start":{"line":3,"column":48},"end":{"line":7,"column":1}},"line":3}},"branchMap":{"0":{"loc":{"start":{"line":6,"column":2},"end":{"line":6,"column":47}},"type":"if","locations":[{"start":{"line":6,"column":2},"end":{"line":6,"column":47}},{"start":{"line":6,"column":2},"end":{"line":6,"column":47}}],"line":6}},"s":{"0":1,"1":1,"2":1,"3":1,"4":1},"f":{"0":1},"b":{"0":[1,0]},"_coverageSchema":"1a1c01bbd47fc00a2c39e90264f33305004495a9","hash":"7f5f1aed44cfff0bbe462e71e2af3316e98be6aa"}
,"C:\\Users\\pamud\\Desktop\\PMS\\Project\\procurement-backend\\middleware\\authMiddleware.js": {"path":"C:\\Users\\pamud\\Desktop\\PMS\\Project\\procurement-backend\\middleware\\authMiddleware.js","statementMap":{"0":{"start":{"line":1,"column":12},"end":{"line":1,"column":35}},"1":{"start":{"line":2,"column":12},"end":{"line":2,"column":38}},"2":{"start":{"line":4,"column":0},"end":{"line":19,"column":2}},"3":{"start":{"line":5,"column":16},"end":{"line":5,"column":42}},"4":{"start":{"line":7,"column":2},"end":{"line":8,"column":75}},"5":{"start":{"line":8,"column":4},"end":{"line":8,"column":75}},"6":{"start":{"line":10,"column":2},"end":{"line":18,"column":3}},"7":{"start":{"line":11,"column":20},"end":{"line":11,"column":50}},"8":{"start":{"line":12,"column":4},"end":{"line":12,"column":25}},"9":{"start":{"line":13,"column":4},"end":{"line":13,"column":23}},"10":{"start":{"line":15,"column":4},"end":{"line":15,"column":11}},"11":{"start":{"line":17,"column":4},"end":{"line":17,"column":43}}},"fnMap":{"0":{"name":"(anonymous_0)","decl":{"start":{"line":4,"column":17},"end":{"line":4,"column":18}},"loc":{"start":{"line":4,"column":43},"end":{"line":19,"column":1}},"line":4}},"branchMap":{"0":{"loc":{"start":{"line":7,"column":2},"end":{"line":8,"column":75}},"type":"if","locations":[{"start":{"line":7,"column":2},"end":{"line":8,"column":75}},{"start":{"line":7,"column":2},"end":{"line":8,"column":75}}],"line":7}},"s":{"0":3,"1":3,"2":3,"3":3,"4":3,"5":2,"6":1,"7":1,"8":1,"9":1,"10":1,"11":0},"f":{"0":3},"b":{"0":[2,1]},"_coverageSchema":"1a1c01bbd47fc00a2c39e90264f33305004495a9","hash":"d20939971ad9bba64724485b7b276d57d0affc5d"}
,"C:\\Users\\pamud\\Desktop\\PMS\\Project\\procurement-backend\\modules\\dailyReportModule.js": {"path":"C:\\Users\\pamud\\Desktop\\PMS\\Project\\procurement-backend\\modules\\dailyReportModule.js","statementMap":{"0":{"start":{"line":1,"column":12},"end":{"line":1,"column":26}},"1":{"start":{"line":2,"column":17},"end":{"line":2,"column":36}},"2":{"start":{"line":4,"column":20},"end":{"line":37,"column":3}},"3":{"start":{"line":48,"column":0},"end":{"line":48,"column":34}}},"fnMap":{},"branchMap":{},"s":{"0":3,"1":3,"2":3,"3":3},"f":{},"b":{},"_coverageSchema":"1a1c01bbd47fc00a2c39e90264f33305004495a9","hash":"53be501c744e49dff60ac91368ea4658eb0bfef2"}
,"C:\\Users\\pamud\\Desktop\\PMS\\Project\\procurement-backend\\modules\\grnModule.js": {"path":"C:\\Users\\pamud\\Desktop\\PMS\\Project\\procurement-backend\\modules\\grnModule.js","statementMap":{"0":{"start":{"line":1,"column":12},"end":{"line":1,"column":26}},"1":{"start":{"line":2,"column":17},"end":{"line":2,"column":36}},"2":{"start":{"line":4,"column":12},"end":{"line":52,"column":3}},"3":{"start":{"line":63,"column":0},"end":{"line":63,"column":18}}},"fnMap":{},"branchMap":{},"s":{"0":3,"1":3,"2":3,"3":3},"f":{},"b":{},"_coverageSchema":"1a1c01bbd47fc00a2c39e90264f33305004495a9","hash":"3506b4f640475d98121fc854da044dcff08c83af"}
,"C:\\Users\\pamud\\Desktop\\PMS\\Project\\procurement-backend\\modules\\itemModule.js": {"path":"C:\\Users\\pamud\\Desktop\\PMS\\Project\\procurement-backend\\modules\\itemModule.js","statementMap":{"0":{"start":{"line":1,"column":17},"end":{"line":1,"column":36}},"1":{"start":{"line":3,"column":13},"end":{"line":28,"column":3}},"2":{"start":{"line":30,"column":0},"end":{"line":30,"column":20}}},"fnMap":{},"branchMap":{},"s":{"0":3,"1":3,"2":3},"f":{},"b":{},"_coverageSchema":"1a1c01bbd47fc00a2c39e90264f33305004495a9","hash":"ee16da96523b27e9688f1897da575b202d13543b"}
,"C:\\Users\\pamud\\Desktop\\PMS\\Project\\procurement-backend\\modules\\msrModule.js": {"path":"C:\\Users\\pamud\\Desktop\\PMS\\Project\\procurement-backend\\modules\\msrModule.js","statementMap":{"0":{"start":{"line":1,"column":12},"end":{"line":1,"column":26}},"1":{"start":{"line":2,"column":17},"end":{"line":2,"column":36}},"2":{"start":{"line":4,"column":12},"end":{"line":52,"column":3}},"3":{"start":{"line":63,"column":0},"end":{"line":63,"column":18}}},"fnMap":{},"branchMap":{},"s":{"0":3,"1":3,"2":3,"3":3},"f":{},"b":{},"_coverageSchema":"1a1c01bbd47fc00a2c39e90264f33305004495a9","hash":"d5af6bc827e26207daf898ffe0c5a7d157849e27"}
,"C:\\Users\\pamud\\Desktop\\PMS\\Project\\procurement-backend\\modules\\poModule.js": {"path":"C:\\Users\\pamud\\Desktop\\PMS\\Project\\procurement-backend\\modules\\poModule.js","statementMap":{"0":{"start":{"line":1,"column":12},"end":{"line":1,"column":26}},"1":{"start":{"line":2,"column":17},"end":{"line":2,"column":36}},"2":{"start":{"line":4,"column":11},"end":{"line":57,"column":3}},"3":{"start":{"line":68,"column":0},"end":{"line":68,"column":16}}},"fnMap":{},"branchMap":{},"s":{"0":3,"1":3,"2":3,"3":3},"f":{},"b":{},"_coverageSchema":"1a1c01bbd47fc00a2c39e90264f33305004495a9","hash":"b86634c659faa13568529aa053293b0800c0fcaf"}
,"C:\\Users\\pamud\\Desktop\\PMS\\Project\\procurement-backend\\modules\\prModule.js": {"path":"C:\\Users\\pamud\\Desktop\\PMS\\Project\\procurement-backend\\modules\\prModule.js","statementMap":{"0":{"start":{"line":1,"column":12},"end":{"line":1,"column":26}},"1":{"start":{"line":2,"column":17},"end":{"line":2,"column":36}},"2":{"start":{"line":4,"column":11},"end":{"line":41,"column":3}},"3":{"start":{"line":52,"column":0},"end":{"line":52,"column":16}}},"fnMap":{},"branchMap":{},"s":{"0":3,"1":3,"2":3,"3":3},"f":{},"b":{},"_coverageSchema":"1a1c01bbd47fc00a2c39e90264f33305004495a9","hash":"926cba3791305b6d65987a8801221e5cfee396b2"}
,"C:\\Users\\pamud\\Desktop\\PMS\\Project\\procurement-backend\\modules\\projectModule.js": {"path":"C:\\Users\\pamud\\Desktop\\PMS\\Project\\procurement-backend\\modules\\projectModule.js","statementMap":{"0":{"start":{"line":1,"column":17},"end":{"line":1,"column":36}},"1":{"start":{"line":3,"column":16},"end":{"line":36,"column":3}},"2":{"start":{"line":38,"column":0},"end":{"line":38,"column":26}}},"fnMap":{},"branchMap":{},"s":{"0":3,"1":3,"2":3},"f":{},"b":{},"_coverageSchema":"1a1c01bbd47fc00a2c39e90264f33305004495a9","hash":"7f3b6f2b5c25b556e36ef7f22c9235672cd28fc0"}
,"C:\\Users\\pamud\\Desktop\\PMS\\Project\\procurement-backend\\modules\\userModule.js": {"path":"C:\\Users\\pamud\\Desktop\\PMS\\Project\\procurement-backend\\modules\\userModule.js","statementMap":{"0":{"start":{"line":1,"column":17},"end":{"line":1,"column":36}},"1":{"start":{"line":3,"column":13},"end":{"line":40,"column":3}},"2":{"start":{"line":42,"column":0},"end":{"line":42,"column":20}}},"fnMap":{},"branchMap":{},"s":{"0":3,"1":3,"2":3},"f":{},"b":{},"_coverageSchema":"1a1c01bbd47fc00a2c39e90264f33305004495a9","hash":"6a6cd3647a7d6085fe3166bfaf77f90c20427513"}
,"C:\\Users\\pamud\\Desktop\\PMS\\Project\\procurement-backend\\routes\\addItem.js": {"path":"C:\\Users\\pamud\\Desktop\\PMS\\Project\\procurement-backend\\routes\\addItem.js","statementMap":{"0":{"start":{"line":1,"column":16},"end":{"line":1,"column":34}},"1":{"start":{"line":2,"column":15},"end":{"line":2,"column":31}},"2":{"start":{"line":4,"column":15},"end":{"line":4,"column":47}},"3":{"start":{"line":6,"column":0},"end":{"line":32,"column":3}},"4":{"start":{"line":10,"column":15},"end":{"line":10,"column":57}},"5":{"start":{"line":11,"column":4},"end":{"line":11,"column":63}},"6":{"start":{"line":11,"column":13},"end":{"line":11,"column":63}},"7":{"start":{"line":15,"column":18},"end":{"line":21,"column":6}},"8":{"start":{"line":25,"column":4},"end":{"line":25,"column":25}},"9":{"start":{"line":29,"column":4},"end":{"line":29,"column":52}},"10":{"start":{"line":30,"column":4},"end":{"line":30,"column":10}},"11":{"start":{"line":36,"column":0},"end":{"line":36,"column":24}}},"fnMap":{"0":{"name":"(anonymous_0)","decl":{"start":{"line":6,"column":17},"end":{"line":6,"column":18}},"loc":{"start":{"line":6,"column":37},"end":{"line":32,"column":1}},"line":6}},"branchMap":{"0":{"loc":{"start":{"line":11,"column":4},"end":{"line":11,"column":63}},"type":"if","locations":[{"start":{"line":11,"column":4},"end":{"line":11,"column":63}},{"start":{"line":11,"column":4},"end":{"line":11,"column":63}}],"line":11}},"s":{"0":3,"1":3,"2":3,"3":3,"4":0,"5":0,"6":0,"7":0,"8":0,"9":0,"10":0,"11":3},"f":{"0":0},"b":{"0":[0,0]},"_coverageSchema":"1a1c01bbd47fc00a2c39e90264f33305004495a9","hash":"c091e51fcb0b985be52e6618cbfdffaca5a1a6d7"}
,"C:\\Users\\pamud\\Desktop\\PMS\\Project\\procurement-backend\\routes\\addProject.js": {"path":"C:\\Users\\pamud\\Desktop\\PMS\\Project\\procurement-backend\\routes\\addProject.js","statementMap":{"0":{"start":{"line":1,"column":16},"end":{"line":1,"column":34}},"1":{"start":{"line":2,"column":15},"end":{"line":2,"column":31}},"2":{"start":{"line":4,"column":18},"end":{"line":4,"column":53}},"3":{"start":{"line":7,"column":0},"end":{"line":34,"column":3}},"4":{"start":{"line":11,"column":18},"end":{"line":11,"column":68}},"5":{"start":{"line":12,"column":4},"end":{"line":12,"column":69}},"6":{"start":{"line":12,"column":16},"end":{"line":12,"column":69}},"7":{"start":{"line":16,"column":21},"end":{"line":23,"column":6}},"8":{"start":{"line":27,"column":4},"end":{"line":27,"column":28}},"9":{"start":{"line":31,"column":4},"end":{"line":31,"column":55}},"10":{"start":{"line":32,"column":4},"end":{"line":32,"column":10}},"11":{"start":{"line":36,"column":0},"end":{"line":36,"column":24}}},"fnMap":{"0":{"name":"(anonymous_0)","decl":{"start":{"line":7,"column":17},"end":{"line":7,"column":18}},"loc":{"start":{"line":7,"column":37},"end":{"line":34,"column":1}},"line":7}},"branchMap":{"0":{"loc":{"start":{"line":12,"column":4},"end":{"line":12,"column":69}},"type":"if","locations":[{"start":{"line":12,"column":4},"end":{"line":12,"column":69}},{"start":{"line":12,"column":4},"end":{"line":12,"column":69}}],"line":12}},"s":{"0":3,"1":3,"2":3,"3":3,"4":0,"5":0,"6":0,"7":0,"8":0,"9":0,"10":0,"11":3},"f":{"0":0},"b":{"0":[0,0]},"_coverageSchema":"1a1c01bbd47fc00a2c39e90264f33305004495a9","hash":"3c823d77cbe666e5091be5654d681e3a82aaad93"}
,"C:\\Users\\pamud\\Desktop\\PMS\\Project\\procurement-backend\\routes\\addUser.js": {"path":"C:\\Users\\pamud\\Desktop\\PMS\\Project\\procurement-backend\\routes\\addUser.js","statementMap":{"0":{"start":{"line":1,"column":16},"end":{"line":1,"column":34}},"1":{"start":{"line":2,"column":15},"end":{"line":2,"column":31}},"2":{"start":{"line":3,"column":15},"end":{"line":3,"column":32}},"3":{"start":{"line":5,"column":15},"end":{"line":5,"column":47}},"4":{"start":{"line":8,"column":0},"end":{"line":44,"column":3}},"5":{"start":{"line":12,"column":15},"end":{"line":12,"column":59}},"6":{"start":{"line":13,"column":4},"end":{"line":13,"column":68}},"7":{"start":{"line":13,"column":13},"end":{"line":13,"column":68}},"8":{"start":{"line":17,"column":18},"end":{"line":27,"column":6}},"9":{"start":{"line":31,"column":17},"end":{"line":31,"column":41}},"10":{"start":{"line":32,"column":4},"end":{"line":32,"column":64}},"11":{"start":{"line":36,"column":4},"end":{"line":36,"column":25}},"12":{"start":{"line":40,"column":4},"end":{"line":40,"column":61}},"13":{"start":{"line":42,"column":4},"end":{"line":42,"column":10}},"14":{"start":{"line":48,"column":0},"end":{"line":48,"column":24}}},"fnMap":{"0":{"name":"(anonymous_0)","decl":{"start":{"line":8,"column":17},"end":{"line":8,"column":18}},"loc":{"start":{"line":8,"column":37},"end":{"line":44,"column":1}},"line":8}},"branchMap":{"0":{"loc":{"start":{"line":13,"column":4},"end":{"line":13,"column":68}},"type":"if","locations":[{"start":{"line":13,"column":4},"end":{"line":13,"column":68}},{"start":{"line":13,"column":4},"end":{"line":13,"column":68}}],"line":13}},"s":{"0":3,"1":3,"2":3,"3":3,"4":3,"5":0,"6":0,"7":0,"8":0,"9":0,"10":0,"11":0,"12":0,"13":0,"14":3},"f":{"0":0},"b":{"0":[0,0]},"_coverageSchema":"1a1c01bbd47fc00a2c39e90264f33305004495a9","hash":"88a4ecd60847bdccc750ef4f200958817309611a"}
,"C:\\Users\\pamud\\Desktop\\PMS\\Project\\procurement-backend\\routes\\authUser.js": {"path":"C:\\Users\\pamud\\Desktop\\PMS\\Project\\procurement-backend\\routes\\authUser.js","statementMap":{"0":{"start":{"line":1,"column":16},"end":{"line":1,"column":34}},"1":{"start":{"line":2,"column":15},"end":{"line":2,"column":31}},"2":{"start":{"line":3,"column":15},"end":{"line":3,"column":32}},"3":{"start":{"line":4,"column":12},"end":{"line":4,"column":35}},"4":{"start":{"line":5,"column":12},"end":{"line":5,"column":38}},"5":{"start":{"line":7,"column":17},"end":{"line":7,"column":49}},"6":{"start":{"line":9,"column":0},"end":{"line":35,"column":3}},"7":{"start":{"line":12,"column":13},"end":{"line":12,"column":58}},"8":{"start":{"line":13,"column":2},"end":{"line":13,"column":59}},"9":{"start":{"line":13,"column":13},"end":{"line":13,"column":59}},"10":{"start":{"line":17,"column":24},"end":{"line":17,"column":78}},"11":{"start":{"line":18,"column":2},"end":{"line":18,"column":64}},"12":{"start":{"line":18,"column":22},"end":{"line":18,"column":64}},"13":{"start":{"line":22,"column":16},"end":{"line":25,"column":3}},"14":{"start":{"line":29,"column":2},"end":{"line":33,"column":5}},"15":{"start":{"line":34,"column":2},"end":{"line":34,"column":9}},"16":{"start":{"line":37,"column":0},"end":{"line":37,"column":24}}},"fnMap":{"0":{"name":"(anonymous_0)","decl":{"start":{"line":9,"column":17},"end":{"line":9,"column":18}},"loc":{"start":{"line":9,"column":37},"end":{"line":35,"column":1}},"line":9}},"branchMap":{"0":{"loc":{"start":{"line":13,"column":2},"end":{"line":13,"column":59}},"type":"if","locations":[{"start":{"line":13,"column":2},"end":{"line":13,"column":59}},{"start":{"line":13,"column":2},"end":{"line":13,"column":59}}],"line":13},"1":{"loc":{"start":{"line":18,"column":2},"end":{"line":18,"column":64}},"type":"if","locations":[{"start":{"line":18,"column":2},"end":{"line":18,"column":64}},{"start":{"line":18,"column":2},"end":{"line":18,"column":64}}],"line":18}},"s":{"0":3,"1":3,"2":3,"3":3,"4":3,"5":3,"6":3,"7":0,"8":0,"9":0,"10":0,"11":0,"12":0,"13":0,"14":0,"15":0,"16":3},"f":{"0":0},"b":{"0":[0,0],"1":[0,0]},"_coverageSchema":"1a1c01bbd47fc00a2c39e90264f33305004495a9","hash":"e1c939f7236387f948f639b6bedd17c8c5426d59"}
,"C:\\Users\\pamud\\Desktop\\PMS\\Project\\procurement-backend\\routes\\createDailyReport.js": {"path":"C:\\Users\\pamud\\Desktop\\PMS\\Project\\procurement-backend\\routes\\createDailyReport.js","statementMap":{"0":{"start":{"line":1,"column":16},"end":{"line":1,"column":34}},"1":{"start":{"line":2,"column":15},"end":{"line":2,"column":31}},"2":{"start":{"line":3,"column":12},"end":{"line":3,"column":38}},"3":{"start":{"line":4,"column":19},"end":{"line":4,"column":40}},"4":{"start":{"line":5,"column":24},"end":{"line":5,"column":63}},"5":{"start":{"line":7,"column":22},"end":{"line":7,"column":61}},"6":{"start":{"line":8,"column":15},"end":{"line":8,"column":47}},"7":{"start":{"line":9,"column":15},"end":{"line":9,"column":47}},"8":{"start":{"line":13,"column":0},"end":{"line":64,"column":3}},"9":{"start":{"line":24,"column":25},"end":{"line":31,"column":6}},"10":{"start":{"line":32,"column":4},"end":{"line":32,"column":32}},"11":{"start":{"line":35,"column":4},"end":{"line":59,"column":6}},"12":{"start":{"line":37,"column":8},"end":{"line":57,"column":10}},"13":{"start":{"line":39,"column":12},"end":{"line":39,"column":74}},"14":{"start":{"line":40,"column":12},"end":{"line":40,"column":23}},"15":{"start":{"line":42,"column":12},"end":{"line":42,"column":23}},"16":{"start":{"line":45,"column":12},"end":{"line":56,"column":13}},"17":{"start":{"line":48,"column":16},"end":{"line":54,"column":18}},"18":{"start":{"line":51,"column":33},"end":{"line":51,"column":35}},"19":{"start":{"line":52,"column":20},"end":{"line":52,"column":56}},"20":{"start":{"line":52,"column":35},"end":{"line":52,"column":55}},"21":{"start":{"line":53,"column":20},"end":{"line":53,"column":51}},"22":{"start":{"line":61,"column":4},"end":{"line":61,"column":62}},"23":{"start":{"line":62,"column":4},"end":{"line":62,"column":10}},"24":{"start":{"line":65,"column":18},"end":{"line":65,"column":76}},"25":{"start":{"line":67,"column":16},"end":{"line":79,"column":1}},"26":{"start":{"line":83,"column":19},"end":{"line":83,"column":75}},"27":{"start":{"line":84,"column":4},"end":{"line":84,"column":45}},"28":{"start":{"line":84,"column":24},"end":{"line":84,"column":44}},"29":{"start":{"line":86,"column":4},"end":{"line":86,"column":32}},"30":{"start":{"line":90,"column":21},"end":{"line":90,"column":34}},"31":{"start":{"line":91,"column":12},"end":{"line":91,"column":13}},"32":{"start":{"line":92,"column":17},"end":{"line":92,"column":18}},"33":{"start":{"line":93,"column":18},"end":{"line":93,"column":19}},"34":{"start":{"line":94,"column":22},"end":{"line":94,"column":24}},"35":{"start":{"line":95,"column":4},"end":{"line":130,"column":6}},"36":{"start":{"line":97,"column":8},"end":{"line":97,"column":27}},"37":{"start":{"line":98,"column":8},"end":{"line":106,"column":9}},"38":{"start":{"line":108,"column":8},"end":{"line":128,"column":11}},"39":{"start":{"line":109,"column":12},"end":{"line":127,"column":13}},"40":{"start":{"line":110,"column":16},"end":{"line":110,"column":24}},"41":{"start":{"line":111,"column":16},"end":{"line":111,"column":19}},"42":{"start":{"line":112,"column":16},"end":{"line":112,"column":35}},"43":{"start":{"line":113,"column":16},"end":{"line":116,"column":17}},"44":{"start":{"line":114,"column":20},"end":{"line":114,"column":70}},"45":{"start":{"line":120,"column":16},"end":{"line":120,"column":25}},"46":{"start":{"line":121,"column":16},"end":{"line":121,"column":19}},"47":{"start":{"line":122,"column":16},"end":{"line":125,"column":17}},"48":{"start":{"line":123,"column":20},"end":{"line":123,"column":67}},"49":{"start":{"line":136,"column":0},"end":{"line":136,"column":24}}},"fnMap":{"0":{"name":"(anonymous_0)","decl":{"start":{"line":13,"column":17},"end":{"line":13,"column":18}},"loc":{"start":{"line":13,"column":37},"end":{"line":64,"column":1}},"line":13},"1":{"name":"(anonymous_1)","decl":{"start":{"line":35,"column":33},"end":{"line":35,"column":34}},"loc":{"start":{"line":35,"column":38},"end":{"line":59,"column":5}},"line":35},"2":{"name":"(anonymous_2)","decl":{"start":{"line":38,"column":14},"end":{"line":38,"column":15}},"loc":{"start":{"line":38,"column":22},"end":{"line":43,"column":9}},"line":38},"3":{"name":"(anonymous_3)","decl":{"start":{"line":44,"column":14},"end":{"line":44,"column":15}},"loc":{"start":{"line":44,"column":22},"end":{"line":57,"column":9}},"line":44},"4":{"name":"(anonymous_4)","decl":{"start":{"line":50,"column":22},"end":{"line":50,"column":23}},"loc":{"start":{"line":50,"column":27},"end":{"line":54,"column":17}},"line":50},"5":{"name":"(anonymous_5)","decl":{"start":{"line":52,"column":30},"end":{"line":52,"column":31}},"loc":{"start":{"line":52,"column":35},"end":{"line":52,"column":55}},"line":52},"6":{"name":"getSEMails","decl":{"start":{"line":81,"column":15},"end":{"line":81,"column":25}},"loc":{"start":{"line":81,"column":28},"end":{"line":88,"column":1}},"line":81},"7":{"name":"(anonymous_7)","decl":{"start":{"line":84,"column":19},"end":{"line":84,"column":20}},"loc":{"start":{"line":84,"column":24},"end":{"line":84,"column":44}},"line":84},"8":{"name":"sendReorderEmails","decl":{"start":{"line":89,"column":9},"end":{"line":89,"column":26}},"loc":{"start":{"line":89,"column":41},"end":{"line":131,"column":1}},"line":89},"9":{"name":"(anonymous_9)","decl":{"start":{"line":95,"column":15},"end":{"line":95,"column":16}},"loc":{"start":{"line":95,"column":22},"end":{"line":130,"column":5}},"line":95},"10":{"name":"(anonymous_10)","decl":{"start":{"line":108,"column":42},"end":{"line":108,"column":43}},"loc":{"start":{"line":108,"column":63},"end":{"line":128,"column":9}},"line":108}},"branchMap":{"0":{"loc":{"start":{"line":45,"column":12},"end":{"line":56,"column":13}},"type":"if","locations":[{"start":{"line":45,"column":12},"end":{"line":56,"column":13}},{"start":{"line":45,"column":12},"end":{"line":56,"column":13}}],"line":45},"1":{"loc":{"start":{"line":109,"column":12},"end":{"line":127,"column":13}},"type":"if","locations":[{"start":{"line":109,"column":12},"end":{"line":127,"column":13}},{"start":{"line":109,"column":12},"end":{"line":127,"column":13}}],"line":109},"2":{"loc":{"start":{"line":113,"column":16},"end":{"line":116,"column":17}},"type":"if","locations":[{"start":{"line":113,"column":16},"end":{"line":116,"column":17}},{"start":{"line":113,"column":16},"end":{"line":116,"column":17}}],"line":113},"3":{"loc":{"start":{"line":122,"column":16},"end":{"line":125,"column":17}},"type":"if","locations":[{"start":{"line":122,"column":16},"end":{"line":125,"column":17}},{"start":{"line":122,"column":16},"end":{"line":125,"column":17}}],"line":122}},"s":{"0":3,"1":3,"2":3,"3":3,"4":3,"5":3,"6":3,"7":3,"8":3,"9":0,"10":0,"11":0,"12":0,"13":0,"14":0,"15":0,"16":0,"17":0,"18":0,"19":0,"20":0,"21":0,"22":0,"23":0,"24":3,"25":3,"26":0,"27":0,"28":0,"29":0,"30":0,"31":0,"32":0,"33":0,"34":0,"35":0,"36":0,"37":0,"38":0,"39":0,"40":0,"41":0,"42":0,"43":0,"44":0,"45":0,"46":0,"47":0,"48":0,"49":3},"f":{"0":0,"1":0,"2":0,"3":0,"4":0,"5":0,"6":0,"7":0,"8":0,"9":0,"10":0},"b":{"0":[0,0],"1":[0,0],"2":[0,0],"3":[0,0]},"_coverageSchema":"1a1c01bbd47fc00a2c39e90264f33305004495a9","hash":"3efa90025954b7e9dc8deadfbf517a5ab6376ff3"}
,"C:\\Users\\pamud\\Desktop\\PMS\\Project\\procurement-backend\\routes\\createGRN.js": {"path":"C:\\Users\\pamud\\Desktop\\PMS\\Project\\procurement-backend\\routes\\createGRN.js","statementMap":{"0":{"start":{"line":1,"column":16},"end":{"line":1,"column":34}},"1":{"start":{"line":2,"column":12},"end":{"line":2,"column":26}},"2":{"start":{"line":3,"column":15},"end":{"line":3,"column":31}},"3":{"start":{"line":5,"column":13},"end":{"line":5,"column":43}},"4":{"start":{"line":6,"column":14},"end":{"line":6,"column":45}},"5":{"start":{"line":7,"column":15},"end":{"line":7,"column":47}},"6":{"start":{"line":8,"column":15},"end":{"line":8,"column":47}},"7":{"start":{"line":9,"column":18},"end":{"line":9,"column":53}},"8":{"start":{"line":11,"column":0},"end":{"line":97,"column":3}},"9":{"start":{"line":13,"column":17},"end":{"line":25,"column":6}},"10":{"start":{"line":27,"column":17},"end":{"line":27,"column":36}},"11":{"start":{"line":30,"column":15},"end":{"line":30,"column":45}},"12":{"start":{"line":31,"column":4},"end":{"line":31,"column":28}},"13":{"start":{"line":32,"column":4},"end":{"line":32,"column":19}},"14":{"start":{"line":35,"column":17},"end":{"line":35,"column":18}},"15":{"start":{"line":36,"column":4},"end":{"line":39,"column":7}},"16":{"start":{"line":37,"column":20},"end":{"line":37,"column":61}},"17":{"start":{"line":38,"column":8},"end":{"line":38,"column":31}},"18":{"start":{"line":41,"column":4},"end":{"line":41,"column":37}},"19":{"start":{"line":44,"column":4},"end":{"line":61,"column":5}},"20":{"start":{"line":46,"column":25},"end":{"line":46,"column":83}},"21":{"start":{"line":47,"column":8},"end":{"line":52,"column":9}},"22":{"start":{"line":48,"column":12},"end":{"line":48,"column":75}},"23":{"start":{"line":51,"column":12},"end":{"line":51,"column":36}},"24":{"start":{"line":54,"column":8},"end":{"line":56,"column":9}},"25":{"start":{"line":55,"column":12},"end":{"line":55,"column":102}},"26":{"start":{"line":55,"column":62},"end":{"line":55,"column":102}},"27":{"start":{"line":57,"column":8},"end":{"line":57,"column":46}},"28":{"start":{"line":59,"column":8},"end":{"line":59,"column":23}},"29":{"start":{"line":64,"column":4},"end":{"line":83,"column":6}},"30":{"start":{"line":66,"column":8},"end":{"line":81,"column":10}},"31":{"start":{"line":68,"column":12},"end":{"line":68,"column":78}},"32":{"start":{"line":70,"column":12},"end":{"line":72,"column":13}},"33":{"start":{"line":71,"column":16},"end":{"line":71,"column":98}},"34":{"start":{"line":71,"column":62},"end":{"line":71,"column":98}},"35":{"start":{"line":73,"column":12},"end":{"line":73,"column":46}},"36":{"start":{"line":75,"column":12},"end":{"line":77,"column":13}},"37":{"start":{"line":76,"column":16},"end":{"line":76,"column":110}},"38":{"start":{"line":76,"column":68},"end":{"line":76,"column":110}},"39":{"start":{"line":78,"column":12},"end":{"line":78,"column":52}},"40":{"start":{"line":80,"column":12},"end":{"line":80,"column":23}},"41":{"start":{"line":86,"column":20},"end":{"line":86,"column":62}},"42":{"start":{"line":87,"column":4},"end":{"line":89,"column":5}},"43":{"start":{"line":88,"column":8},"end":{"line":88,"column":108}},"44":{"start":{"line":88,"column":63},"end":{"line":88,"column":108}},"45":{"start":{"line":90,"column":4},"end":{"line":90,"column":47}},"46":{"start":{"line":91,"column":4},"end":{"line":91,"column":24}},"47":{"start":{"line":93,"column":4},"end":{"line":93,"column":64}},"48":{"start":{"line":93,"column":15},"end":{"line":93,"column":64}},"49":{"start":{"line":95,"column":4},"end":{"line":95,"column":10}},"50":{"start":{"line":99,"column":0},"end":{"line":99,"column":24}}},"fnMap":{"0":{"name":"(anonymous_0)","decl":{"start":{"line":11,"column":17},"end":{"line":11,"column":18}},"loc":{"start":{"line":11,"column":37},"end":{"line":97,"column":1}},"line":11},"1":{"name":"(anonymous_1)","decl":{"start":{"line":36,"column":30},"end":{"line":36,"column":31}},"loc":{"start":{"line":36,"column":35},"end":{"line":39,"column":5}},"line":36},"2":{"name":"(anonymous_2)","decl":{"start":{"line":64,"column":30},"end":{"line":64,"column":31}},"loc":{"start":{"line":64,"column":35},"end":{"line":83,"column":5}},"line":64},"3":{"name":"(anonymous_3)","decl":{"start":{"line":67,"column":14},"end":{"line":67,"column":15}},"loc":{"start":{"line":67,"column":22},"end":{"line":81,"column":9}},"line":67}},"branchMap":{"0":{"loc":{"start":{"line":44,"column":4},"end":{"line":61,"column":5}},"type":"if","locations":[{"start":{"line":44,"column":4},"end":{"line":61,"column":5}},{"start":{"line":44,"column":4},"end":{"line":61,"column":5}}],"line":44},"1":{"loc":{"start":{"line":47,"column":8},"end":{"line":52,"column":9}},"type":"if","locations":[{"start":{"line":47,"column":8},"end":{"line":52,"column":9}},{"start":{"line":47,"column":8},"end":{"line":52,"column":9}}],"line":47},"2":{"loc":{"start":{"line":54,"column":8},"end":{"line":56,"column":9}},"type":"if","locations":[{"start":{"line":54,"column":8},"end":{"line":56,"column":9}},{"start":{"line":54,"column":8},"end":{"line":56,"column":9}}],"line":54},"3":{"loc":{"start":{"line":55,"column":12},"end":{"line":55,"column":102}},"type":"if","locations":[{"start":{"line":55,"column":12},"end":{"line":55,"column":102}},{"start":{"line":55,"column":12},"end":{"line":55,"column":102}}],"line":55},"4":{"loc":{"start":{"line":70,"column":12},"end":{"line":72,"column":13}},"type":"if","locations":[{"start":{"line":70,"column":12},"end":{"line":72,"column":13}},{"start":{"line":70,"column":12},"end":{"line":72,"column":13}}],"line":70},"5":{"loc":{"start":{"line":71,"column":16},"end":{"line":71,"column":98}},"type":"if","locations":[{"start":{"line":71,"column":16},"end":{"line":71,"column":98}},{"start":{"line":71,"column":16},"end":{"line":71,"column":98}}],"line":71},"6":{"loc":{"start":{"line":75,"column":12},"end":{"line":77,"column":13}},"type":"if","locations":[{"start":{"line":75,"column":12},"end":{"line":77,"column":13}},{"start":{"line":75,"column":12},"end":{"line":77,"column":13}}],"line":75},"7":{"loc":{"start":{"line":76,"column":16},"end":{"line":76,"column":110}},"type":"if","locations":[{"start":{"line":76,"column":16},"end":{"line":76,"column":110}},{"start":{"line":76,"column":16},"end":{"line":76,"column":110}}],"line":76},"8":{"loc":{"start":{"line":87,"column":4},"end":{"line":89,"column":5}},"type":"if","locations":[{"start":{"line":87,"column":4},"end":{"line":89,"column":5}},{"start":{"line":87,"column":4},"end":{"line":89,"column":5}}],"line":87},"9":{"loc":{"start":{"line":88,"column":8},"end":{"line":88,"column":108}},"type":"if","locations":[{"start":{"line":88,"column":8},"end":{"line":88,"column":108}},{"start":{"line":88,"column":8},"end":{"line":88,"column":108}}],"line":88},"10":{"loc":{"start":{"line":93,"column":4},"end":{"line":93,"column":64}},"type":"if","locations":[{"start":{"line":93,"column":4},"end":{"line":93,"column":64}},{"start":{"line":93,"column":4},"end":{"line":93,"column":64}}],"line":93}},"s":{"0":3,"1":3,"2":3,"3":3,"4":3,"5":3,"6":3,"7":3,"8":3,"9":0,"10":0,"11":0,"12":0,"13":0,"14":0,"15":0,"16":0,"17":0,"18":0,"19":0,"20":0,"21":0,"22":0,"23":0,"24":0,"25":0,"26":0,"27":0,"28":0,"29":0,"30":0,"31":0,"32":0,"33":0,"34":0,"35":0,"36":0,"37":0,"38":0,"39":0,"40":0,"41":0,"42":0,"43":0,"44":0,"45":0,"46":0,"47":0,"48":0,"49":0,"50":3},"f":{"0":0,"1":0,"2":0,"3":0},"b":{"0":[0,0],"1":[0,0],"2":[0,0],"3":[0,0],"4":[0,0],"5":[0,0],"6":[0,0],"7":[0,0],"8":[0,0],"9":[0,0],"10":[0,0]},"_coverageSchema":"1a1c01bbd47fc00a2c39e90264f33305004495a9","hash":"742f2f43886e2005c1106b792214ca972453e0d5"}
,"C:\\Users\\pamud\\Desktop\\PMS\\Project\\procurement-backend\\routes\\createMSR.js": {"path":"C:\\Users\\pamud\\Desktop\\PMS\\Project\\procurement-backend\\routes\\createMSR.js","statementMap":{"0":{"start":{"line":1,"column":16},"end":{"line":1,"column":34}},"1":{"start":{"line":2,"column":12},"end":{"line":2,"column":26}},"2":{"start":{"line":3,"column":15},"end":{"line":3,"column":31}},"3":{"start":{"line":4,"column":15},"end":{"line":4,"column":32}},"4":{"start":{"line":5,"column":12},"end":{"line":5,"column":35}},"5":{"start":{"line":6,"column":12},"end":{"line":6,"column":38}},"6":{"start":{"line":8,"column":14},"end":{"line":8,"column":45}},"7":{"start":{"line":11,"column":0},"end":{"line":38,"column":3}},"8":{"start":{"line":13,"column":4},"end":{"line":13,"column":25}},"9":{"start":{"line":22,"column":17},"end":{"line":30,"column":6}},"10":{"start":{"line":32,"column":4},"end":{"line":32,"column":24}},"11":{"start":{"line":34,"column":4},"end":{"line":34,"column":53}},"12":{"start":{"line":36,"column":4},"end":{"line":36,"column":10}},"13":{"start":{"line":42,"column":0},"end":{"line":42,"column":24}}},"fnMap":{"0":{"name":"(anonymous_0)","decl":{"start":{"line":11,"column":17},"end":{"line":11,"column":18}},"loc":{"start":{"line":11,"column":37},"end":{"line":38,"column":1}},"line":11}},"branchMap":{},"s":{"0":3,"1":3,"2":3,"3":3,"4":3,"5":3,"6":3,"7":3,"8":0,"9":0,"10":0,"11":0,"12":0,"13":3},"f":{"0":0},"b":{},"_coverageSchema":"1a1c01bbd47fc00a2c39e90264f33305004495a9","hash":"b2b9f9cd15a52c230debd2985ad3ff0455e61e89"}
,"C:\\Users\\pamud\\Desktop\\PMS\\Project\\procurement-backend\\routes\\createPO.js": {"path":"C:\\Users\\pamud\\Desktop\\PMS\\Project\\procurement-backend\\routes\\createPO.js","statementMap":{"0":{"start":{"line":1,"column":16},"end":{"line":1,"column":34}},"1":{"start":{"line":2,"column":12},"end":{"line":2,"column":26}},"2":{"start":{"line":3,"column":15},"end":{"line":3,"column":31}},"3":{"start":{"line":5,"column":13},"end":{"line":5,"column":43}},"4":{"start":{"line":6,"column":14},"end":{"line":6,"column":45}},"5":{"start":{"line":7,"column":13},"end":{"line":7,"column":43}},"6":{"start":{"line":10,"column":0},"end":{"line":38,"column":3}},"7":{"start":{"line":12,"column":16},"end":{"line":24,"column":6}},"8":{"start":{"line":26,"column":17},"end":{"line":26,"column":35}},"9":{"start":{"line":28,"column":15},"end":{"line":29,"column":44}},"10":{"start":{"line":31,"column":4},"end":{"line":31,"column":27}},"11":{"start":{"line":32,"column":4},"end":{"line":32,"column":19}},"12":{"start":{"line":34,"column":4},"end":{"line":34,"column":63}},"13":{"start":{"line":34,"column":15},"end":{"line":34,"column":63}},"14":{"start":{"line":36,"column":4},"end":{"line":36,"column":10}},"15":{"start":{"line":42,"column":0},"end":{"line":42,"column":24}}},"fnMap":{"0":{"name":"(anonymous_0)","decl":{"start":{"line":10,"column":17},"end":{"line":10,"column":18}},"loc":{"start":{"line":10,"column":37},"end":{"line":38,"column":1}},"line":10}},"branchMap":{"0":{"loc":{"start":{"line":34,"column":4},"end":{"line":34,"column":63}},"type":"if","locations":[{"start":{"line":34,"column":4},"end":{"line":34,"column":63}},{"start":{"line":34,"column":4},"end":{"line":34,"column":63}}],"line":34}},"s":{"0":3,"1":3,"2":3,"3":3,"4":3,"5":3,"6":3,"7":0,"8":0,"9":0,"10":0,"11":0,"12":0,"13":0,"14":0,"15":3},"f":{"0":0},"b":{"0":[0,0]},"_coverageSchema":"1a1c01bbd47fc00a2c39e90264f33305004495a9","hash":"500f2023585b041595cc28817b8f3c7568f8c1e1"}
,"C:\\Users\\pamud\\Desktop\\PMS\\Project\\procurement-backend\\routes\\createPR.js": {"path":"C:\\Users\\pamud\\Desktop\\PMS\\Project\\procurement-backend\\routes\\createPR.js","statementMap":{"0":{"start":{"line":1,"column":16},"end":{"line":1,"column":34}},"1":{"start":{"line":2,"column":12},"end":{"line":2,"column":26}},"2":{"start":{"line":3,"column":15},"end":{"line":3,"column":31}},"3":{"start":{"line":4,"column":15},"end":{"line":4,"column":32}},"4":{"start":{"line":5,"column":12},"end":{"line":5,"column":35}},"5":{"start":{"line":6,"column":12},"end":{"line":6,"column":38}},"6":{"start":{"line":8,"column":13},"end":{"line":8,"column":43}},"7":{"start":{"line":9,"column":14},"end":{"line":9,"column":45}},"8":{"start":{"line":12,"column":0},"end":{"line":36,"column":3}},"9":{"start":{"line":14,"column":16},"end":{"line":22,"column":6}},"10":{"start":{"line":24,"column":17},"end":{"line":24,"column":35}},"11":{"start":{"line":26,"column":16},"end":{"line":27,"column":44}},"12":{"start":{"line":29,"column":4},"end":{"line":29,"column":28}},"13":{"start":{"line":30,"column":4},"end":{"line":30,"column":20}},"14":{"start":{"line":32,"column":4},"end":{"line":32,"column":63}},"15":{"start":{"line":32,"column":15},"end":{"line":32,"column":63}},"16":{"start":{"line":34,"column":4},"end":{"line":34,"column":10}},"17":{"start":{"line":40,"column":0},"end":{"line":40,"column":24}}},"fnMap":{"0":{"name":"(anonymous_0)","decl":{"start":{"line":12,"column":17},"end":{"line":12,"column":18}},"loc":{"start":{"line":12,"column":37},"end":{"line":36,"column":1}},"line":12}},"branchMap":{"0":{"loc":{"start":{"line":32,"column":4},"end":{"line":32,"column":63}},"type":"if","locations":[{"start":{"line":32,"column":4},"end":{"line":32,"column":63}},{"start":{"line":32,"column":4},"end":{"line":32,"column":63}}],"line":32}},"s":{"0":3,"1":3,"2":3,"3":3,"4":3,"5":3,"6":3,"7":3,"8":3,"9":0,"10":0,"11":0,"12":0,"13":0,"14":0,"15":0,"16":0,"17":3},"f":{"0":0},"b":{"0":[0,0]},"_coverageSchema":"1a1c01bbd47fc00a2c39e90264f33305004495a9","hash":"7a963b2088fd354b8fc4943c2ba946d9b01b1dbf"}
,"C:\\Users\\pamud\\Desktop\\PMS\\Project\\procurement-backend\\routes\\getDUs.js": {"path":"C:\\Users\\pamud\\Desktop\\PMS\\Project\\procurement-backend\\routes\\getDUs.js","statementMap":{"0":{"start":{"line":1,"column":16},"end":{"line":1,"column":34}},"1":{"start":{"line":2,"column":12},"end":{"line":2,"column":26}},"2":{"start":{"line":3,"column":15},"end":{"line":3,"column":31}},"3":{"start":{"line":5,"column":22},"end":{"line":5,"column":61}},"4":{"start":{"line":7,"column":0},"end":{"line":22,"column":2}},"5":{"start":{"line":9,"column":16},"end":{"line":16,"column":6}},"6":{"start":{"line":19,"column":4},"end":{"line":19,"column":29}},"7":{"start":{"line":24,"column":0},"end":{"line":24,"column":24}}},"fnMap":{"0":{"name":"(anonymous_0)","decl":{"start":{"line":7,"column":15},"end":{"line":7,"column":16}},"loc":{"start":{"line":7,"column":40},"end":{"line":22,"column":1}},"line":7}},"branchMap":{},"s":{"0":3,"1":3,"2":3,"3":3,"4":3,"5":0,"6":0,"7":3},"f":{"0":0},"b":{},"_coverageSchema":"1a1c01bbd47fc00a2c39e90264f33305004495a9","hash":"f491a9987c1c9f3a6c0cdfec6f8757e3c3d97545"}
,"C:\\Users\\pamud\\Desktop\\PMS\\Project\\procurement-backend\\routes\\getGRNs.js": {"path":"C:\\Users\\pamud\\Desktop\\PMS\\Project\\procurement-backend\\routes\\getGRNs.js","statementMap":{"0":{"start":{"line":1,"column":16},"end":{"line":1,"column":34}},"1":{"start":{"line":2,"column":12},"end":{"line":2,"column":26}},"2":{"start":{"line":3,"column":15},"end":{"line":3,"column":31}},"3":{"start":{"line":5,"column":14},"end":{"line":5,"column":45}},"4":{"start":{"line":7,"column":0},"end":{"line":38,"column":2}},"5":{"start":{"line":9,"column":17},"end":{"line":32,"column":6}},"6":{"start":{"line":35,"column":4},"end":{"line":35,"column":30}},"7":{"start":{"line":42,"column":0},"end":{"line":42,"column":24}}},"fnMap":{"0":{"name":"(anonymous_0)","decl":{"start":{"line":7,"column":15},"end":{"line":7,"column":16}},"loc":{"start":{"line":7,"column":40},"end":{"line":38,"column":1}},"line":7}},"branchMap":{},"s":{"0":3,"1":3,"2":3,"3":3,"4":3,"5":0,"6":0,"7":3},"f":{"0":0},"b":{},"_coverageSchema":"1a1c01bbd47fc00a2c39e90264f33305004495a9","hash":"766f4af8d90023dbda2d459d87f1220b71cb1477"}
,"C:\\Users\\pamud\\Desktop\\PMS\\Project\\procurement-backend\\routes\\getItems.js": {"path":"C:\\Users\\pamud\\Desktop\\PMS\\Project\\procurement-backend\\routes\\getItems.js","statementMap":{"0":{"start":{"line":1,"column":16},"end":{"line":1,"column":34}},"1":{"start":{"line":2,"column":15},"end":{"line":2,"column":31}},"2":{"start":{"line":4,"column":15},"end":{"line":4,"column":47}},"3":{"start":{"line":6,"column":0},"end":{"line":14,"column":2}},"4":{"start":{"line":10,"column":18},"end":{"line":10,"column":62}},"5":{"start":{"line":12,"column":4},"end":{"line":12,"column":31}},"6":{"start":{"line":16,"column":0},"end":{"line":16,"column":24}}},"fnMap":{"0":{"name":"(anonymous_0)","decl":{"start":{"line":6,"column":15},"end":{"line":6,"column":16}},"loc":{"start":{"line":6,"column":40},"end":{"line":14,"column":1}},"line":6}},"branchMap":{},"s":{"0":3,"1":3,"2":3,"3":3,"4":0,"5":0,"6":3},"f":{"0":0},"b":{},"_coverageSchema":"1a1c01bbd47fc00a2c39e90264f33305004495a9","hash":"a715c485280f212da69bb66817d73722c2eef08d"}
,"C:\\Users\\pamud\\Desktop\\PMS\\Project\\procurement-backend\\routes\\getMSRs.js": {"path":"C:\\Users\\pamud\\Desktop\\PMS\\Project\\procurement-backend\\routes\\getMSRs.js","statementMap":{"0":{"start":{"line":1,"column":16},"end":{"line":1,"column":34}},"1":{"start":{"line":2,"column":12},"end":{"line":2,"column":26}},"2":{"start":{"line":3,"column":17},"end":{"line":3,"column":51}},"3":{"start":{"line":4,"column":15},"end":{"line":4,"column":31}},"4":{"start":{"line":5,"column":13},"end":{"line":5,"column":52}},"5":{"start":{"line":7,"column":16},"end":{"line":7,"column":47}},"6":{"start":{"line":9,"column":0},"end":{"line":14,"column":3}},"7":{"start":{"line":10,"column":15},"end":{"line":10,"column":52}},"8":{"start":{"line":13,"column":2},"end":{"line":13,"column":41}},"9":{"start":{"line":16,"column":0},"end":{"line":21,"column":3}},"10":{"start":{"line":17,"column":15},"end":{"line":17,"column":53}},"11":{"start":{"line":20,"column":2},"end":{"line":20,"column":41}},"12":{"start":{"line":22,"column":0},"end":{"line":27,"column":3}},"13":{"start":{"line":23,"column":15},"end":{"line":23,"column":53}},"14":{"start":{"line":26,"column":2},"end":{"line":26,"column":41}},"15":{"start":{"line":29,"column":0},"end":{"line":34,"column":3}},"16":{"start":{"line":30,"column":15},"end":{"line":30,"column":54}},"17":{"start":{"line":33,"column":2},"end":{"line":33,"column":41}},"18":{"start":{"line":36,"column":0},"end":{"line":48,"column":3}},"19":{"start":{"line":37,"column":2},"end":{"line":38,"column":46}},"20":{"start":{"line":38,"column":4},"end":{"line":38,"column":46}},"21":{"start":{"line":40,"column":14},"end":{"line":44,"column":24}},"22":{"start":{"line":47,"column":2},"end":{"line":47,"column":28}},"23":{"start":{"line":50,"column":0},"end":{"line":59,"column":3}},"24":{"start":{"line":51,"column":15},"end":{"line":55,"column":24}},"25":{"start":{"line":58,"column":2},"end":{"line":58,"column":29}},"26":{"start":{"line":61,"column":0},"end":{"line":61,"column":24}}},"fnMap":{"0":{"name":"(anonymous_0)","decl":{"start":{"line":9,"column":21},"end":{"line":9,"column":22}},"loc":{"start":{"line":9,"column":47},"end":{"line":14,"column":1}},"line":9},"1":{"name":"(anonymous_1)","decl":{"start":{"line":16,"column":30},"end":{"line":16,"column":31}},"loc":{"start":{"line":16,"column":56},"end":{"line":21,"column":1}},"line":16},"2":{"name":"(anonymous_2)","decl":{"start":{"line":22,"column":30},"end":{"line":22,"column":31}},"loc":{"start":{"line":22,"column":56},"end":{"line":27,"column":1}},"line":22},"3":{"name":"(anonymous_3)","decl":{"start":{"line":29,"column":32},"end":{"line":29,"column":33}},"loc":{"start":{"line":29,"column":58},"end":{"line":34,"column":1}},"line":29},"4":{"name":"(anonymous_4)","decl":{"start":{"line":36,"column":19},"end":{"line":36,"column":20}},"loc":{"start":{"line":36,"column":45},"end":{"line":48,"column":1}},"line":36},"5":{"name":"(anonymous_5)","decl":{"start":{"line":50,"column":22},"end":{"line":50,"column":23}},"loc":{"start":{"line":50,"column":48},"end":{"line":59,"column":1}},"line":50}},"branchMap":{"0":{"loc":{"start":{"line":37,"column":2},"end":{"line":38,"column":46}},"type":"if","locations":[{"start":{"line":37,"column":2},"end":{"line":38,"column":46}},{"start":{"line":37,"column":2},"end":{"line":38,"column":46}}],"line":37}},"s":{"0":3,"1":3,"2":3,"3":3,"4":3,"5":3,"6":3,"7":0,"8":0,"9":3,"10":0,"11":0,"12":3,"13":0,"14":0,"15":3,"16":0,"17":0,"18":3,"19":2,"20":1,"21":1,"22":1,"23":3,"24":1,"25":1,"26":3},"f":{"0":0,"1":0,"2":0,"3":0,"4":2,"5":1},"b":{"0":[1,1]},"_coverageSchema":"1a1c01bbd47fc00a2c39e90264f33305004495a9","hash":"e1620a44479991eeb034c8329d8e8dcbfd3adbae"}
,"C:\\Users\\pamud\\Desktop\\PMS\\Project\\procurement-backend\\routes\\getNo.js": {"path":"C:\\Users\\pamud\\Desktop\\PMS\\Project\\procurement-backend\\routes\\getNo.js","statementMap":{"0":{"start":{"line":1,"column":16},"end":{"line":1,"column":34}},"1":{"start":{"line":2,"column":12},"end":{"line":2,"column":26}},"2":{"start":{"line":3,"column":15},"end":{"line":3,"column":31}},"3":{"start":{"line":5,"column":14},"end":{"line":5,"column":45}},"4":{"start":{"line":6,"column":13},"end":{"line":6,"column":43}},"5":{"start":{"line":7,"column":13},"end":{"line":7,"column":43}},"6":{"start":{"line":8,"column":14},"end":{"line":8,"column":45}},"7":{"start":{"line":9,"column":22},"end":{"line":9,"column":61}},"8":{"start":{"line":11,"column":0},"end":{"line":29,"column":2}},"9":{"start":{"line":13,"column":16},"end":{"line":13,"column":69}},"10":{"start":{"line":15,"column":16},"end":{"line":15,"column":17}},"11":{"start":{"line":21,"column":4},"end":{"line":27,"column":5}},"12":{"start":{"line":22,"column":8},"end":{"line":22,"column":42}},"13":{"start":{"line":23,"column":8},"end":{"line":23,"column":46}},"14":{"start":{"line":26,"column":8},"end":{"line":26,"column":46}},"15":{"start":{"line":30,"column":0},"end":{"line":43,"column":2}},"16":{"start":{"line":32,"column":15},"end":{"line":32,"column":67}},"17":{"start":{"line":33,"column":16},"end":{"line":33,"column":17}},"18":{"start":{"line":35,"column":4},"end":{"line":41,"column":5}},"19":{"start":{"line":36,"column":8},"end":{"line":36,"column":40}},"20":{"start":{"line":37,"column":8},"end":{"line":37,"column":46}},"21":{"start":{"line":40,"column":8},"end":{"line":40,"column":46}},"22":{"start":{"line":44,"column":0},"end":{"line":56,"column":2}},"23":{"start":{"line":46,"column":15},"end":{"line":46,"column":67}},"24":{"start":{"line":47,"column":16},"end":{"line":47,"column":17}},"25":{"start":{"line":49,"column":4},"end":{"line":55,"column":5}},"26":{"start":{"line":50,"column":8},"end":{"line":50,"column":40}},"27":{"start":{"line":51,"column":8},"end":{"line":51,"column":46}},"28":{"start":{"line":54,"column":8},"end":{"line":54,"column":46}},"29":{"start":{"line":58,"column":0},"end":{"line":70,"column":2}},"30":{"start":{"line":60,"column":16},"end":{"line":60,"column":69}},"31":{"start":{"line":61,"column":16},"end":{"line":61,"column":17}},"32":{"start":{"line":63,"column":4},"end":{"line":69,"column":5}},"33":{"start":{"line":64,"column":8},"end":{"line":64,"column":42}},"34":{"start":{"line":65,"column":8},"end":{"line":65,"column":46}},"35":{"start":{"line":68,"column":8},"end":{"line":68,"column":46}},"36":{"start":{"line":72,"column":0},"end":{"line":85,"column":2}},"37":{"start":{"line":74,"column":19},"end":{"line":74,"column":80}},"38":{"start":{"line":75,"column":16},"end":{"line":75,"column":17}},"39":{"start":{"line":77,"column":4},"end":{"line":83,"column":5}},"40":{"start":{"line":78,"column":8},"end":{"line":78,"column":48}},"41":{"start":{"line":79,"column":8},"end":{"line":79,"column":46}},"42":{"start":{"line":82,"column":8},"end":{"line":82,"column":46}},"43":{"start":{"line":87,"column":0},"end":{"line":87,"column":24}}},"fnMap":{"0":{"name":"(anonymous_0)","decl":{"start":{"line":11,"column":18},"end":{"line":11,"column":19}},"loc":{"start":{"line":11,"column":43},"end":{"line":29,"column":1}},"line":11},"1":{"name":"(anonymous_1)","decl":{"start":{"line":30,"column":17},"end":{"line":30,"column":18}},"loc":{"start":{"line":30,"column":42},"end":{"line":43,"column":1}},"line":30},"2":{"name":"(anonymous_2)","decl":{"start":{"line":44,"column":17},"end":{"line":44,"column":18}},"loc":{"start":{"line":44,"column":42},"end":{"line":56,"column":1}},"line":44},"3":{"name":"(anonymous_3)","decl":{"start":{"line":58,"column":18},"end":{"line":58,"column":19}},"loc":{"start":{"line":58,"column":43},"end":{"line":70,"column":1}},"line":58},"4":{"name":"(anonymous_4)","decl":{"start":{"line":72,"column":20},"end":{"line":72,"column":21}},"loc":{"start":{"line":72,"column":45},"end":{"line":85,"column":1}},"line":72}},"branchMap":{"0":{"loc":{"start":{"line":21,"column":4},"end":{"line":27,"column":5}},"type":"if","locations":[{"start":{"line":21,"column":4},"end":{"line":27,"column":5}},{"start":{"line":21,"column":4},"end":{"line":27,"column":5}}],"line":21},"1":{"loc":{"start":{"line":35,"column":4},"end":{"line":41,"column":5}},"type":"if","locations":[{"start":{"line":35,"column":4},"end":{"line":41,"column":5}},{"start":{"line":35,"column":4},"end":{"line":41,"column":5}}],"line":35},"2":{"loc":{"start":{"line":49,"column":4},"end":{"line":55,"column":5}},"type":"if","locations":[{"start":{"line":49,"column":4},"end":{"line":55,"column":5}},{"start":{"line":49,"column":4},"end":{"line":55,"column":5}}],"line":49},"3":{"loc":{"start":{"line":63,"column":4},"end":{"line":69,"column":5}},"type":"if","locations":[{"start":{"line":63,"column":4},"end":{"line":69,"column":5}},{"start":{"line":63,"column":4},"end":{"line":69,"column":5}}],"line":63},"4":{"loc":{"start":{"line":77,"column":4},"end":{"line":83,"column":5}},"type":"if","locations":[{"start":{"line":77,"column":4},"end":{"line":83,"column":5}},{"start":{"line":77,"column":4},"end":{"line":83,"column":5}}],"line":77}},"s":{"0":3,"1":3,"2":3,"3":3,"4":3,"5":3,"6":3,"7":3,"8":3,"9":0,"10":0,"11":0,"12":0,"13":0,"14":0,"15":3,"16":0,"17":0,"18":0,"19":0,"20":0,"21":0,"22":3,"23":0,"24":0,"25":0,"26":0,"27":0,"28":0,"29":3,"30":0,"31":0,"32":0,"33":0,"34":0,"35":0,"36":3,"37":0,"38":0,"39":0,"40":0,"41":0,"42":0,"43":3},"f":{"0":0,"1":0,"2":0,"3":0,"4":0},"b":{"0":[0,0],"1":[0,0],"2":[0,0],"3":[0,0],"4":[0,0]},"_coverageSchema":"1a1c01bbd47fc00a2c39e90264f33305004495a9","hash":"7a72815ceea0ead6b0d8bc618182b210a0dec3b6"}
,"C:\\Users\\pamud\\Desktop\\PMS\\Project\\procurement-backend\\routes\\getPOs.js": {"path":"C:\\Users\\pamud\\Desktop\\PMS\\Project\\procurement-backend\\routes\\getPOs.js","statementMap":{"0":{"start":{"line":1,"column":16},"end":{"line":1,"column":34}},"1":{"start":{"line":2,"column":12},"end":{"line":2,"column":26}},"2":{"start":{"line":3,"column":15},"end":{"line":3,"column":31}},"3":{"start":{"line":5,"column":13},"end":{"line":5,"column":43}},"4":{"start":{"line":6,"column":13},"end":{"line":6,"column":43}},"5":{"start":{"line":7,"column":14},"end":{"line":7,"column":45}},"6":{"start":{"line":9,"column":0},"end":{"line":15,"column":2}},"7":{"start":{"line":11,"column":14},"end":{"line":11,"column":49}},"8":{"start":{"line":14,"column":2},"end":{"line":14,"column":39}},"9":{"start":{"line":17,"column":0},"end":{"line":23,"column":2}},"10":{"start":{"line":19,"column":14},"end":{"line":19,"column":73}},"11":{"start":{"line":22,"column":2},"end":{"line":22,"column":39}},"12":{"start":{"line":25,"column":0},"end":{"line":31,"column":2}},"13":{"start":{"line":27,"column":14},"end":{"line":27,"column":50}},"14":{"start":{"line":30,"column":2},"end":{"line":30,"column":39}},"15":{"start":{"line":33,"column":0},"end":{"line":54,"column":2}},"16":{"start":{"line":35,"column":16},"end":{"line":48,"column":40}},"17":{"start":{"line":51,"column":4},"end":{"line":51,"column":29}},"18":{"start":{"line":58,"column":0},"end":{"line":58,"column":24}}},"fnMap":{"0":{"name":"(anonymous_0)","decl":{"start":{"line":9,"column":28},"end":{"line":9,"column":29}},"loc":{"start":{"line":9,"column":53},"end":{"line":15,"column":1}},"line":9},"1":{"name":"(anonymous_1)","decl":{"start":{"line":17,"column":32},"end":{"line":17,"column":33}},"loc":{"start":{"line":17,"column":57},"end":{"line":23,"column":1}},"line":17},"2":{"name":"(anonymous_2)","decl":{"start":{"line":25,"column":32},"end":{"line":25,"column":33}},"loc":{"start":{"line":25,"column":57},"end":{"line":31,"column":1}},"line":25},"3":{"name":"(anonymous_3)","decl":{"start":{"line":33,"column":15},"end":{"line":33,"column":16}},"loc":{"start":{"line":33,"column":40},"end":{"line":54,"column":1}},"line":33}},"branchMap":{},"s":{"0":3,"1":3,"2":3,"3":3,"4":3,"5":3,"6":3,"7":0,"8":0,"9":3,"10":0,"11":0,"12":3,"13":0,"14":0,"15":3,"16":0,"17":0,"18":3},"f":{"0":0,"1":0,"2":0,"3":0},"b":{},"_coverageSchema":"1a1c01bbd47fc00a2c39e90264f33305004495a9","hash":"0d4751b67a25da7ac2efcdb0f8a40248224257fa"}
,"C:\\Users\\pamud\\Desktop\\PMS\\Project\\procurement-backend\\routes\\getPRs.js": {"path":"C:\\Users\\pamud\\Desktop\\PMS\\Project\\procurement-backend\\routes\\getPRs.js","statementMap":{"0":{"start":{"line":1,"column":16},"end":{"line":1,"column":34}},"1":{"start":{"line":2,"column":12},"end":{"line":2,"column":26}},"2":{"start":{"line":3,"column":15},"end":{"line":3,"column":31}},"3":{"start":{"line":5,"column":13},"end":{"line":5,"column":43}},"4":{"start":{"line":7,"column":0},"end":{"line":13,"column":2}},"5":{"start":{"line":9,"column":17},"end":{"line":9,"column":51}},"6":{"start":{"line":12,"column":4},"end":{"line":12,"column":42}},"7":{"start":{"line":15,"column":0},"end":{"line":21,"column":2}},"8":{"start":{"line":17,"column":16},"end":{"line":17,"column":50}},"9":{"start":{"line":20,"column":4},"end":{"line":20,"column":41}},"10":{"start":{"line":23,"column":0},"end":{"line":29,"column":2}},"11":{"start":{"line":25,"column":16},"end":{"line":25,"column":52}},"12":{"start":{"line":28,"column":4},"end":{"line":28,"column":41}},"13":{"start":{"line":31,"column":0},"end":{"line":47,"column":2}},"14":{"start":{"line":33,"column":16},"end":{"line":42,"column":6}},"15":{"start":{"line":45,"column":4},"end":{"line":45,"column":29}},"16":{"start":{"line":51,"column":0},"end":{"line":51,"column":24}}},"fnMap":{"0":{"name":"(anonymous_0)","decl":{"start":{"line":7,"column":20},"end":{"line":7,"column":21}},"loc":{"start":{"line":7,"column":45},"end":{"line":13,"column":1}},"line":7},"1":{"name":"(anonymous_1)","decl":{"start":{"line":15,"column":28},"end":{"line":15,"column":29}},"loc":{"start":{"line":15,"column":53},"end":{"line":21,"column":1}},"line":15},"2":{"name":"(anonymous_2)","decl":{"start":{"line":23,"column":31},"end":{"line":23,"column":32}},"loc":{"start":{"line":23,"column":56},"end":{"line":29,"column":1}},"line":23},"3":{"name":"(anonymous_3)","decl":{"start":{"line":31,"column":15},"end":{"line":31,"column":16}},"loc":{"start":{"line":31,"column":40},"end":{"line":47,"column":1}},"line":31}},"branchMap":{},"s":{"0":3,"1":3,"2":3,"3":3,"4":3,"5":0,"6":0,"7":3,"8":0,"9":0,"10":3,"11":0,"12":0,"13":3,"14":0,"15":0,"16":3},"f":{"0":0,"1":0,"2":0,"3":0},"b":{},"_coverageSchema":"1a1c01bbd47fc00a2c39e90264f33305004495a9","hash":"86d73750a1e47c47b232d05aff7361073fb34da6"}
,"C:\\Users\\pamud\\Desktop\\PMS\\Project\\procurement-backend\\routes\\getProjects.js": {"path":"C:\\Users\\pamud\\Desktop\\PMS\\Project\\procurement-backend\\routes\\getProjects.js","statementMap":{"0":{"start":{"line":1,"column":16},"end":{"line":1,"column":34}},"1":{"start":{"line":2,"column":15},"end":{"line":2,"column":31}},"2":{"start":{"line":4,"column":18},"end":{"line":4,"column":53}},"3":{"start":{"line":6,"column":0},"end":{"line":13,"column":2}},"4":{"start":{"line":10,"column":21},"end":{"line":10,"column":63}},"5":{"start":{"line":12,"column":4},"end":{"line":12,"column":34}},"6":{"start":{"line":15,"column":0},"end":{"line":15,"column":24}}},"fnMap":{"0":{"name":"(anonymous_0)","decl":{"start":{"line":6,"column":15},"end":{"line":6,"column":16}},"loc":{"start":{"line":6,"column":40},"end":{"line":13,"column":1}},"line":6}},"branchMap":{},"s":{"0":3,"1":3,"2":3,"3":3,"4":0,"5":0,"6":3},"f":{"0":0},"b":{},"_coverageSchema":"1a1c01bbd47fc00a2c39e90264f33305004495a9","hash":"a6c6c28318cd898aa9b275d01241cb3bb3cbbde8"}
,"C:\\Users\\pamud\\Desktop\\PMS\\Project\\procurement-backend\\routes\\getSiteEngineers.js": {"path":"C:\\Users\\pamud\\Desktop\\PMS\\Project\\procurement-backend\\routes\\getSiteEngineers.js","statementMap":{"0":{"start":{"line":1,"column":16},"end":{"line":1,"column":34}},"1":{"start":{"line":2,"column":12},"end":{"line":2,"column":26}},"2":{"start":{"line":3,"column":15},"end":{"line":3,"column":31}},"3":{"start":{"line":5,"column":15},"end":{"line":5,"column":47}},"4":{"start":{"line":7,"column":0},"end":{"line":13,"column":2}},"5":{"start":{"line":9,"column":16},"end":{"line":9,"column":76}},"6":{"start":{"line":12,"column":4},"end":{"line":12,"column":29}},"7":{"start":{"line":15,"column":0},"end":{"line":15,"column":24}}},"fnMap":{"0":{"name":"(anonymous_0)","decl":{"start":{"line":7,"column":15},"end":{"line":7,"column":16}},"loc":{"start":{"line":7,"column":40},"end":{"line":13,"column":1}},"line":7}},"branchMap":{},"s":{"0":3,"1":3,"2":3,"3":3,"4":3,"5":0,"6":0,"7":3},"f":{"0":0},"b":{},"_coverageSchema":"1a1c01bbd47fc00a2c39e90264f33305004495a9","hash":"fd98e45c70a3e2a84b8d8fbd7516369f4404af44"}
,"C:\\Users\\pamud\\Desktop\\PMS\\Project\\procurement-backend\\routes\\getSuppliers.js": {"path":"C:\\Users\\pamud\\Desktop\\PMS\\Project\\procurement-backend\\routes\\getSuppliers.js","statementMap":{"0":{"start":{"line":1,"column":16},"end":{"line":1,"column":34}},"1":{"start":{"line":2,"column":15},"end":{"line":2,"column":31}},"2":{"start":{"line":4,"column":15},"end":{"line":4,"column":47}},"3":{"start":{"line":6,"column":0},"end":{"line":13,"column":2}},"4":{"start":{"line":10,"column":22},"end":{"line":10,"column":77}},"5":{"start":{"line":12,"column":4},"end":{"line":12,"column":35}},"6":{"start":{"line":15,"column":0},"end":{"line":15,"column":24}}},"fnMap":{"0":{"name":"(anonymous_0)","decl":{"start":{"line":6,"column":20},"end":{"line":6,"column":21}},"loc":{"start":{"line":6,"column":45},"end":{"line":13,"column":1}},"line":6}},"branchMap":{},"s":{"0":3,"1":3,"2":3,"3":3,"4":0,"5":0,"6":3},"f":{"0":0},"b":{},"_coverageSchema":"1a1c01bbd47fc00a2c39e90264f33305004495a9","hash":"056e9103bce05312f75f0227cbe05d912b4f88c3"}
,"C:\\Users\\pamud\\Desktop\\PMS\\Project\\procurement-backend\\routes\\getUsers.js": {"path":"C:\\Users\\pamud\\Desktop\\PMS\\Project\\procurement-backend\\routes\\getUsers.js","statementMap":{"0":{"start":{"line":1,"column":16},"end":{"line":1,"column":34}},"1":{"start":{"line":2,"column":15},"end":{"line":2,"column":31}},"2":{"start":{"line":4,"column":17},"end":{"line":4,"column":49}},"3":{"start":{"line":6,"column":0},"end":{"line":10,"column":3}},"4":{"start":{"line":7,"column":16},"end":{"line":7,"column":55}},"5":{"start":{"line":9,"column":2},"end":{"line":9,"column":30}},"6":{"start":{"line":12,"column":0},"end":{"line":12,"column":24}}},"fnMap":{"0":{"name":"(anonymous_0)","decl":{"start":{"line":6,"column":16},"end":{"line":6,"column":17}},"loc":{"start":{"line":6,"column":42},"end":{"line":10,"column":1}},"line":6}},"branchMap":{},"s":{"0":3,"1":3,"2":3,"3":3,"4":1,"5":1,"6":3},"f":{"0":1},"b":{},"_coverageSchema":"1a1c01bbd47fc00a2c39e90264f33305004495a9","hash":"d6674baa4ee2acd4d402ae2b4c41e8832b755d40"}
,"C:\\Users\\pamud\\Desktop\\PMS\\Project\\procurement-backend\\routes\\updateItem.js": {"path":"C:\\Users\\pamud\\Desktop\\PMS\\Project\\procurement-backend\\routes\\updateItem.js","statementMap":{"0":{"start":{"line":1,"column":16},"end":{"line":1,"column":34}},"1":{"start":{"line":2,"column":12},"end":{"line":2,"column":26}},"2":{"start":{"line":3,"column":15},"end":{"line":3,"column":31}},"3":{"start":{"line":5,"column":15},"end":{"line":5,"column":47}},"4":{"start":{"line":7,"column":0},"end":{"line":18,"column":2}},"5":{"start":{"line":9,"column":17},"end":{"line":9,"column":70}},"6":{"start":{"line":10,"column":4},"end":{"line":10,"column":29}},"7":{"start":{"line":11,"column":4},"end":{"line":11,"column":29}},"8":{"start":{"line":12,"column":4},"end":{"line":12,"column":29}},"9":{"start":{"line":13,"column":4},"end":{"line":13,"column":37}},"10":{"start":{"line":14,"column":4},"end":{"line":14,"column":21}},"11":{"start":{"line":16,"column":4},"end":{"line":16,"column":65}},"12":{"start":{"line":20,"column":0},"end":{"line":20,"column":24}}},"fnMap":{"0":{"name":"(anonymous_0)","decl":{"start":{"line":7,"column":16},"end":{"line":7,"column":17}},"loc":{"start":{"line":7,"column":41},"end":{"line":18,"column":1}},"line":7}},"branchMap":{},"s":{"0":3,"1":3,"2":3,"3":3,"4":3,"5":0,"6":0,"7":0,"8":0,"9":0,"10":0,"11":0,"12":3},"f":{"0":0},"b":{},"_coverageSchema":"1a1c01bbd47fc00a2c39e90264f33305004495a9","hash":"f18fcbe093b7e8bc2e8b89a1f8a822cca54f6aee"}
,"C:\\Users\\pamud\\Desktop\\PMS\\Project\\procurement-backend\\routes\\updateMSR.js": {"path":"C:\\Users\\pamud\\Desktop\\PMS\\Project\\procurement-backend\\routes\\updateMSR.js","statementMap":{"0":{"start":{"line":1,"column":16},"end":{"line":1,"column":34}},"1":{"start":{"line":2,"column":12},"end":{"line":2,"column":26}},"2":{"start":{"line":3,"column":15},"end":{"line":3,"column":31}},"3":{"start":{"line":5,"column":14},"end":{"line":5,"column":45}},"4":{"start":{"line":7,"column":0},"end":{"line":23,"column":2}},"5":{"start":{"line":9,"column":16},"end":{"line":11,"column":40}},"6":{"start":{"line":13,"column":4},"end":{"line":13,"column":34}},"7":{"start":{"line":14,"column":4},"end":{"line":14,"column":34}},"8":{"start":{"line":15,"column":4},"end":{"line":15,"column":34}},"9":{"start":{"line":16,"column":4},"end":{"line":18,"column":5}},"10":{"start":{"line":17,"column":8},"end":{"line":17,"column":32}},"11":{"start":{"line":19,"column":4},"end":{"line":19,"column":20}},"12":{"start":{"line":21,"column":4},"end":{"line":21,"column":52}},"13":{"start":{"line":24,"column":0},"end":{"line":35,"column":2}},"14":{"start":{"line":26,"column":16},"end":{"line":28,"column":40}},"15":{"start":{"line":30,"column":4},"end":{"line":30,"column":34}},"16":{"start":{"line":31,"column":4},"end":{"line":31,"column":20}},"17":{"start":{"line":33,"column":4},"end":{"line":33,"column":46}},"18":{"start":{"line":39,"column":0},"end":{"line":39,"column":24}}},"fnMap":{"0":{"name":"(anonymous_0)","decl":{"start":{"line":7,"column":16},"end":{"line":7,"column":17}},"loc":{"start":{"line":7,"column":41},"end":{"line":23,"column":1}},"line":7},"1":{"name":"(anonymous_1)","decl":{"start":{"line":24,"column":25},"end":{"line":24,"column":26}},"loc":{"start":{"line":24,"column":50},"end":{"line":35,"column":1}},"line":24}},"branchMap":{"0":{"loc":{"start":{"line":16,"column":4},"end":{"line":18,"column":5}},"type":"if","locations":[{"start":{"line":16,"column":4},"end":{"line":18,"column":5}},{"start":{"line":16,"column":4},"end":{"line":18,"column":5}}],"line":16}},"s":{"0":3,"1":3,"2":3,"3":3,"4":3,"5":0,"6":0,"7":0,"8":0,"9":0,"10":0,"11":0,"12":0,"13":3,"14":0,"15":0,"16":0,"17":0,"18":3},"f":{"0":0,"1":0},"b":{"0":[0,0]},"_coverageSchema":"1a1c01bbd47fc00a2c39e90264f33305004495a9","hash":"2010d1d1b33cf185fceed26e1bf33064b8c0faff"}
,"C:\\Users\\pamud\\Desktop\\PMS\\Project\\procurement-backend\\routes\\updatePO.js": {"path":"C:\\Users\\pamud\\Desktop\\PMS\\Project\\procurement-backend\\routes\\updatePO.js","statementMap":{"0":{"start":{"line":1,"column":16},"end":{"line":1,"column":34}},"1":{"start":{"line":2,"column":12},"end":{"line":2,"column":26}},"2":{"start":{"line":3,"column":15},"end":{"line":3,"column":31}},"3":{"start":{"line":5,"column":13},"end":{"line":5,"column":43}},"4":{"start":{"line":7,"column":0},"end":{"line":25,"column":2}},"5":{"start":{"line":9,"column":15},"end":{"line":11,"column":40}},"6":{"start":{"line":13,"column":4},"end":{"line":13,"column":33}},"7":{"start":{"line":14,"column":4},"end":{"line":14,"column":33}},"8":{"start":{"line":15,"column":4},"end":{"line":15,"column":33}},"9":{"start":{"line":16,"column":4},"end":{"line":16,"column":46}},"10":{"start":{"line":18,"column":4},"end":{"line":20,"column":5}},"11":{"start":{"line":19,"column":8},"end":{"line":19,"column":32}},"12":{"start":{"line":21,"column":4},"end":{"line":21,"column":19}},"13":{"start":{"line":23,"column":4},"end":{"line":23,"column":51}},"14":{"start":{"line":41,"column":0},"end":{"line":41,"column":24}}},"fnMap":{"0":{"name":"(anonymous_0)","decl":{"start":{"line":7,"column":16},"end":{"line":7,"column":17}},"loc":{"start":{"line":7,"column":41},"end":{"line":25,"column":1}},"line":7}},"branchMap":{"0":{"loc":{"start":{"line":18,"column":4},"end":{"line":20,"column":5}},"type":"if","locations":[{"start":{"line":18,"column":4},"end":{"line":20,"column":5}},{"start":{"line":18,"column":4},"end":{"line":20,"column":5}}],"line":18}},"s":{"0":3,"1":3,"2":3,"3":3,"4":3,"5":0,"6":0,"7":0,"8":0,"9":0,"10":0,"11":0,"12":0,"13":0,"14":3},"f":{"0":0},"b":{"0":[0,0]},"_coverageSchema":"1a1c01bbd47fc00a2c39e90264f33305004495a9","hash":"8eb73008372a0636ba0f7321836ee143a3e62c59"}
,"C:\\Users\\pamud\\Desktop\\PMS\\Project\\procurement-backend\\routes\\updateUser.js": {"path":"C:\\Users\\pamud\\Desktop\\PMS\\Project\\procurement-backend\\routes\\updateUser.js","statementMap":{"0":{"start":{"line":1,"column":16},"end":{"line":1,"column":34}},"1":{"start":{"line":2,"column":12},"end":{"line":2,"column":26}},"2":{"start":{"line":3,"column":15},"end":{"line":3,"column":31}},"3":{"start":{"line":4,"column":15},"end":{"line":4,"column":32}},"4":{"start":{"line":6,"column":15},"end":{"line":6,"column":47}},"5":{"start":{"line":8,"column":0},"end":{"line":23,"column":2}},"6":{"start":{"line":10,"column":17},"end":{"line":10,"column":55}},"7":{"start":{"line":11,"column":4},"end":{"line":11,"column":42}},"8":{"start":{"line":12,"column":4},"end":{"line":12,"column":36}},"9":{"start":{"line":13,"column":4},"end":{"line":13,"column":44}},"10":{"start":{"line":14,"column":4},"end":{"line":14,"column":40}},"11":{"start":{"line":16,"column":17},"end":{"line":16,"column":41}},"12":{"start":{"line":17,"column":4},"end":{"line":17,"column":58}},"13":{"start":{"line":19,"column":4},"end":{"line":19,"column":21}},"14":{"start":{"line":21,"column":4},"end":{"line":21,"column":74}},"15":{"start":{"line":25,"column":0},"end":{"line":31,"column":2}},"16":{"start":{"line":27,"column":17},"end":{"line":27,"column":60}},"17":{"start":{"line":29,"column":4},"end":{"line":29,"column":52}},"18":{"start":{"line":32,"column":0},"end":{"line":32,"column":24}}},"fnMap":{"0":{"name":"(anonymous_0)","decl":{"start":{"line":8,"column":16},"end":{"line":8,"column":17}},"loc":{"start":{"line":8,"column":41},"end":{"line":23,"column":1}},"line":8},"1":{"name":"(anonymous_1)","decl":{"start":{"line":25,"column":26},"end":{"line":25,"column":27}},"loc":{"start":{"line":25,"column":51},"end":{"line":31,"column":1}},"line":25}},"branchMap":{},"s":{"0":3,"1":3,"2":3,"3":3,"4":3,"5":3,"6":0,"7":0,"8":0,"9":0,"10":0,"11":0,"12":0,"13":0,"14":0,"15":3,"16":0,"17":0,"18":3},"f":{"0":0,"1":0},"b":{},"_coverageSchema":"1a1c01bbd47fc00a2c39e90264f33305004495a9","hash":"40d0608f9fa5b9e251d3c45d7e225010d2910de8"}
}
